Installing packages from: /home/domeally/workspaces/vscode-rbioc/slurm_install/pkgs_006.txt
Target library: /packages/singularity/shared_cache/rbioc/rlibs/bioc-3.22
Installing fda...
ℹ Loading metadata database
✔ Loading metadata database ... done

 
→ Will install 17 packages.
→ Will download 14 CRAN packages (14.52 MB), cached: 3 (927.70 kB).
+ ash         1.0-15    [bld][cmp][dl] (7.04 kB)
+ bitops      1.0-9     [bld][cmp]
+ deSolve     1.40      [bld][cmp][dl] (2.01 MB)
+ fda         6.3.0     [bld][dl] (1.87 MB)
+ fds         1.8       [bld][dl] (3.86 MB)
+ FNN         1.1.4.1   [bld][cmp]
+ hdrcde      3.4       [bld][cmp][dl] (62.28 kB)
+ kernlab     0.9-33    [bld][cmp][dl] (1.03 MB)
+ ks          1.15.1    [bld][cmp][dl] (1.13 MB)
+ locfit      1.5-9.12  [bld][cmp][dl] (207.11 kB)
+ mclust      6.1.2     [bld][cmp][dl] (2.78 MB)
+ multicool   1.0.1     [bld][cmp][dl] (14.97 kB)
+ mvtnorm     1.3-3     [bld][cmp]
+ pcaPP       2.0-5     [bld][cmp][dl] (200.52 kB)
+ pracma      2.4.6     [bld][dl] (398.69 kB)
+ rainbow     3.8       [bld][dl] (244.16 kB)
+ RCurl       1.98-1.17 [bld][cmp][dl] (717.91 kB) + ✔ make, ✔ libcurl4-openssl-dev
✔ All system requirements are already installed.
  
ℹ Getting 14 pkgs (14.52 MB), 3 (927.70 kB) cached
✔ Got ash 1.0-15 (source) (7.04 kB)
✔ Got ks 1.15.1 (source) (1.13 MB)
✔ Got deSolve 1.40 (source) (2.01 MB)
✔ Got fda 6.3.0 (source) (1.87 MB)
✔ Got rainbow 3.8 (source) (244.16 kB)
✔ Got hdrcde 3.4 (source) (62.28 kB)
✔ Got pcaPP 2.0-5 (source) (200.52 kB)
✔ Got mclust 6.1.2 (source) (2.78 MB)
✔ Got pracma 2.4.6 (source) (398.69 kB)
✔ Got kernlab 0.9-33 (source) (1.03 MB)
✔ Got locfit 1.5-9.12 (source) (207.11 kB)
✔ Got RCurl 1.98-1.17 (source) (717.91 kB)
✔ Got multicool 1.0.1 (source) (14.97 kB)
✔ Got fds 1.8 (source) (3.86 MB)
ℹ Building ash 1.0-15
ℹ Building bitops 1.0-9
ℹ Building deSolve 1.40
ℹ Building FNN 1.1.4.1
ℹ Building kernlab 0.9-33
ℹ Building locfit 1.5-9.12
ℹ Building mclust 6.1.2
ℹ Building multicool 1.0.1
ℹ Building mvtnorm 1.3-3
ℹ Building pracma 2.4.6
✔ Built bitops 1.0-9 (3.8s)
✔ Built ash 1.0-15 (4.1s)
✔ Installed bitops 1.0-9  (264ms)
ℹ Building RCurl 1.98-1.17
✔ Installed ash 1.0-15  (438ms)
✔ Built mvtnorm 1.3-3 (10.9s)
✔ Installed mvtnorm 1.3-3  (376ms)
ℹ Building pcaPP 2.0-5
✔ Built pracma 2.4.6 (24.4s)
✔ Installed pracma 2.4.6  (204ms)
✔ Built locfit 1.5-9.12 (25.2s)
✔ Built FNN 1.1.4.1 (25.4s)
✔ Installed FNN 1.1.4.1  (139ms)
✔ Installed locfit 1.5-9.12  (374ms)
✔ Built multicool 1.0.1 (26.8s)
✔ Installed multicool 1.0.1  (157ms)
✔ Built pcaPP 2.0-5 (16.9s)
✔ Installed pcaPP 2.0-5  (166ms)
✔ Built RCurl 1.98-1.17 (30.7s)
✔ Built mclust 6.1.2 (35.1s)
✔ Built deSolve 1.40 (35.7s)
✔ Installed RCurl 1.98-1.17  (413ms)
✔ Installed mclust 6.1.2  (387ms)
✔ Installed deSolve 1.40  (1.5s)
✔ Built kernlab 0.9-33 (38.2s)
✔ Installed kernlab 0.9-33  (1.3s)
ℹ Building ks 1.15.1
✔ Built ks 1.15.1 (10.3s)
✔ Installed ks 1.15.1  (291ms)
ℹ Building hdrcde 3.4
✔ Built hdrcde 3.4 (2.6s)
✔ Installed hdrcde 3.4  (165ms)
ℹ Building rainbow 3.8
✔ Built rainbow 3.8 (5.5s)
✔ Installed rainbow 3.8  (180ms)
ℹ Building fds 1.8
✔ Built fds 1.8 (11.2s)
✔ Installed fds 1.8  (191ms)
ℹ Building fda 6.3.0
✔ Built fda 6.3.0 (14s)
✔ Installed fda 6.3.0  (318ms)
✔ 1 pkg + 41 deps: kept 24, added 17, dld 14 (14.52 MB) [1m 36.7s]
Installing fdrtool...
 
→ Will install 1 package.
→ Will download 1 CRAN package (60.02 kB).
+ fdrtool   1.2.18 [bld][cmp][dl] (60.02 kB)
  
ℹ Getting 1 pkg (60.02 kB)
✔ Got fdrtool 1.2.18 (source) (60.02 kB)
ℹ Building fdrtool 1.2.18
✔ Built fdrtool 1.2.18 (1.7s)
✔ Installed fdrtool 1.2.18  (1.1s)
✔ 1 pkg: added 1, dld 1 (60.02 kB) [5.2s]
Installing fds...
 
✔ All system requirements are already installed.
  
ℹ No downloads are needed
✔ 1 pkg + 39 deps: kept 39 [1.5s]
Installing feather...
 
→ Will install 3 packages.
→ Will download 3 CRAN packages (4.26 MB).
+ arrow        22.0.0.1 [bld][cmp][dl] (4.24 MB) + ✔ cmake, ✔ libcurl4-openssl-dev, ✔ libssl-dev
+ assertthat   0.2.1    [bld][dl] (12.74 kB)
+ feather      0.4.0    [bld][cmp][dl] (8.51 kB)
✔ All system requirements are already installed.
  
ℹ Getting 3 pkgs (4.26 MB)
✔ Got assertthat 0.2.1 (source) (12.74 kB)
✔ Got feather 0.4.0 (source) (8.51 kB)
✔ Got arrow 22.0.0.1 (source) (4.24 MB)
ℹ Building assertthat 0.2.1
✔ Built assertthat 0.2.1 (1.2s)
✔ Installed assertthat 0.2.1  (1.1s)
ℹ Building arrow 22.0.0.1
✔ Built arrow 22.0.0.1 (4m 16.7s)
✔ Installed arrow 22.0.0.1  (1.3s)
ℹ Building feather 0.4.0
✔ Built feather 0.4.0 (2.1s)
✔ Installed feather 0.4.0  (1.1s)
✔ 1 pkg + 15 deps: kept 13, added 3, dld 3 (4.26 MB) [4m 26.1s]
Installing fftwtools...
 
→ Will install 1 package.
→ Will download 1 CRAN package (174.32 kB).
+ fftwtools   0.9-11 [bld][cmp][dl] (174.32 kB) + ✔ libfftw3-dev
✔ All system requirements are already installed.
  
ℹ Getting 1 pkg (174.32 kB)
✔ Got fftwtools 0.9-11 (source) (174.32 kB)
ℹ Building fftwtools 0.9-11
✔ Built fftwtools 0.9-11 (2.7s)
✔ Installed fftwtools 0.9-11  (1.1s)
✔ 1 pkg: added 1, dld 1 (174.32 kB) [5.5s]
Installing fGarch...
 
→ Will install 7 packages.
→ Will download 7 CRAN packages (3.44 MB).
+ cvar         0.6      [bld][dl] (128.01 kB)
+ fastICA      1.2-7    [bld][cmp][dl] (11.77 kB)
+ fBasics      4052.98  [bld][cmp][dl] (939.04 kB)
+ fGarch       4052.93  [bld][cmp][dl] (191.44 kB)
+ gbutils      0.5.1    [bld][dl] (168.07 kB)
+ gss          2.2-10   [bld][cmp][dl] (545.24 kB)
+ timeSeries   4052.112 [bld][dl] (1.46 MB)
  
ℹ Getting 7 pkgs (3.44 MB)
✔ Cached copy of timeSeries 4052.112 (source) is the latest build
✔ Got cvar 0.6 (source) (128.01 kB)
✔ Got fastICA 1.2-7 (source) (11.77 kB)
✔ Got gbutils 0.5.1 (source) (168.07 kB)
✔ Got fGarch 4052.93 (source) (191.44 kB)
✔ Got gss 2.2-10 (source) (545.24 kB)
✔ Got fBasics 4052.98 (source) (939.04 kB)
ℹ Building fastICA 1.2-7
ℹ Building gbutils 0.5.1
ℹ Building gss 2.2-10
ℹ Building timeSeries 4052.112
✔ Built fastICA 1.2-7 (2.1s)
✔ Built gbutils 0.5.1 (2.2s)
✔ Installed fastICA 1.2-7  (126ms)
✔ Installed gbutils 0.5.1  (159ms)
ℹ Building cvar 0.6
✔ Built cvar 0.6 (1.4s)
✔ Installed cvar 0.6  (147ms)
✔ Built timeSeries 4052.112 (6.4s)
✔ Installed timeSeries 4052.112  (573ms)
✔ Built gss 2.2-10 (20.8s)
✔ Installed gss 2.2-10  (250ms)
ℹ Building fBasics 4052.98
✔ Built fBasics 4052.98 (35.1s)
✔ Installed fBasics 4052.98  (351ms)
ℹ Building fGarch 4052.93
✔ Built fGarch 4052.93 (6.7s)
✔ Installed fGarch 4052.93  (1.2s)
✔ 1 pkg + 14 deps: kept 8, added 7, dld 6 (1.98 MB) [1m 7.8s]
Installing fgsea...
 
→ Will install 3 packages.
→ Will download 1 CRAN package (15.65 kB), cached: 2 (14.31 MB).
+ BH          1.90.0-1 [bld]
+ fastmatch   1.1-6    [bld][cmp][dl] (15.65 kB)
+ fgsea       1.36.0   [bld][cmp]
  
ℹ Getting 1 pkg (15.65 kB), 2 (14.31 MB) cached
✔ Got fastmatch 1.1-6 (source) (15.65 kB)
✔ Got fgsea 1.36.0 (source) (6.17 MB)
ℹ Building fastmatch 1.1-6
✔ Built fastmatch 1.1-6 (1.7s)
✔ Installed fastmatch 1.1-6  (125ms)
✔ Installed BH 1.90.0-1  (1m 36.3s)
ℹ Building fgsea 1.36.0
✖ Failed to build fgsea 1.36.0 (700ms)
  FAILED: ! error in pak subprocess
Caused by error in `stop_task_build(state, worker)`:
! Failed to build source package fgsea.
Full installation output:
ERROR: dependency ‘BH’ is not available for package ‘fgsea’
Perhaps try a variation of:
install.packages('BH')
* removing ‘/tmp/RtmpnbTRgE/pkg-lib1711e53684ffb0/fgsea’
Installing fields...
 
→ Will install 2 packages.
→ All 2 packages (6.33 MB) are cached.
+ fields   17.1  [bld][cmp]
+ maps     3.4.3 [bld][cmp]
  
ℹ No downloads are needed, 2 pkgs (6.33 MB) are cached
ℹ Building maps 3.4.3
✔ Built maps 3.4.3 (5.9s)
✔ Installed maps 3.4.3  (327ms)
ℹ Building fields 17.1
✔ Built fields 17.1 (10.7s)
✔ Installed fields 17.1  (1.2s)
✔ 1 pkg + 6 deps: kept 4, added 2 [20.7s]
Installing filelock...
 
  
ℹ No downloads are needed
✔ 1 pkg: kept 1 [749ms]
Installing finetune...
 
→ Will install 1 package.
→ Will download 1 CRAN package (130.89 kB).
+ finetune   1.2.1 [bld][dl] (130.89 kB)
✔ All system requirements are already installed.
  
ℹ Getting 1 pkg (130.89 kB)
✔ Got finetune 1.2.1 (source) (130.89 kB)
ℹ Building finetune 1.2.1
✔ Built finetune 1.2.1 (7.7s)
✔ Installed finetune 1.2.1  (1.1s)
✔ 1 pkg + 78 deps: kept 77, added 1, dld 1 (130.89 kB) [12s]
Installing fission...
 
→ Will install 1 package.
→ The package (0 B) is cached.
+ fission   1.30.0 [bld]
  
ℹ No downloads are needed, 1 pkg is cached
✔ Got fission 1.30.0 (source) (437.23 kB)
ℹ Building fission 1.30.0
✔ Built fission 1.30.0 (7.4s)
✔ Installed fission 1.30.0  (157ms)
✔ 1 pkg + 17 deps: kept 17, added 1, dld 1 (437.23 kB) [10s]
Installing fit.models...
 
→ Will install 1 package.
→ Will download 1 CRAN package (32.49 kB).
+ fit.models   0.64 [bld][dl] (32.49 kB)
  
ℹ Getting 1 pkg (32.49 kB)
✔ Got fit.models 0.64 (source) (32.49 kB)
ℹ Building fit.models 0.64
✔ Built fit.models 0.64 (1.8s)
✔ Installed fit.models 0.64  (121ms)
✔ 1 pkg + 1 dep: kept 1, added 1, dld 1 (32.49 kB) [3.6s]
Installing fitdistrplus...
 
  
ℹ No downloads are needed
✔ 1 pkg + 5 deps: kept 6 [983ms]
Installing flashClust...
 
→ Will install 1 package.
→ Will download 1 CRAN package (8.37 kB).
+ flashClust   1.01-2 [bld][cmp][dl] (8.37 kB)
  
ℹ Getting 1 pkg (8.37 kB)
✔ Got flashClust 1.01-2 (source) (8.37 kB)
ℹ Building flashClust 1.01-2
✔ Built flashClust 1.01-2 (1.2s)
✔ Installed flashClust 1.01-2  (125ms)
✔ 1 pkg: added 1, dld 1 (8.37 kB) [3.2s]
Installing flexclust...
 
→ Will install 1 package.
→ Will download 1 CRAN package (171.36 kB).
+ flexclust   1.5.0 [bld][cmp][dl] (171.36 kB)
  
ℹ Getting 1 pkg (171.36 kB)
✔ Got flexclust 1.5.0 (source) (171.36 kB)
ℹ Building flexclust 1.5.0
✔ Built flexclust 1.5.0 (5.5s)
✔ Installed flexclust 1.5.0  (1.2s)
✔ 1 pkg + 4 deps: kept 4, added 1, dld 1 (171.36 kB) [8.5s]
Installing flexdashboard...
 
→ Will install 1 package.
→ Will download 1 CRAN package (304.63 kB).
+ flexdashboard   0.6.2 [bld][dl] (304.63 kB)
✔ All system requirements are already installed.
  
ℹ Getting 1 pkg (304.63 kB)
✔ Got flexdashboard 0.6.2 (source) (304.63 kB)
ℹ Building flexdashboard 0.6.2
✔ Built flexdashboard 0.6.2 (2s)
✔ Installed flexdashboard 0.6.2  (448ms)
✔ 1 pkg + 43 deps: kept 42, added 1, dld 1 (304.63 kB) [5.2s]
Installing flexmix...
 
  
ℹ No downloads are needed
✔ 1 pkg + 3 deps: kept 4 [1.1s]
Installing flexsurv...
 
→ Will install 3 packages.
→ Will download 3 CRAN packages (2.92 MB).
+ flexsurv   2.3.2   [bld][cmp][dl] (1.97 MB)
+ mstate     0.3.3   [bld][cmp][dl] (922.11 kB)
+ muhaz      1.2.6.4 [bld][cmp][dl] (28.42 kB)
✔ All system requirements are already installed.
  
ℹ Getting 3 pkgs (2.92 MB)
✔ Got mstate 0.3.3 (source) (922.11 kB)
✔ Got flexsurv 2.3.2 (source) (1.97 MB)
✔ Got muhaz 1.2.6.4 (source) (28.42 kB)
ℹ Building mstate 0.3.3
ℹ Building muhaz 1.2.6.4
✔ Built muhaz 1.2.6.4 (3.2s)
✔ Installed muhaz 1.2.6.4  (125ms)
✔ Built mstate 0.3.3 (6.3s)
✔ Installed mstate 0.3.3  (247ms)
ℹ Building flexsurv 2.3.2
✔ Built flexsurv 2.3.2 (29.9s)
✔ Installed flexsurv 2.3.2  (1.3s)
✔ 1 pkg + 49 deps: kept 46, added 3, dld 3 (2.92 MB) [40.9s]
Installing flextable...
 
→ Will install 1 package.
→ Will download 1 CRAN package (1.33 MB).
+ flextable   0.9.10 [bld][dl] (1.33 MB)
✔ All system requirements are already installed.
  
ℹ Getting 1 pkg (1.33 MB)
✔ Got flextable 0.9.10 (source) (1.33 MB)
ℹ Building flextable 0.9.10
✔ Built flextable 0.9.10 (11.3s)
✔ Installed flextable 0.9.10  (290ms)
✔ 1 pkg + 56 deps: kept 55, added 1, dld 1 (1.33 MB) [14.2s]
Installing float...
 
→ Will install 1 package.
→ Will download 1 CRAN package (1.44 MB).
+ float   0.3-3 [bld][cmp][dl] (1.44 MB)
  
ℹ Getting 1 pkg (1.44 MB)
✔ Got float 0.3-3 (source) (1.44 MB)
ℹ Building float 0.3-3
✔ Built float 0.3-3 (13.9s)
✔ Installed float 0.3-3  (275ms)
✔ 1 pkg: added 1, dld 1 (1.44 MB) [16.4s]
Installing flock...
 
→ Will install 1 package.
→ Will download 1 CRAN package (4.05 kB).
+ flock   0.7 [bld][cmp][dl] (4.05 kB)
  
ℹ Getting 1 pkg (4.05 kB)
✔ Got flock 0.7 (source) (4.05 kB)
ℹ Building flock 0.7
✔ Built flock 0.7 (6.5s)
✔ Installed flock 0.7  (143ms)
✔ 1 pkg + 1 dep: added 1, dld 1 (4.05 kB) [8.5s]
Installing flow...
 
→ Will install 4 packages.
→ Will download 4 CRAN packages (4.89 MB).
+ flow       0.2.0 [bld][dl] (3.79 MB)
+ nomnoml    0.3.0 [bld][dl] (413.51 kB) + ✖ chromium
+ webshot    0.5.5 [bld][dl] (160.01 kB) + ✔ libmagick++-dev, ✔ gsfonts
+ webshot2   0.1.2 [bld][dl] (530.25 kB)
✖ Missing 1 system package. You'll probably need to install it manually:
+ chromium  - nomnoml, chromote
ℹ Getting 4 pkgs (4.89 MB)
✔ Got nomnoml 0.3.0 (source) (413.51 kB)
✔ Got webshot 0.5.5 (source) (160.01 kB)
✔ Got webshot2 0.1.2 (source) (530.25 kB)
✔ Got flow 0.2.0 (source) (3.79 MB)
ℹ Building webshot 0.5.5
ℹ Building webshot2 0.1.2
✔ Built webshot 0.5.5 (1.3s)
✔ Installed webshot 0.5.5  (216ms)
✔ Built webshot2 0.1.2 (2.1s)
✔ Installed webshot2 0.1.2  (154ms)
ℹ Building nomnoml 0.3.0
✔ Built nomnoml 0.3.0 (1.7s)
✔ Installed nomnoml 0.3.0  (1.4s)
ℹ Building flow 0.2.0
✔ Built flow 0.2.0 (3.6s)
✔ Installed flow 0.2.0  (336ms)
✔ 1 pkg + 54 deps: kept 50, added 4, dld 4 (4.89 MB) [13.8s]
Installing flowCore...
 
→ Will install 3 packages.
→ All 3 packages (14.31 MB) are cached.
+ BH         1.90.0-1 [bld]
+ cytolib    2.22.0   [bld][cmp] + ✔ make
+ flowCore   2.22.0   [bld][cmp] + ✔ make
✔ All system requirements are already installed.
  
ℹ No downloads are needed, 3 pkgs (14.31 MB) are cached
✔ Got flowCore 2.22.0 (source) (7.83 MB)
✔ Installed BH 1.90.0-1  (1m 22.3s)
ℹ Building cytolib 2.22.0
✖ Failed to build cytolib 2.22.0 (1.4s)
  FAILED: ! error in pak subprocess
Caused by error in `stop_task_build(state, worker)`:
! Failed to build source package cytolib.
Full installation output:
ERROR: dependency ‘BH’ is not available for package ‘cytolib’
Perhaps try a variation of:
install.packages('BH')
* removing ‘/tmp/RtmpnbTRgE/pkg-lib1711e51ae69fd6/cytolib’
Installing flowStats...
 
→ Will install 11 packages.
→ Will download 3 CRAN packages (3.11 MB), cached: 8 (14.31 MB).
+ BH              1.90.0-1 [bld]
+ cytolib         2.22.0   [bld][cmp] + ✔ make
+ flowCore        2.22.0   [bld][cmp] + ✔ make
+ flowStats       4.22.0   [bld]
+ flowViz         1.74.0   [bld]
+ flowWorkspace   4.22.0   [bld][cmp] + ✔ make
+ hexbin          1.28.5   [bld][cmp][dl] (1.20 MB)
+ IDPmisc         1.1.21   [bld][cmp][dl] (374.71 kB)
+ ncdfFlow        2.56.0   [bld][cmp]
+ RBGL            1.86.0   [bld][cmp]
+ rrcov           1.7-7    [bld][cmp][dl] (1.54 MB)
✔ All system requirements are already installed.
  
ℹ Getting 3 pkgs (3.11 MB), 8 (14.31 MB) cached
✔ Got hexbin 1.28.5 (source) (1.20 MB)
✔ Got ncdfFlow 2.56.0 (source) (204.87 kB)
✔ Got IDPmisc 1.1.21 (source) (374.71 kB)
✔ Got flowViz 1.74.0 (source) (1.02 MB)
✔ Got rrcov 1.7-7 (source) (1.54 MB)
✔ Got flowWorkspace 4.22.0 (source) (5.34 MB)
✔ Got flowStats 4.22.0 (source) (11.50 MB)
ℹ Building hexbin 1.28.5
ℹ Building IDPmisc 1.1.21
ℹ Building rrcov 1.7-7
✔ Built IDPmisc 1.1.21 (3.9s)
✔ Installed IDPmisc 1.1.21  (152ms)
✔ Built hexbin 1.28.5 (5s)
✔ Installed hexbin 1.28.5  (191ms)
✔ Built rrcov 1.7-7 (11.3s)
✔ Installed rrcov 1.7-7  (357ms)
✔ Installed BH 1.90.0-1  (1m 16.5s)
ℹ Building cytolib 2.22.0
ℹ Building RBGL 1.86.0
✖ Failed to build RBGL 1.86.0 (489ms)
  FAILED: ! error in pak subprocess
Caused by error in `stop_task_build(state, worker)`:
! Failed to build source package RBGL.
Full installation output:
ERROR: dependency ‘BH’ is not available for package ‘RBGL’
Perhaps try a variation of:
install.packages('BH')
* removing ‘/tmp/RtmpnbTRgE/pkg-lib1711e5785927df/RBGL’
Installing flowViz...
 
→ Will install 4 packages.
→ All 4 packages (14.31 MB) are cached.
+ BH         1.90.0-1 [bld]
+ cytolib    2.22.0   [bld][cmp] + ✔ make
+ flowCore   2.22.0   [bld][cmp] + ✔ make
+ flowViz    1.74.0   [bld]
✔ All system requirements are already installed.
  
ℹ No downloads are needed, 4 pkgs (14.31 MB) are cached
✔ Installed BH 1.90.0-1  (2m 11.9s)
ℹ Building cytolib 2.22.0
✖ Failed to build cytolib 2.22.0 (1.4s)
  FAILED: ! error in pak subprocess
Caused by error in `stop_task_build(state, worker)`:
! Failed to build source package cytolib.
Full installation output:
ERROR: dependency ‘BH’ is not available for package ‘cytolib’
Perhaps try a variation of:
install.packages('BH')
* removing ‘/tmp/RtmpnbTRgE/pkg-lib1711e541e86b2e/cytolib’
Installing flowWorkspace...
 
→ Will install 6 packages.
→ All 6 packages (14.31 MB) are cached.
+ BH              1.90.0-1 [bld]
+ cytolib         2.22.0   [bld][cmp] + ✔ make
+ flowCore        2.22.0   [bld][cmp] + ✔ make
+ flowWorkspace   4.22.0   [bld][cmp] + ✔ make
+ ncdfFlow        2.56.0   [bld][cmp]
+ RBGL            1.86.0   [bld][cmp]
✔ All system requirements are already installed.
  
ℹ No downloads are needed, 6 pkgs (14.31 MB) are cached
✔ Installed BH 1.90.0-1  (1m 50.7s)
ℹ Building cytolib 2.22.0
ℹ Building RBGL 1.86.0
✖ Failed to build RBGL 1.86.0 (544ms)
  FAILED: ! error in pak subprocess
Caused by error in `stop_task_build(state, worker)`:
! Failed to build source package RBGL.
Full installation output:
ERROR: dependency ‘BH’ is not available for package ‘RBGL’
Perhaps try a variation of:
install.packages('BH')
* removing ‘/tmp/RtmpnbTRgE/pkg-lib1711e57e9078d7/RBGL’
Installing FNN...
 
  
ℹ No downloads are needed
✔ 1 pkg: kept 1 [1.5s]
Installing fontawesome...
 
  
ℹ No downloads are needed
✔ 1 pkg + 5 deps: kept 6 [1.6s]
Installing fontBitstreamVera...
 
  
ℹ No downloads are needed
✔ 1 pkg: kept 1 [1.6s]
Installing fontLiberation...
 
  
ℹ No downloads are needed
✔ 1 pkg: kept 1 [1.3s]
Installing fontquiver...
 
  
ℹ No downloads are needed
✔ 1 pkg + 2 deps: kept 3 [1.4s]
Installing forcats...
 
  
ℹ No downloads are needed
✔ 1 pkg + 10 deps: kept 11 [1.7s]
Installing foreach...
 
  
ℹ No downloads are needed
✔ 1 pkg + 2 deps: kept 3 [1.2s]
Installing forecast...
 
✔ All system requirements are already installed.
  
ℹ No downloads are needed
✔ 1 pkg + 35 deps: kept 35 [3.9s]
Installing forge...
 
→ Will install 1 package.
→ Will download 1 CRAN package (7.19 kB).
+ forge   0.2.0 [bld][dl] (7.19 kB)
  
ℹ Getting 1 pkg (7.19 kB)
✔ Got forge 0.2.0 (source) (7.19 kB)
ℹ Building forge 0.2.0
✔ Built forge 0.2.0 (1.3s)
✔ Installed forge 0.2.0  (121ms)
✔ 1 pkg + 2 deps: kept 2, added 1, dld 1 (7.19 kB) [3.8s]
Installing formatR...
 
  
ℹ No downloads are needed
✔ 1 pkg: kept 1 [1.4s]
Installing formattable...
 
→ Will install 1 package.
→ Will download 1 CRAN package (57.06 kB).
+ formattable   0.2.1 [bld][dl] (57.06 kB)
✔ All system requirements are already installed.
  
ℹ Getting 1 pkg (57.06 kB)
✔ Got formattable 0.2.1 (source) (57.06 kB)
ℹ Building formattable 0.2.1
✔ Built formattable 0.2.1 (2s)
✔ Installed formattable 0.2.1  (213ms)
✔ 1 pkg + 27 deps: kept 27, added 1, dld 1 (57.06 kB) [5s]
Installing Formula...
 
  
ℹ No downloads are needed
✔ 1 pkg: kept 1 [1.7s]
Installing fortunes...
 
→ Will install 1 package.
→ Will download 1 CRAN package (192.94 kB).
+ fortunes   1.5-4 [bld][dl] (192.94 kB)
  
ℹ Getting 1 pkg (192.94 kB)
✔ Got fortunes 1.5-4 (source) (192.94 kB)
ℹ Building fortunes 1.5-4
✔ Built fortunes 1.5-4 (1.1s)
✔ Installed fortunes 1.5-4  (157ms)
✔ 1 pkg: added 1, dld 1 (192.94 kB) [4.3s]
Installing fpc...
 
→ Will install 1 package.
→ Will download 1 CRAN package (204.08 kB).
+ fpc   2.2-13 [bld][dl] (204.08 kB)
  
ℹ Getting 1 pkg (204.08 kB)
✔ Got fpc 2.2-13 (source) (204.08 kB)
ℹ Building fpc 2.2-13
✔ Built fpc 2.2-13 (7.8s)
✔ Installed fpc 2.2-13  (1.1s)
✔ 1 pkg + 13 deps: kept 13, added 1, dld 1 (204.08 kB) [11.8s]
Installing fracdiff...
 
  
ℹ No downloads are needed
✔ 1 pkg: kept 1 [1.6s]
Installing fresh...
 
✔ All system requirements are already installed.
  
ℹ No downloads are needed
✔ 1 pkg + 31 deps: kept 31 [2.2s]
Installing fs...
 
✔ All system requirements are already installed.
  
ℹ No downloads are needed
✔ 1 pkg: kept 1 [2.1s]
Installing fst...
 
→ Will install 2 packages.
→ Will download 2 CRAN packages (917.85 kB).
+ fst       0.9.8  [bld][cmp][dl] (274.50 kB)
+ fstcore   0.10.0 [bld][cmp][dl] (643.35 kB)
  
ℹ Getting 2 pkgs (917.85 kB)
✔ Got fst 0.9.8 (source) (274.50 kB)
✔ Got fstcore 0.10.0 (source) (643.35 kB)
ℹ Building fstcore 0.10.0
✔ Built fstcore 0.10.0 (30.5s)
✔ Installed fstcore 0.10.0  (217ms)
ℹ Building fst 0.9.8
✔ Built fst 0.9.8 (12.5s)
✔ Installed fst 0.9.8  (167ms)
✔ 1 pkg + 2 deps: added 2, dld 2 (917.85 kB) [47.7s]
Installing fstcore...
 
  
ℹ No downloads are needed
✔ 1 pkg + 1 dep: kept 1 [1.4s]
Installing furrr...
 
  
ℹ No downloads are needed
✔ 1 pkg + 13 deps: kept 14 [1.5s]
Installing futile.logger...
 
  
ℹ No downloads are needed
✔ 1 pkg + 3 deps: kept 4 [1.3s]
Installing futile.options...
 
  
ℹ No downloads are needed
✔ 1 pkg: kept 1 [1.3s]
Installing future...
 
  
ℹ No downloads are needed
✔ 1 pkg + 5 deps: kept 6 [1.8s]
Installing future.apply...
 
  
ℹ No downloads are needed
✔ 1 pkg + 6 deps: kept 7 [1.6s]
Installing future.batchtools...
 
→ Will install 1 package.
→ Will download 1 CRAN package (85.58 kB).
+ future.batchtools   0.21.0 [bld][dl] (85.58 kB)
✔ All system requirements are already installed.
  
ℹ Getting 1 pkg (85.58 kB)
✔ Got future.batchtools 0.21.0 (source) (85.58 kB)
ℹ Building future.batchtools 0.21.0
✔ Built future.batchtools 0.21.0 (3.4s)
✔ Installed future.batchtools 0.21.0  (369ms)
✔ 1 pkg + 27 deps: kept 27, added 1, dld 1 (85.58 kB) [6.6s]
Installing future.callr...
 
→ Will install 1 package.
→ Will download 1 CRAN package (37.17 kB).
+ future.callr   0.10.2 [bld][dl] (37.17 kB)
  
ℹ Getting 1 pkg (37.17 kB)
✔ Got future.callr 0.10.2 (source) (37.17 kB)
ℹ Building future.callr 0.10.2
✔ Built future.callr 0.10.2 (1.4s)
✔ Installed future.callr 0.10.2  (1.3s)
✔ 1 pkg + 10 deps: kept 10, added 1, dld 1 (37.17 kB) [6.8s]
Installing fuzzyjoin...
 
→ Will install 1 package.
→ Will download 1 CRAN package (101.89 kB).
+ fuzzyjoin   0.1.6.1 [bld][dl] (101.89 kB)
✔ All system requirements are already installed.
  
ℹ Getting 1 pkg (101.89 kB)
✔ Got fuzzyjoin 0.1.6.1 (source) (101.89 kB)
ℹ Building fuzzyjoin 0.1.6.1
✔ Built fuzzyjoin 0.1.6.1 (2.2s)
✔ Installed fuzzyjoin 0.1.6.1  (168ms)
✔ 1 pkg + 24 deps: kept 23, added 1, dld 1 (101.89 kB) [5.3s]
Installing GA...
 
→ Will install 1 package.
→ Will download 1 CRAN package (3.10 MB).
+ GA   3.2.4 [bld][cmp][dl] (3.10 MB)
  
ℹ Getting 1 pkg (3.10 MB)
✔ Got GA 3.2.4 (source) (3.10 MB)
ℹ Building GA 3.2.4
✔ Built GA 3.2.4 (27.1s)
✔ Installed GA 3.2.4  (405ms)
✔ 1 pkg + 7 deps: kept 6, added 1, dld 1 (3.10 MB) [30.8s]
Installing gage...
 
✔ All system requirements are already installed.
  
ℹ No downloads are needed
✔ 1 pkg + 36 deps: kept 37 [1.9s]
Installing gam...
 
  
ℹ No downloads are needed
✔ 1 pkg + 3 deps: kept 4 [1.2s]
Installing gamlss.dist...
 
→ Will install 1 package.
→ Will download 1 CRAN package (1.59 MB).
+ gamlss.dist   6.1-1 [bld][cmp][dl] (1.59 MB)
  
ℹ Getting 1 pkg (1.59 MB)
✔ Got gamlss.dist 6.1-1 (source) (1.59 MB)
ℹ Building gamlss.dist 6.1-1
✔ Built gamlss.dist 6.1-1 (22.9s)
✔ Installed gamlss.dist 6.1-1  (193ms)
✔ 1 pkg + 1 dep: kept 1, added 1, dld 1 (1.59 MB) [25.9s]
Installing gapminder...
 
→ Will install 1 package.
→ Will download 1 CRAN package (2.21 MB).
+ gapminder   1.0.1 [bld][dl] (2.21 MB)
  
ℹ Getting 1 pkg (2.21 MB)
✔ Got gapminder 1.0.1 (source) (2.21 MB)
ℹ Building gapminder 1.0.1
✔ Built gapminder 1.0.1 (1.9s)
✔ Installed gapminder 1.0.1  (1.2s)
✔ 1 pkg + 10 deps: kept 10, added 1, dld 1 (2.21 MB) [8.8s]
Installing gargle...
 
✔ All system requirements are already installed.
  
ℹ No downloads are needed
✔ 1 pkg + 15 deps: kept 16 [1.6s]
Installing gbm...
 
→ Will install 1 package.
→ Will download 1 CRAN package (452.35 kB).
+ gbm   2.2.2 [bld][cmp][dl] (452.35 kB)
  
ℹ Getting 1 pkg (452.35 kB)
✔ Got gbm 2.2.2 (source) (452.35 kB)
ℹ Building gbm 2.2.2
✔ Built gbm 2.2.2 (19.2s)
✔ Installed gbm 2.2.2  (231ms)
✔ 1 pkg + 3 deps: kept 3, added 1, dld 1 (452.35 kB) [22.3s]
Installing gbutils...
 
  
ℹ No downloads are needed
✔ 1 pkg + 2 deps: kept 3 [1.6s]
Installing gclus...
 
  
ℹ No downloads are needed
✔ 1 pkg + 1 dep: kept 2 [1.3s]
Installing gdata...
 
→ Will install 1 package.
→ Will download 1 CRAN package (327.07 kB).
+ gdata   3.0.1 [bld][dl] (327.07 kB)
  
ℹ Getting 1 pkg (327.07 kB)
✔ Got gdata 3.0.1 (source) (327.07 kB)
ℹ Building gdata 3.0.1
✔ Built gdata 3.0.1 (2.1s)
✔ Installed gdata 3.0.1  (170ms)
✔ 1 pkg + 1 dep: kept 1, added 1, dld 1 (327.07 kB) [4.4s]
Installing gdsfmt...
 
  
ℹ No downloads are needed
✔ 1 pkg: kept 1 [1.2s]
Installing gdtools...
 
✔ All system requirements are already installed.
  
ℹ No downloads are needed
✔ 1 pkg + 14 deps: kept 14 [1.3s]
Installing geepack...
 
→ Will install 1 package.
→ Will download 1 CRAN package (187.17 kB).
+ geepack   1.3.13 [bld][cmp][dl] (187.17 kB)
✔ All system requirements are already installed.
  
ℹ Getting 1 pkg (187.17 kB)
✔ Got geepack 1.3.13 (source) (187.17 kB)
ℹ Building geepack 1.3.13
✔ Built geepack 1.3.13 (17.7s)
✔ Installed geepack 1.3.13  (325ms)
✔ 1 pkg + 22 deps: kept 22, added 1, dld 1 (187.17 kB) [21s]
Installing genefilter...
 
✔ All system requirements are already installed.
  
ℹ No downloads are needed
✔ 1 pkg + 42 deps: kept 43 [2.1s]
Installing GeneNMF...
 
→ Will install 5 packages.
→ Will download 1 CRAN package (569.18 kB), cached: 4 (17.30 MB).
+ BH        1.90.0-1 [bld]
+ dqrng     0.4.1    [bld][cmp]
+ GeneNMF   0.9.2    [bld][dl] (569.18 kB)
+ Seurat    5.4.0    [bld][cmp]
+ uwot      0.2.4    [bld][cmp]
✔ All system requirements are already installed.
  
ℹ Getting 1 pkg (569.18 kB), 4 (17.30 MB) cached
✔ Got GeneNMF 0.9.2 (source) (569.18 kB)
✔ Installed BH 1.90.0-1  (1m 23.7s)
ℹ Building dqrng 0.4.1
✖ Failed to build dqrng 0.4.1 (319ms)
  FAILED: ! error in pak subprocess
Caused by error in `stop_task_build(state, worker)`:
! Failed to build source package dqrng.
Full installation output:
ERROR: dependency ‘BH’ is not available for package ‘dqrng’
Perhaps try a variation of:
install.packages('BH')
* removing ‘/tmp/RtmpnbTRgE/pkg-lib1711e533f4a2aa/dqrng’
Installing geneplotter...
 
✔ All system requirements are already installed.
  
ℹ No downloads are needed
✔ 1 pkg + 39 deps: kept 40 [1.9s]
Installing GeneralizedHyperbolic...
 
→ Will install 1 package.
→ Will download 1 CRAN package (130.73 kB).
+ GeneralizedHyperbolic   0.8-7 [bld][dl] (130.73 kB)
  
ℹ Getting 1 pkg (130.73 kB)
✔ Got GeneralizedHyperbolic 0.8-7 (source) (130.73 kB)
ℹ Building GeneralizedHyperbolic 0.8-7
✔ Built GeneralizedHyperbolic 0.8-7 (4.7s)
✔ Installed GeneralizedHyperbolic 0.8-7  (227ms)
✔ 1 pkg + 2 deps: kept 2, added 1, dld 1 (130.73 kB) [7.2s]
Installing generics...
 
  
ℹ No downloads are needed
✔ 1 pkg: kept 1 [1.2s]
Installing GenomeInfoDb...
 
✔ All system requirements are already installed.
  
ℹ No downloads are needed
✔ 1 pkg + 14 deps: kept 15 [1.6s]
Installing GenomeInfoDbData...
 
→ Will install 1 package.
→ The package (0 B) is cached.
+ GenomeInfoDbData   1.2.15 [bld]
  
ℹ No downloads are needed, 1 pkg is cached
✔ Got GenomeInfoDbData 1.2.15 (source) (13.54 MB)
ℹ Building GenomeInfoDbData 1.2.15
✔ Built GenomeInfoDbData 1.2.15 (1.9s)
✔ Installed GenomeInfoDbData 1.2.15  (1.2s)
✔ 1 pkg: added 1, dld 1 (13.54 MB) [8s]
