Installing packages from: /home/domeally/workspaces/vscode-rbioc/slurm_install/pkgs_015.txt
Target library: /packages/singularity/shared_cache/rbioc/rlibs/bioc-3.22
Installing recipes...
ℹ Loading metadata database
✔ Loading metadata database ... done

 
→ Will install 21 packages.
→ Will download 16 CRAN packages (12.77 MB), cached: 5 (832.75 kB).
+ clock          0.7.3      [bld][cmp][dl] (559.85 kB)
+ data.table     1.18.0     [bld][cmp][dl] (6.02 MB)
+ diagram        1.6.5      [bld][dl] (536.87 kB)
+ future         1.68.0     [bld]
+ future.apply   1.20.1     [bld]
+ globals        0.18.0     [bld]
+ gower          1.0.2      [bld][cmp][dl] (187.97 kB)
+ hardhat        1.4.2      [bld][dl] (619.52 kB)
+ ipred          0.9-15     [bld][cmp][dl] (174.09 kB)
+ lava           1.8.2      [bld][dl] (1.20 MB)
+ listenv        0.10.0     [bld]
+ lubridate      1.9.4      [bld][cmp][dl] (429.34 kB)
+ parallelly     1.46.0     [bld][cmp][dl] (332.92 kB)
+ prodlim        2025.04.28 [bld][cmp][dl] (135.53 kB)
+ progressr      0.18.0     [bld]
+ recipes        1.3.1      [bld][dl] (889.58 kB)
+ shape          1.4.6.1    [bld][dl] (646.41 kB)
+ sparsevctrs    0.3.5      [bld][cmp][dl] (93.98 kB)
+ SQUAREM        2021.1     [bld][dl] (241.53 kB)
+ timechange     0.3.0      [bld][cmp][dl] (103.44 kB)
+ tzdb           0.5.0      [bld][cmp][dl] (600.72 kB)
✔ All system requirements are already installed.
  
ℹ Getting 16 pkgs (12.77 MB), 5 (832.75 kB) cached
✔ Cached copy of lava 1.8.2 (source) is the latest build
✔ Cached copy of parallelly 1.46.0 (source) is the latest build
✔ Cached copy of SQUAREM 2021.1 (source) is the latest build
✔ Got diagram 1.6.5 (source) (536.87 kB)
✔ Got shape 1.4.6.1 (source) (646.41 kB)
✔ Got data.table 1.18.0 (source) (6.02 MB)
✔ Got clock 0.7.3 (source) (559.85 kB)
✔ Got lubridate 1.9.4 (source) (429.34 kB)
✔ Got timechange 0.3.0 (source) (103.44 kB)
✔ Got ipred 0.9-15 (source) (174.09 kB)
✔ Got recipes 1.3.1 (source) (889.58 kB)
✔ Got hardhat 1.4.2 (source) (619.52 kB)
✔ Got gower 1.0.2 (source) (187.97 kB)
✔ Got prodlim 2025.04.28 (source) (135.53 kB)
✔ Got sparsevctrs 0.3.5 (source) (93.98 kB)
✔ Got tzdb 0.5.0 (source) (600.72 kB)
ℹ Building data.table 1.18.0
ℹ Building globals 0.18.0
ℹ Building gower 1.0.2
ℹ Building listenv 0.10.0
ℹ Building parallelly 1.46.0
ℹ Building progressr 0.18.0
ℹ Building shape 1.4.6.1
ℹ Building sparsevctrs 0.3.5
ℹ Building SQUAREM 2021.1
ℹ Building timechange 0.3.0
ℹ Building tzdb 0.5.0
✔ Built globals 0.18.0 (3.5s)
✔ Built gower 1.0.2 (3.6s)
✔ Built shape 1.4.6.1 (3.6s)
✔ Built SQUAREM 2021.1 (3.7s)
✔ Built listenv 0.10.0 (4.2s)
✔ Installed globals 0.18.0  (893ms)
✔ Installed gower 1.0.2  (355ms)
✔ Installed listenv 0.10.0  (376ms)
✔ Installed shape 1.4.6.1  (395ms)
✔ Installed SQUAREM 2021.1  (447ms)
ℹ Building diagram 1.6.5
✔ Built progressr 0.18.0 (5.1s)
✔ Installed progressr 0.18.0  (688ms)
✔ Built sparsevctrs 0.3.5 (5.9s)
✔ Installed sparsevctrs 0.3.5  (187ms)
ℹ Building hardhat 1.4.2
✔ Built parallelly 1.46.0 (6.7s)
✔ Installed parallelly 1.46.0  (535ms)
ℹ Building future 1.68.0
✔ Built diagram 1.6.5 (3s)
✔ Installed diagram 1.6.5  (200ms)
✔ Built hardhat 1.4.2 (4.3s)
✔ Installed hardhat 1.4.2  (271ms)
✔ Built future 1.68.0 (6.4s)
✔ Installed future 1.68.0  (622ms)
ℹ Building future.apply 1.20.1
✔ Built tzdb 0.5.0 (14.9s)
✔ Installed tzdb 0.5.0  (356ms)
ℹ Building clock 0.7.3
✔ Built future.apply 1.20.1 (1.7s)
✔ Installed future.apply 1.20.1  (290ms)
ℹ Building lava 1.8.2
✔ Built timechange 0.3.0 (20.2s)
✔ Installed timechange 0.3.0  (161ms)
ℹ Building lubridate 1.9.4
✔ Built lubridate 1.9.4 (5.7s)
✔ Installed lubridate 1.9.4  (197ms)
✔ Built data.table 1.18.0 (28.6s)
✔ Installed data.table 1.18.0  (1.7s)
✔ Built lava 1.8.2 (14.6s)
✔ Installed lava 1.8.2  (315ms)
ℹ Building prodlim 2025.04.28
✔ Built prodlim 2025.04.28 (5.9s)
✔ Installed prodlim 2025.04.28  (114ms)
ℹ Building ipred 0.9-15
✔ Built ipred 0.9-15 (3.7s)
✔ Installed ipred 0.9-15  (159ms)
✔ Built clock 0.7.3 (1m 19.1s)
✔ Installed clock 0.7.3  (520ms)
ℹ Building recipes 1.3.1
✔ Built recipes 1.3.1 (9.3s)
✔ Installed recipes 1.3.1  (1.3s)
✔ 1 pkg + 62 deps: kept 41, added 21, dld 13 (11.00 MB) [1m 55.4s]
Installing reformulas...
 
  
ℹ No downloads are needed
✔ 1 pkg + 4 deps: kept 5 [642ms]
Installing registry...
 
→ Will install 1 package.
→ Will download 1 CRAN package (170.97 kB).
+ registry   0.5-1 [bld][dl] (170.97 kB)
  
ℹ Getting 1 pkg (170.97 kB)
✔ Got registry 0.5-1 (source) (170.97 kB)
ℹ Building registry 0.5-1
✔ Built registry 0.5-1 (762ms)
✔ Installed registry 0.5-1  (1.1s)
✔ 1 pkg: added 1, dld 1 (170.97 kB) [3.1s]
Installing relimp...
 
→ Will install 1 package.
→ Will download 1 CRAN package (13.84 kB).
+ relimp   1.0-5 [bld][dl] (13.84 kB)
  
ℹ Getting 1 pkg (13.84 kB)
✔ Got relimp 1.0-5 (source) (13.84 kB)
ℹ Building relimp 1.0-5
✔ Built relimp 1.0-5 (950ms)
✔ Installed relimp 1.0-5  (102ms)
✔ 1 pkg: added 1, dld 1 (13.84 kB) [2.3s]
Installing remaCor...
 
→ Will install 2 packages.
→ Will download 2 CRAN packages (2.12 MB).
+ EnvStats   3.1.0  [bld][dl] (1.43 MB)
+ remaCor    0.0.20 [bld][cmp][dl] (691.57 kB)
✔ All system requirements are already installed.
  
ℹ Getting 2 pkgs (2.12 MB)
✔ Got EnvStats 3.1.0 (source) (1.43 MB)
✔ Got remaCor 0.0.20 (source) (691.57 kB)
ℹ Building EnvStats 3.1.0
✔ Built EnvStats 3.1.0 (23.8s)
✔ Installed EnvStats 3.1.0  (566ms)
ℹ Building remaCor 0.0.20
✔ Built remaCor 0.0.20 (10.9s)
✔ Installed remaCor 0.0.20  (211ms)
✔ 1 pkg + 29 deps: kept 27, added 2, dld 2 (2.12 MB) [37.5s]
Installing rematch...
 
  
ℹ No downloads are needed
✔ 1 pkg: kept 1 [614ms]
Installing rematch2...
 
  
ℹ No downloads are needed
✔ 1 pkg + 10 deps: kept 11 [819ms]
Installing remotes...
 
✔ All system requirements are already installed.
  
ℹ No downloads are needed
✔ 1 pkg: kept 1 [618ms]
Installing renv...
 
  
ℹ No downloads are needed
✔ 1 pkg: kept 1 [581ms]
Installing repmis...
 
→ Will install 2 packages.
→ Will download 2 CRAN packages (51.59 kB).
+ R.cache   0.17.0 [bld][dl] (35.74 kB)
+ repmis    0.5.1  [bld][dl] (15.85 kB)
✔ All system requirements are already installed.
  
ℹ Getting 2 pkgs (51.59 kB)
✔ Got R.cache 0.17.0 (source) (35.74 kB)
✔ Got repmis 0.5.1 (source) (15.85 kB)
ℹ Building R.cache 0.17.0
✔ Built R.cache 0.17.0 (1.1s)
✔ Installed R.cache 0.17.0  (120ms)
ℹ Building repmis 0.5.1
✔ Built repmis 0.5.1 (2s)
✔ Installed repmis 0.5.1  (108ms)
✔ 1 pkg + 16 deps: kept 14, added 2, dld 2 (51.59 kB) [4.9s]
Installing report...
 
→ Will install 6 packages.
→ Will download 6 CRAN packages (6.10 MB).
+ bayestestR    0.17.0 [bld][dl] (430.69 kB)
+ datawizard    1.3.0  [bld][dl] (438.04 kB)
+ effectsize    1.0.1  [bld][dl] (387.69 kB)
+ parameters    0.28.3 [bld][dl] (736.00 kB)
+ performance   0.15.3 [bld][dl] (2.19 MB)
+ report        0.6.2  [bld][dl] (1.91 MB)
  
ℹ Getting 6 pkgs (6.10 MB)
✔ Got datawizard 1.3.0 (source) (438.04 kB)
✔ Got effectsize 1.0.1 (source) (387.69 kB)
✔ Got performance 0.15.3 (source) (2.19 MB)
✔ Got bayestestR 0.17.0 (source) (430.69 kB)
✔ Got parameters 0.28.3 (source) (736.00 kB)
✔ Got report 0.6.2 (source) (1.91 MB)
ℹ Building datawizard 1.3.0
✔ Built datawizard 1.3.0 (5s)
✔ Installed datawizard 1.3.0  (231ms)
ℹ Building bayestestR 0.17.0
✔ Built bayestestR 0.17.0 (5.2s)
✔ Installed bayestestR 0.17.0  (191ms)
ℹ Building parameters 0.28.3
ℹ Building performance 0.15.3
✔ Built performance 0.15.3 (8.3s)
✔ Installed performance 0.15.3  (186ms)
✔ Built parameters 0.28.3 (11.6s)
✔ Installed parameters 0.28.3  (192ms)
ℹ Building effectsize 1.0.1
✔ Built effectsize 1.0.1 (3.7s)
✔ Installed effectsize 1.0.1  (299ms)
ℹ Building report 0.6.2
✔ Built report 0.6.2 (4.6s)
✔ Installed report 0.6.2  (1.3s)
✔ 1 pkg + 6 deps: kept 1, added 6, dld 6 (6.10 MB) [35.1s]
Installing ReportingTools...
 
→ Will install 28 packages.
→ Will download 5 CRAN packages (1.60 MB), cached: 23 (14.31 MB).
+ annotate            1.88.0   [bld]
+ AnnotationFilter    1.34.0   [bld]
+ AnnotationForge     1.52.0   [bld]
+ BH                  1.90.0-1 [bld]
+ biovizBase          1.58.0   [bld][cmp]
+ BSgenome            1.78.0   [bld]
+ Category            2.76.0   [bld]
+ DESeq2              1.50.2   [bld][cmp]
+ dichromat           2.0-0.1  [bld][dl] (84.90 kB)
+ ensembldb           2.34.0   [bld]
+ genefilter          1.92.0   [bld][cmp]
+ GenomeInfoDb        1.46.2   [bld]
+ GenomicFeatures     1.62.0   [bld]
+ ggbio               1.58.0   [bld]
+ GOstats             2.76.0   [bld]
+ GSEABase            1.72.0   [bld]
+ Hmisc               5.2-4    [bld][cmp][dl] (905.10 kB)
+ htmlTable           2.4.3    [bld][dl] (432.83 kB)
+ hwriter             1.3.2.1  [bld][dl] (59.37 kB)
+ OrganismDbi         1.52.0   [bld]
+ ProtGenerics        1.42.0   [bld]
+ RBGL                1.86.0   [bld][cmp]
+ ReportingTools      2.50.0   [bld]
+ Rgraphviz           2.54.0   [bld][cmp]
+ rstudioapi          0.17.1   [bld][dl] (118.45 kB)
+ rtracklayer         1.70.1   [bld][cmp]
+ UCSC.utils          1.6.1    [bld]
+ VariantAnnotation   1.56.0   [bld][cmp] + ✔ make
✔ All system requirements are already installed.
  
ℹ Getting 5 pkgs (1.60 MB), 23 (14.31 MB) cached
✔ Got GenomeInfoDb 1.46.2 (source) (3.65 MB)
✔ Got htmlTable 2.4.3 (source) (432.83 kB)
✔ Got Hmisc 5.2-4 (source) (905.10 kB)
✔ Got dichromat 2.0-0.1 (source) (84.90 kB)
✔ Got AnnotationFilter 1.34.0 (source) (325.42 kB)
✔ Got rstudioapi 0.17.1 (source) (118.45 kB)
✔ Got hwriter 1.3.2.1 (source) (59.37 kB)
✔ Got AnnotationForge 1.52.0 (source) (4.03 MB)
✔ Got biovizBase 1.58.0 (source) (2.52 MB)
✔ Got ensembldb 2.34.0 (source) (3.54 MB)
✔ Got BSgenome 1.78.0 (source) (5.90 MB)
✔ Got UCSC.utils 1.6.1 (source) (237.32 kB)
✔ Got ProtGenerics 1.42.0 (source) (11.78 kB)
✔ Got GOstats 2.76.0 (source) (3.69 MB)
✔ Got ReportingTools 2.50.0 (source) (1.88 MB)
✔ Got ggbio 1.58.0 (source) (3.50 MB)
✔ Got Rgraphviz 2.54.0 (source) (7.69 MB)
✔ Got VariantAnnotation 1.56.0 (source) (2.15 MB)
✔ Got OrganismDbi 1.52.0 (source) (398.50 kB)
ℹ Building dichromat 2.0-0.1
ℹ Building hwriter 1.3.2.1
ℹ Building rstudioapi 0.17.1
ℹ Building annotate 1.88.0
ℹ Building AnnotationFilter 1.34.0
ℹ Building AnnotationForge 1.52.0
ℹ Building DESeq2 1.50.2
ℹ Building ProtGenerics 1.42.0
ℹ Building Rgraphviz 2.54.0
ℹ Building rtracklayer 1.70.1
ℹ Building UCSC.utils 1.6.1
✔ Built dichromat 2.0-0.1 (1.8s)
✔ Installed dichromat 2.0-0.1  (142ms)
✔ Built hwriter 1.3.2.1 (2.6s)
✔ Installed hwriter 1.3.2.1  (176ms)
✔ Built rstudioapi 0.17.1 (3.5s)
✔ Built ProtGenerics 1.42.0 (3.5s)
✔ Installed rstudioapi 0.17.1  (304ms)
ℹ Building htmlTable 2.4.3
✔ Installed ProtGenerics 1.42.0  (150ms)
✔ Built UCSC.utils 1.6.1 (4.7s)
✔ Installed UCSC.utils 1.6.1  (155ms)
ℹ Building GenomeInfoDb 1.46.2
✔ Built AnnotationFilter 1.34.0 (8.8s)
✔ Installed AnnotationFilter 1.34.0  (162ms)
✔ Built htmlTable 2.4.3 (6s)
✔ Installed htmlTable 2.4.3  (271ms)
ℹ Building Hmisc 5.2-4
✔ Built GenomeInfoDb 1.46.2 (8.4s)
✔ Built annotate 1.88.0 (15.1s)
✔ Installed GenomeInfoDb 1.46.2  (1.3s)
✔ Installed annotate 1.88.0  (543ms)
ℹ Building genefilter 1.92.0
ℹ Building GSEABase 1.72.0
✔ Built AnnotationForge 1.52.0 (16.5s)
✔ Installed AnnotationForge 1.52.0  (3.1s)
✔ Built GSEABase 1.72.0 (13.2s)
✔ Installed GSEABase 1.72.0  (304ms)
✔ Built genefilter 1.92.0 (14.5s)
✔ Installed genefilter 1.92.0  (352ms)
✔ Built Hmisc 5.2-4 (25.2s)
✔ Installed Hmisc 5.2-4  (447ms)
✔ Built DESeq2 1.50.2 (39.6s)
✔ Installed DESeq2 1.50.2  (356ms)
✔ Built rtracklayer 1.70.1 (41s)
✔ Installed rtracklayer 1.70.1  (618ms)
ℹ Building BSgenome 1.78.0
ℹ Building GenomicFeatures 1.62.0
✔ Installed BH 1.90.0-1  (2m 20.1s)
ℹ Building RBGL 1.86.0
✔ Built BSgenome 1.78.0 (1m 38.6s)
✔ Built GenomicFeatures 1.62.0 (1m 38.6s)
✔ Installed BSgenome 1.78.0  (203ms)
✔ Installed GenomicFeatures 1.62.0  (358ms)
ℹ Building ensembldb 2.34.0
✖ Failed to build RBGL 1.86.0 (527ms)
  FAILED: ! error in pak subprocess
Caused by error in `stop_task_build(state, worker)`:
! Failed to build source package RBGL.
Full installation output:
ERROR: dependency ‘BH’ is not available for package ‘RBGL’
Perhaps try a variation of:
install.packages('BH')
* removing ‘/tmp/RtmpljosQt/pkg-lib106c571eab7915/RBGL’
Installing repr...
 
  
ℹ No downloads are needed
✔ 1 pkg + 12 deps: kept 13 [773ms]
Installing reprex...
 
✔ All system requirements are already installed.
  
ℹ No downloads are needed
✔ 1 pkg + 32 deps: kept 33 [963ms]
Installing resample...
 
→ Will install 1 package.
→ Will download 1 CRAN package (36.94 kB).
+ resample   0.6 [bld][dl] (36.94 kB)
  
ℹ Getting 1 pkg (36.94 kB)
✔ Got resample 0.6 (source) (36.94 kB)
ℹ Building resample 0.6
✔ Built resample 0.6 (951ms)
✔ Installed resample 0.6  (456ms)
✔ 1 pkg: added 1, dld 1 (36.94 kB) [3s]
Installing reshape...
 
  
ℹ No downloads are needed
✔ 1 pkg + 2 deps: kept 2 [646ms]
Installing reshape2...
 
✔ All system requirements are already installed.
  
ℹ No downloads are needed
✔ 1 pkg + 10 deps: kept 10 [776ms]
Installing ResidualMatrix...
 
→ Will install 1 package.
→ The package (0 B) is cached.
+ ResidualMatrix   1.20.0 [bld]
  
ℹ No downloads are needed, 1 pkg is cached
✔ Got ResidualMatrix 1.20.0 (source) (389.00 kB)
ℹ Building ResidualMatrix 1.20.0
✔ Built ResidualMatrix 1.20.0 (8.5s)
✔ Installed ResidualMatrix 1.20.0  (1.1s)
✔ 1 pkg + 13 deps: kept 13, added 1, dld 1 (389.00 kB) [11.2s]
Installing restfulr...
 
✔ All system requirements are already installed.
  
ℹ No downloads are needed
✔ 1 pkg + 8 deps: kept 9 [757ms]
Installing reticulate...
 
✔ All system requirements are already installed.
  
ℹ No downloads are needed
✔ 1 pkg + 11 deps: kept 11 [774ms]
Installing revealjs...
 
→ Will install 1 package.
→ Will download 1 CRAN package (2.32 MB).
+ revealjs   0.10.0 [bld][dl] (2.32 MB)
✔ All system requirements are already installed.
  
ℹ Getting 1 pkg (2.32 MB)
✔ Got revealjs 0.10.0 (source) (2.32 MB)
ℹ Building revealjs 0.10.0
✔ Built revealjs 0.10.0 (1.5s)
✔ Installed revealjs 0.10.0  (499ms)
✔ 1 pkg + 26 deps: kept 26, added 1, dld 1 (2.32 MB) [3.9s]
Installing rex...
 
→ Will install 1 package.
→ Will download 1 CRAN package (93.58 kB).
+ rex   1.2.1 [bld][dl] (93.58 kB)
  
ℹ Getting 1 pkg (93.58 kB)
✔ Got rex 1.2.1 (source) (93.58 kB)
ℹ Building rex 1.2.1
✔ Built rex 1.2.1 (920ms)
✔ Installed rex 1.2.1  (141ms)
✔ 1 pkg + 1 dep: kept 1, added 1, dld 1 (93.58 kB) [2s]
Installing Rfast...
 
→ Will install 2 packages.
→ Will download 2 CRAN packages (357.27 kB).
+ Rfast   2.1.5.2 [bld][cmp][dl] (338.39 kB)
+ zigg    0.0.2   [bld][cmp][dl] (18.88 kB)
✔ All system requirements are already installed.
  
ℹ Getting 2 pkgs (357.27 kB)
✔ Got zigg 0.0.2 (source) (18.88 kB)
✔ Got Rfast 2.1.5.2 (source) (338.39 kB)
ℹ Building zigg 0.0.2
✔ Built zigg 0.0.2 (1.1s)
✔ Installed zigg 0.0.2  (265ms)
ℹ Building Rfast 2.1.5.2
✔ Built Rfast 2.1.5.2 (8m 25.9s)
✔ Installed Rfast 2.1.5.2  (1.9s)
✔ 1 pkg + 4 deps: kept 2, added 2, dld 2 (357.27 kB) [8m 31.4s]
Installing Rfast2...
 
→ Will install 3 packages.
→ Will download 2 CRAN packages (218.65 kB), cached: 1 (14.31 MB).
+ BH           1.90.0-1 [bld]
+ Rfast2       0.1.5.5  [bld][cmp][dl] (184.93 kB)
+ Rnanoflann   0.0.3    [bld][cmp][dl] (33.72 kB)
✔ All system requirements are already installed.
  
ℹ Getting 2 pkgs (218.65 kB), 1 (14.31 MB) cached
✔ Got Rnanoflann 0.0.3 (source) (33.72 kB)
✔ Got Rfast2 0.1.5.5 (source) (184.93 kB)
ℹ Building Rnanoflann 0.0.3
✔ Built Rnanoflann 0.0.3 (37.5s)
✔ Installed Rnanoflann 0.0.3  (1.4s)
✔ Installed BH 1.90.0-1  (4m 25.2s)
ℹ Building Rfast2 0.1.5.5
✖ Failed to build Rfast2 0.1.5.5 (252ms)
  FAILED: ! error in pak subprocess
Caused by error in `stop_task_build(state, worker)`:
! Failed to build source package Rfast2.
Full installation output:
ERROR: dependency ‘BH’ is not available for package ‘Rfast2’
Perhaps try a variation of:
install.packages('BH')
* removing ‘/tmp/RtmpljosQt/pkg-lib106c571ecf19a9/Rfast2’
Installing rgeoda...
 
→ Will install 2 packages.
→ Will download 1 CRAN package (752.28 kB), cached: 1 (14.31 MB).
+ BH       1.90.0-1 [bld]
+ rgeoda   0.1.0    [bld][cmp][dl] (752.28 kB)
✖ Missing 1 system package. You'll probably need to install it manually:
+ libabsl-dev  - s2
ℹ Getting 1 pkg (752.28 kB), 1 (14.31 MB) cached
✔ Got rgeoda 0.1.0 (source) (752.28 kB)
✔ Installed BH 1.90.0-1  (1m 53.7s)
ℹ Building rgeoda 0.1.0
✖ Failed to build rgeoda 0.1.0 (319ms)
  FAILED: ! error in pak subprocess
Caused by error in `stop_task_build(state, worker)`:
! Failed to build source package rgeoda.
Full installation output:
ERROR: dependency ‘BH’ is not available for package ‘rgeoda’
Perhaps try a variation of:
install.packages('BH')
* removing ‘/tmp/RtmpljosQt/pkg-lib106c5715871efe/rgeoda’
Installing rgl...
 
→ Will install 1 package.
→ Will download 1 CRAN package (4.15 MB).
+ rgl   1.3.31 [bld][cmp][dl] (4.15 MB) + ✔ libfreetype6-dev, ✔ libglu1-mesa-dev, ✖ texlive, ✔ libpng-dev, ✔ libgl1-mesa-dev, ✔ pandoc, ✔ zlib1g-dev
✖ Missing 1 system package. You'll probably need to install it manually:
+ texlive  - rgl
ℹ Getting 1 pkg (4.15 MB)
✔ Got rgl 1.3.31 (source) (4.15 MB)
ℹ Building rgl 1.3.31
✔ Built rgl 1.3.31 (55.5s)
✔ Installed rgl 1.3.31  (563ms)
✔ 1 pkg + 28 deps: kept 28, added 1, dld 1 (4.15 MB) [58.5s]
Installing Rgraphviz...
 
  
ℹ No downloads are needed
✔ 1 pkg + 3 deps: kept 4 [907ms]
Installing rhdf5...
 
✔ All system requirements are already installed.
  
ℹ No downloads are needed
✔ 1 pkg + 2 deps: kept 3 [889ms]
Installing rhdf5filters...
 
✔ All system requirements are already installed.
  
ℹ No downloads are needed
✔ 1 pkg: kept 1 [784ms]
Installing Rhdf5lib...
 
✔ All system requirements are already installed.
  
ℹ No downloads are needed
✔ 1 pkg: kept 1 [1.1s]
Installing RhpcBLASctl...
 
  
ℹ No downloads are needed
✔ 1 pkg: kept 1 [835ms]
Installing Rhtslib...
 
✔ All system requirements are already installed.
  
ℹ No downloads are needed
✔ 1 pkg: kept 1 [781ms]
Installing rio...
 
✔ All system requirements are already installed.
  
ℹ No downloads are needed
✔ 1 pkg + 33 deps: kept 34 [1.1s]
Installing riskRegression...
 
→ Will install 4 packages.
→ Will download 2 CRAN packages (1.16 MB), cached: 2 (3.65 MB).
+ mets             1.3.8      [bld][cmp]
+ Publish          2025.07.24 [bld]
+ riskRegression   2025.09.17 [bld][cmp][dl] (460.06 kB)
+ rms              8.1-0      [bld][cmp][dl] (697.82 kB)
✔ All system requirements are already installed.
  
ℹ Getting 2 pkgs (1.16 MB), 2 (3.65 MB) cached
✔ Got riskRegression 2025.09.17 (source) (460.06 kB)
✔ Got rms 8.1-0 (source) (697.82 kB)
ℹ Building mets 1.3.8
ℹ Building Publish 2025.07.24
ℹ Building rms 8.1-0
✔ Built Publish 2025.07.24 (4.5s)
✔ Installed Publish 2025.07.24  (1.1s)
✔ Built rms 8.1-0 (17.3s)
✔ Installed rms 8.1-0  (544ms)
✔ Built mets 1.3.8 (2m 20.3s)
✔ Installed mets 1.3.8  (1.1s)
ℹ Building riskRegression 2025.09.17
✔ Built riskRegression 2025.09.17 (1m 38.5s)
✔ Installed riskRegression 2025.09.17  (281ms)
✔ 1 pkg + 95 deps: kept 91, added 4, dld 2 (1.16 MB) [4m 3.8s]
Installing rjags...
 
✔ All system requirements are already installed.
  
ℹ No downloads are needed
✔ 1 pkg + 2 deps: kept 3 [872ms]
Installing rJava...
 
✔ All system requirements are already installed.
  
ℹ No downloads are needed
✔ 1 pkg: kept 1 [818ms]
Installing rjson...
 
  
ℹ No downloads are needed
✔ 1 pkg: kept 1 [781ms]
Installing rjsoncons...
 
  
ℹ No downloads are needed
✔ 1 pkg + 10 deps: kept 11 [1s]
Installing rlang...
 
  
ℹ No downloads are needed
✔ 1 pkg: kept 1 [837ms]
Installing rle...
 
  
ℹ No downloads are needed
✔ 1 pkg: kept 1 [832ms]
Installing rliger...
 
→ Will install 9 packages.
→ Will download 5 CRAN packages (2.94 MB), cached: 4 (4.77 MB).
+ easy.utils    0.1.0  [bld][dl] (9.90 kB)
+ hdf5r.Extra   0.1.0  [bld][dl] (67.13 kB)
+ HighFive      3.2.0  [bld][dl] (77.31 kB) + ✔ libhdf5-dev
+ leidenAlg     1.1.5  [bld][cmp] + ✔ libglpk-dev, ✔ make, ✔ libxml2-dev
+ RcppPlanc     2.0.13 [bld][cmp][dl] (1.53 MB) + ✔ cmake, ✔ git, ✔ make, ✔ libhdf5-dev, ✔ patch
+ rliger        2.2.1  [bld][cmp][dl] (1.26 MB)
+ sccore        1.0.6  [bld][cmp]
+ Seurat        5.4.0  [bld][cmp]
+ uwot          0.2.4  [bld][cmp]
✔ All system requirements are already installed.
  
ℹ Getting 5 pkgs (2.94 MB), 4 (4.77 MB) cached
✔ Got easy.utils 0.1.0 (source) (9.90 kB)
✔ Got HighFive 3.2.0 (source) (77.31 kB)
✔ Got hdf5r.Extra 0.1.0 (source) (67.13 kB)
✔ Got rliger 2.2.1 (source) (1.26 MB)
✔ Got RcppPlanc 2.0.13 (source) (1.53 MB)
ℹ Building easy.utils 0.1.0
ℹ Building HighFive 3.2.0
ℹ Building uwot 0.2.4
✔ Built HighFive 3.2.0 (605ms)
✔ Installed HighFive 3.2.0  (371ms)
✔ Built easy.utils 0.1.0 (1.4s)
✔ Installed easy.utils 0.1.0  (110ms)
ℹ Building hdf5r.Extra 0.1.0
✔ Built hdf5r.Extra 0.1.0 (4s)
✔ Installed hdf5r.Extra 0.1.0  (123ms)
ℹ Building RcppPlanc 2.0.13
✔ Built uwot 0.2.4 (46.7s)
✔ Installed uwot 0.2.4  (402ms)
ℹ Building Seurat 5.4.0
✔ Built Seurat 5.4.0 (54.9s)
  FAILED: ! error in pak subprocess
Caused by error in `install_extracted_binary(filename, lib_cache, pkg_cache, lib, …`:
! Unable to move package from
'/packages/singularity/shared_cache/rbioc/rlibs/bioc-3.22/_cache/file106c575ebd325a/Seurat'
to '/packages/singularity/shared_cache/rbioc/rlibs/bioc-3.22/Seurat'
Installing RMariaDB...
 
→ Will install 1 package.
→ Will download 1 CRAN package (910.90 kB).
+ RMariaDB   1.3.4 [bld][cmp][dl] (910.90 kB) + ✔ libmysqlclient-dev
✔ All system requirements are already installed.
  
ℹ Getting 1 pkg (910.90 kB)
✔ Got RMariaDB 1.3.4 (source) (910.90 kB)
ℹ Building RMariaDB 1.3.4
✔ Built RMariaDB 1.3.4 (18.3s)
✔ Installed RMariaDB 1.3.4  (190ms)
✔ 1 pkg + 16 deps: kept 16, added 1, dld 1 (910.90 kB) [20.7s]
Installing rmarkdown...
 
✔ All system requirements are already installed.
  
ℹ No downloads are needed
✔ 1 pkg + 25 deps: kept 26 [1.2s]
Installing rmatio...
 
→ Will install 1 package.
→ Will download 1 CRAN package (860.12 kB).
+ rmatio   0.19.0 [bld][cmp][dl] (860.12 kB) + ✔ zlib1g-dev
✔ All system requirements are already installed.
  
ℹ Getting 1 pkg (860.12 kB)
✔ Got rmatio 0.19.0 (source) (860.12 kB)
ℹ Building rmatio 0.19.0
✔ Built rmatio 0.19.0 (17.7s)
✔ Installed rmatio 0.19.0  (174ms)
✔ 1 pkg + 2 deps: kept 2, added 1, dld 1 (860.12 kB) [20s]
Installing rmcorr...
 
→ Will install 1 package.
→ Will download 1 CRAN package (1.66 MB).
+ rmcorr   0.7.0 [bld][dl] (1.66 MB)
  
ℹ Getting 1 pkg (1.66 MB)
✔ Got rmcorr 0.7.0 (source) (1.66 MB)
ℹ Building rmcorr 0.7.0
✔ Built rmcorr 0.7.0 (1s)
✔ Installed rmcorr 0.7.0  (275ms)
✔ 1 pkg + 6 deps: kept 6, added 1, dld 1 (1.66 MB) [3.2s]
Installing rms...
 
✔ All system requirements are already installed.
  
ℹ No downloads are needed
✔ 1 pkg + 69 deps: kept 70 [1.6s]
Installing rmutil...
 
  
ℹ No downloads are needed
✔ 1 pkg: kept 1 [778ms]
Installing Rnanoflann...
 
  
ℹ No downloads are needed
✔ 1 pkg + 1 dep: kept 1 [1s]
Installing RNAseqData.HNRNPC.bam.chr14...
 
→ Will install 1 package.
→ The package (0 B) is cached.
+ RNAseqData.HNRNPC.bam.chr14   0.48.0 [bld]
  
ℹ No downloads are needed, 1 pkg is cached
✔ Got RNAseqData.HNRNPC.bam.chr14 0.48.0 (source) (348.68 MB)
ℹ Building RNAseqData.HNRNPC.bam.chr14 0.48.0
✔ Built RNAseqData.HNRNPC.bam.chr14 0.48.0 (41.8s)
✔ Installed RNAseqData.HNRNPC.bam.chr14 0.48.0  (4s)
✔ 1 pkg: added 1, dld 1 (348.68 MB) [58.5s]
Installing rngtools...
 
  
ℹ No downloads are needed
✔ 1 pkg + 1 dep: kept 2 [864ms]
Installing rngWELL...
 
  
ℹ No downloads are needed
✔ 1 pkg: kept 1 [819ms]
Installing RNOmni...
 
→ Will install 1 package.
→ Will download 1 CRAN package (85.47 kB).
+ RNOmni   1.0.1.2 [bld][cmp][dl] (85.47 kB)
  
ℹ Getting 1 pkg (85.47 kB)
✔ Got RNOmni 1.0.1.2 (source) (85.47 kB)
ℹ Building RNOmni 1.0.1.2
✔ Built RNOmni 1.0.1.2 (16.4s)
✔ Installed RNOmni 1.0.1.2  (177ms)
✔ 1 pkg + 3 deps: kept 2, added 1, dld 1 (85.47 kB) [18.1s]
Installing robust...
 
→ Will install 1 package.
→ Will download 1 CRAN package (237.56 kB).
+ robust   0.7-5 [bld][cmp][dl] (237.56 kB)
  
ℹ Getting 1 pkg (237.56 kB)
✔ Got robust 0.7-5 (source) (237.56 kB)
ℹ Building robust 0.7-5
✔ Built robust 0.7-5 (9.7s)
✔ Installed robust 0.7-5  (242ms)
✔ 1 pkg + 8 deps: kept 8, added 1, dld 1 (237.56 kB) [11.7s]
Installing robustbase...
 
  
ℹ No downloads are needed
✔ 1 pkg + 1 dep: kept 2 [825ms]
Installing ROCR...
 
  
ℹ No downloads are needed
✔ 1 pkg + 5 deps: kept 6 [1.1s]
Installing rootSolve...
 
  
ℹ No downloads are needed
✔ 1 pkg: kept 1 [764ms]
Installing ROSE...
 
  
ℹ No downloads are needed
✔ 1 pkg: kept 1 [752ms]
Installing roxygen2...
 
✔ All system requirements are already installed.
  
ℹ No downloads are needed
✔ 1 pkg + 27 deps: kept 28 [1.1s]
Installing rpart.plot...
 
→ Will install 1 package.
→ Will download 1 CRAN package (671.43 kB).
+ rpart.plot   3.1.3 [bld][dl] (671.43 kB)
  
ℹ Getting 1 pkg (671.43 kB)
✔ Got rpart.plot 3.1.3 (source) (671.43 kB)
ℹ Building rpart.plot 3.1.3
✔ Built rpart.plot 3.1.3 (3.2s)
✔ Installed rpart.plot 3.1.3  (285ms)
✔ 1 pkg + 1 dep: kept 1, added 1, dld 1 (671.43 kB) [5.1s]
Installing RPostgres...
 
→ Will install 1 package.
→ Will download 1 CRAN package (1.47 MB).
+ RPostgres   1.4.8 [bld][cmp][dl] (1.47 MB) + ✔ libpq-dev
✔ All system requirements are already installed.
  
ℹ Getting 1 pkg (1.47 MB)
✔ Got RPostgres 1.4.8 (source) (1.47 MB)
ℹ Building RPostgres 1.4.8
✔ Built RPostgres 1.4.8 (25.1s)
✔ Installed RPostgres 1.4.8  (176ms)
✔ 1 pkg + 17 deps: kept 17, added 1, dld 1 (1.47 MB) [26.8s]
Installing RPostgreSQL...
 
→ Will install 1 package.
→ Will download 1 CRAN package (565.22 kB).
+ RPostgreSQL   0.7-8 [bld][cmp][dl] (565.22 kB)
  
ℹ Getting 1 pkg (565.22 kB)
✔ Got RPostgreSQL 0.7-8 (source) (565.22 kB)
ℹ Building RPostgreSQL 0.7-8
✔ Built RPostgreSQL 0.7-8 (3.4s)
✔ Installed RPostgreSQL 0.7-8  (179ms)
✔ 1 pkg + 1 dep: kept 1, added 1, dld 1 (565.22 kB) [5s]
Installing rprojroot...
 
  
ℹ No downloads are needed
✔ 1 pkg: kept 1 [772ms]
Installing RProtoBuf...
 
✔ All system requirements are already installed.
  
ℹ No downloads are needed
✔ 1 pkg + 1 dep: kept 1 [881ms]
Installing RProtoBufLib...
 
✔ All system requirements are already installed.
  
ℹ No downloads are needed
✔ 1 pkg: kept 1 [789ms]
Installing rrcov...
 
  
ℹ No downloads are needed
✔ 1 pkg + 5 deps: kept 6 [881ms]
Installing rsample...
 
✔ All system requirements are already installed.
  
ℹ No downloads are needed
✔ 1 pkg + 28 deps: kept 29 [1.2s]
Installing Rsamtools...
 
✔ All system requirements are already installed.
  
ℹ No downloads are needed
✔ 1 pkg + 17 deps: kept 18 [1.1s]
Installing rsconnect...
 
→ Will install 2 packages.
→ Will download 2 CRAN packages (520.12 kB).
+ rsconnect       1.7.0 [bld][dl] (498.95 kB)
+ snowflakeauth   0.2.0 [bld][dl] (21.17 kB)
✔ All system requirements are already installed.
  
ℹ Getting 2 pkgs (520.12 kB)
✔ Got rsconnect 1.7.0 (source) (498.95 kB)
✔ Got snowflakeauth 0.2.0 (source) (21.17 kB)
ℹ Building snowflakeauth 0.2.0
✔ Built snowflakeauth 0.2.0 (931ms)
✔ Installed snowflakeauth 0.2.0  (135ms)
ℹ Building rsconnect 1.7.0
✔ Built rsconnect 1.7.0 (3.3s)
✔ Installed rsconnect 1.7.0  (242ms)
✔ 1 pkg + 20 deps: kept 18, added 2, dld 2 (520.12 kB) [6.9s]
Installing RSeqAn...
 
→ Will install 1 package.
→ The package (0 B) is cached.
+ RSeqAn   1.30.0 [bld][cmp]
  
ℹ No downloads are needed, 1 pkg is cached
✔ Got RSeqAn 1.30.0 (source) (1.72 MB)
ℹ Building RSeqAn 1.30.0
✔ Built RSeqAn 1.30.0 (6.1s)
✔ Installed RSeqAn 1.30.0  (3.9s)
✔ 1 pkg + 1 dep: added 1, dld 1 (1.72 MB) [12.5s]
Installing rsparse...
 
  
ℹ No downloads are needed
✔ 1 pkg + 9 deps: kept 9 [997ms]
Installing RSpectra...
 
  
ℹ No downloads are needed
✔ 1 pkg + 3 deps: kept 3 [874ms]
Installing RSQLite...
 
  
ℹ No downloads are needed
✔ 1 pkg + 13 deps: kept 14 [1.1s]
Installing rstan...
 
→ Will install 1 package.
→ The package (1.56 MB) is cached.
+ rstan   2.32.7 [bld][cmp] + ✔ make, ✔ pandoc
✔ All system requirements are already installed.
  
ℹ No downloads are needed, 1 pkg (1.56 MB) is cached
ℹ Building rstan 2.32.7
✔ Built rstan 2.32.7 (2m 0.9s)
✔ Installed rstan 2.32.7  (1.8s)
✔ 1 pkg + 44 deps: kept 43, added 1 [2m 4.4s]
