Installing packages from: /home/domeally/workspaces/vscode-rbioc/slurm_install/pkgs_016.txt
Target library: /packages/singularity/shared_cache/rbioc/rlibs/bioc-3.22
Installing rstanarm...
ℹ Loading metadata database
✔ Loading metadata database ... done

 
→ Will install 42 packages.
→ Will download 29 CRAN packages (41.56 MB), cached: 13 (8.89 MB).
+ bayesplot        1.15.0   [bld][dl] (5.09 MB) + ✔ pandoc
+ BH               1.90.0-1 [bld][dl] (14.31 MB)
+ callr            3.7.6    [bld]
+ checkmate        2.3.3    [bld][cmp][dl] (261.48 kB)
+ colourpicker     1.3.0    [bld][dl] (1.28 MB)
+ crosstalk        1.2.2    [bld]
+ desc             1.4.3    [bld]
+ distributional   0.5.0    [bld][dl] (107.44 kB)
+ DT               0.34.0   [bld][dl] (1.66 MB)
+ dygraphs         1.1.1.6  [bld][dl] (318.94 kB)
+ evaluate         1.0.5    [bld]
+ ggridges         0.5.7    [bld]
+ gridExtra        2.3      [bld]
+ gtools           3.9.5    [bld][cmp]
+ highr            0.11     [bld]
+ htmlwidgets      1.6.4    [bld]
+ inline           0.3.21   [bld][dl] (25.45 kB)
+ knitr            1.51     [bld][dl] (483.74 kB) + ✔ pandoc
+ lazyeval         0.2.2    [bld][cmp][dl] (83.48 kB)
+ litedown         0.9      [bld][dl] (103.18 kB)
+ loo              2.9.0    [bld][dl] (2.85 MB) + ✔ pandoc
+ markdown         2.0      [bld][dl] (23.66 kB)
+ miniUI           0.1.2    [bld]
+ pkgbuild         1.4.8    [bld][dl] (51.30 kB)
+ posterior        1.6.1    [bld][dl] (454.05 kB)
+ processx         3.8.6    [bld][cmp][dl] (165.19 kB)
+ ps               1.9.1    [bld][cmp][dl] (167.92 kB)
+ QuickJSR         1.8.1    [bld][cmp][dl] (625.34 kB) + ✔ make
+ RcppParallel     5.1.11-1 [bld][cmp] + ✔ make
+ rmarkdown        2.30     [bld] + ✔ pandoc
+ rstan            2.32.7   [bld][cmp][dl] (1.56 MB) + ✔ make, ✔ pandoc
+ rstanarm         2.32.2   [bld][cmp][dl] (4.00 MB) + ✔ make, ✔ pandoc
+ rstantools       2.5.0    [bld][dl] (100.00 kB) + ✔ pandoc
+ shinyjs          2.1.0    [bld][dl] (1.02 MB)
+ shinystan        2.7.0    [bld][dl] (2.39 MB)
+ shinythemes      1.2.0    [bld][dl] (972.14 kB)
+ StanHeaders      2.32.10  [bld][cmp][dl] (2.40 MB) + ✔ make, ✔ pandoc
+ tensorA          0.36.2.1 [bld][cmp][dl] (47.34 kB)
+ threejs          0.3.4    [bld][dl] (735.51 kB)
+ tinytex          0.58     [bld]
+ xfun             0.55     [bld][cmp][dl] (171.60 kB)
+ yaml             2.3.12   [bld][cmp][dl] (108.97 kB)
✔ All system requirements are already installed.
  
ℹ Getting 29 pkgs (41.56 MB), 13 (8.89 MB) cached
✔ Cached copy of checkmate 2.3.3 (source) is the latest build
✔ Cached copy of knitr 1.51 (source) is the latest build
✔ Cached copy of litedown 0.9 (source) is the latest build
✔ Cached copy of markdown 2.0 (source) is the latest build
✔ Cached copy of pkgbuild 1.4.8 (source) is the latest build
✔ Cached copy of processx 3.8.6 (source) is the latest build
✔ Cached copy of ps 1.9.1 (source) is the latest build
✔ Cached copy of xfun 0.55 (source) is the latest build
✔ Cached copy of yaml 2.3.12 (source) is the latest build
✔ Got inline 0.3.21 (source) (25.45 kB)
✔ Got BH 1.90.0-1 (source) (14.31 MB)
✔ Got colourpicker 1.3.0 (source) (1.28 MB)
✔ Got bayesplot 1.15.0 (source) (5.09 MB)
✔ Got distributional 0.5.0 (source) (107.44 kB)
✔ Got rstan 2.32.7 (source) (1.56 MB)
✔ Got shinystan 2.7.0 (source) (2.39 MB)
✔ Got StanHeaders 2.32.10 (source) (2.40 MB)
✔ Got posterior 1.6.1 (source) (454.05 kB)
✔ Got loo 2.9.0 (source) (2.85 MB)
✔ Got rstantools 2.5.0 (source) (100.00 kB)
✔ Got shinyjs 2.1.0 (source) (1.02 MB)
✔ Got DT 0.34.0 (source) (1.66 MB)
✔ Got threejs 0.3.4 (source) (735.51 kB)
✔ Got dygraphs 1.1.1.6 (source) (318.94 kB)
✔ Got lazyeval 0.2.2 (source) (83.48 kB)
✔ Got QuickJSR 1.8.1 (source) (625.34 kB)
✔ Got shinythemes 1.2.0 (source) (972.14 kB)
✔ Got tensorA 0.36.2.1 (source) (47.34 kB)
✔ Got rstanarm 2.32.2 (source) (4.00 MB)
ℹ Building BH 1.90.0-1
ℹ Building checkmate 2.3.3
ℹ Building desc 1.4.3
ℹ Building distributional 0.5.0
ℹ Building evaluate 1.0.5
ℹ Building ggridges 0.5.7
ℹ Building gridExtra 2.3
ℹ Building gtools 3.9.5
ℹ Building inline 0.3.21
ℹ Building lazyeval 0.2.2
ℹ Building miniUI 0.1.2
ℹ Building ps 1.9.1
ℹ Building QuickJSR 1.8.1
ℹ Building RcppParallel 5.1.11-1
ℹ Building shinyjs 2.1.0
ℹ Building shinythemes 1.2.0
ℹ Building tensorA 0.36.2.1
ℹ Building xfun 0.55
ℹ Building yaml 2.3.12
✔ Built inline 0.3.21 (4.1s)
✔ Built evaluate 1.0.5 (4.7s)
✔ Installed inline 0.3.21  (810ms)
✔ Installed evaluate 1.0.5  (425ms)
✔ Built shinyjs 2.1.0 (5.6s)
✔ Built miniUI 0.1.2 (6.6s)
✔ Built gridExtra 2.3 (6.9s)
✔ Built lazyeval 0.2.2 (6.8s)
✔ Installed shinyjs 2.1.0  (694ms)
✔ Installed miniUI 0.1.2  (1.2s)
✔ Built gtools 3.9.5 (8.1s)
✔ Built shinythemes 1.2.0 (7.2s)
✔ Built tensorA 0.36.2.1 (7.3s)
✔ Installed gridExtra 2.3  (1.3s)
✔ Installed lazyeval 0.2.2  (442ms)
ℹ Building crosstalk 1.2.2
✔ Built desc 1.4.3 (9s)
✔ Installed gtools 3.9.5  (505ms)
✔ Installed desc 1.4.3  (256ms)
✔ Installed tensorA 0.36.2.1  (166ms)
✔ Installed shinythemes 1.2.0  (359ms)
✔ Built ggridges 0.5.7 (11.5s)
✔ Installed ggridges 0.5.7  (218ms)
✔ Built distributional 0.5.0 (12.1s)
✔ Built checkmate 2.3.3 (12.3s)
✔ Installed distributional 0.5.0  (196ms)
✔ Installed checkmate 2.3.3  (301ms)
ℹ Building posterior 1.6.1
✔ Built xfun 0.55 (11.7s)
✔ Installed xfun 0.55  (337ms)
ℹ Building highr 0.11
ℹ Building litedown 0.9
ℹ Building tinytex 0.58
✔ Built crosstalk 1.2.2 (4.9s)
✔ Installed crosstalk 1.2.2  (259ms)
✔ Built highr 0.11 (2.4s)
✔ Built tinytex 0.58 (2.4s)
✔ Installed highr 0.11  (387ms)
✔ Built ps 1.9.1 (15.8s)
✔ Installed tinytex 0.58  (317ms)
✔ Installed ps 1.9.1  (266ms)
ℹ Building processx 3.8.6
✔ Built yaml 2.3.12 (16.1s)
✔ Installed yaml 2.3.12  (243ms)
ℹ Building knitr 1.51
✔ Built litedown 0.9 (5.5s)
✔ Installed litedown 0.9  (295ms)
ℹ Building markdown 2.0
✔ Built markdown 2.0 (1.9s)
✔ Installed markdown 2.0  (260ms)
✔ Built posterior 1.6.1 (9.7s)
✔ Installed posterior 1.6.1  (209ms)
ℹ Building bayesplot 1.15.0
ℹ Building loo 2.9.0
✔ Built processx 3.8.6 (8s)
✔ Installed processx 3.8.6  (330ms)
ℹ Building callr 3.7.6
✔ Built knitr 1.51 (8.5s)
✔ Installed knitr 1.51  (1.2s)
ℹ Building rmarkdown 2.30
✔ Built loo 2.9.0 (5.4s)
✔ Installed loo 2.9.0  (305ms)
✔ Built callr 3.7.6 (5.6s)
✔ Installed callr 3.7.6  (443ms)
ℹ Building pkgbuild 1.4.8
✔ Built pkgbuild 1.4.8 (3s)
✔ Installed pkgbuild 1.4.8  (202ms)
✔ Built bayesplot 1.15.0 (12.9s)
✔ Built rmarkdown 2.30 (8.1s)
✔ Installed bayesplot 1.15.0  (241ms)
✔ Built BH 1.90.0-1 (36.7s)
✔ Installed rmarkdown 2.30  (1.7s)
ℹ Building htmlwidgets 1.6.4
✔ Built htmlwidgets 1.6.4 (1.4s)
✔ Installed htmlwidgets 1.6.4  (275ms)
ℹ Building colourpicker 1.3.0
ℹ Building DT 0.34.0
ℹ Building dygraphs 1.1.1.6
ℹ Building threejs 0.3.4
✔ Built dygraphs 1.1.1.6 (2.8s)
✔ Built colourpicker 1.3.0 (3.3s)
✔ Installed dygraphs 1.1.1.6  (290ms)
✔ Built threejs 0.3.4 (3.1s)
✔ Installed colourpicker 1.3.0  (271ms)
✔ Built RcppParallel 5.1.11-1 (42.4s)
✔ Built DT 0.34.0 (3.8s)
✔ Installed threejs 0.3.4  (397ms)
✔ Installed RcppParallel 5.1.11-1  (838ms)
ℹ Building rstantools 2.5.0
ℹ Building StanHeaders 2.32.10
✔ Installed DT 0.34.0  (2.9s)
✔ Built rstantools 2.5.0 (2.2s)
✔ Installed rstantools 2.5.0  (184ms)
✔ Built QuickJSR 1.8.1 (47.7s)
✔ Installed QuickJSR 1.8.1  (1.3s)
✔ Built StanHeaders 2.32.10 (16.4s)
✔ Installed StanHeaders 2.32.10  (9.3s)
✔ Installed BH 1.90.0-1  (2m 7.3s)
ℹ Building rstan 2.32.7
✖ Failed to build rstan 2.32.7 (428ms)
  FAILED: ! error in pak subprocess
Caused by error in `stop_task_build(state, worker)`:
! Failed to build source package rstan.
Full installation output:
ERROR: dependency ‘BH’ is not available for package ‘rstan’
Perhaps try a variation of:
install.packages('BH')
* removing ‘/tmp/RtmpSU6yxu/pkg-lib106c5614a3a4d7/rstan’
Installing rstantools...
 
✔ All system requirements are already installed.
  
ℹ No downloads are needed
✔ 1 pkg + 5 deps: kept 5 [671ms]
Installing rstatix...
 
→ Will install 2 packages.
→ Will download 2 CRAN packages (4.16 MB).
+ corrplot   0.95  [bld][dl] (3.75 MB)
+ rstatix    0.7.3 [bld][dl] (416.50 kB)
✔ All system requirements are already installed.
  
ℹ Getting 2 pkgs (4.16 MB)
✔ Got rstatix 0.7.3 (source) (416.50 kB)
✔ Got corrplot 0.95 (source) (3.75 MB)
ℹ Building corrplot 0.95
✔ Built corrplot 0.95 (1.5s)
✔ Installed corrplot 0.95  (177ms)
ℹ Building rstatix 0.7.3
✔ Built rstatix 0.7.3 (4s)
✔ Installed rstatix 0.7.3  (116ms)
✔ 1 pkg + 74 deps: kept 72, added 2, dld 2 (4.16 MB) [9.3s]
Installing rstpm2...
 
→ Will install 5 packages.
→ Will download 5 CRAN packages (1.79 MB).
+ bbmle        1.0.25.1 [bld][dl] (529.03 kB)
+ bdsmatrix    1.3-7    [bld][cmp][dl] (48.03 kB)
+ fastGHQuad   1.0.1    [bld][cmp][dl] (10.06 kB)
+ lsoda        1.2      [bld][cmp][dl] (24.50 kB)
+ rstpm2       1.7.1    [bld][cmp][dl] (1.18 MB)
  
ℹ Getting 5 pkgs (1.79 MB)
✔ Got fastGHQuad 1.0.1 (source) (10.06 kB)
✔ Got bdsmatrix 1.3-7 (source) (48.03 kB)
✔ Got lsoda 1.2 (source) (24.50 kB)
✔ Got bbmle 1.0.25.1 (source) (529.03 kB)
✔ Got rstpm2 1.7.1 (source) (1.18 MB)
ℹ Building bdsmatrix 1.3-7
ℹ Building fastGHQuad 1.0.1
ℹ Building lsoda 1.2
✔ Built bdsmatrix 1.3-7 (3.9s)
✔ Installed bdsmatrix 1.3-7  (132ms)
ℹ Building bbmle 1.0.25.1
✔ Built fastGHQuad 1.0.1 (4.6s)
✔ Installed fastGHQuad 1.0.1  (125ms)
✔ Built lsoda 1.2 (7.2s)
✔ Installed lsoda 1.2  (1.1s)
✔ Built bbmle 1.0.25.1 (4.3s)
✔ Installed bbmle 1.0.25.1  (151ms)
ℹ Building rstpm2 1.7.1
✔ Built rstpm2 1.7.1 (1m 47.6s)
✔ Installed rstpm2 1.7.1  (460ms)
✔ 1 pkg + 14 deps: kept 9, added 5, dld 5 (1.79 MB) [1m 58.9s]
Installing rstudioapi...
 
  
ℹ No downloads are needed
✔ 1 pkg: kept 1 [668ms]
Installing Rsubread...
 
→ Will install 1 package.
→ The package (0 B) is cached.
+ Rsubread   2.24.0 [bld][cmp]
  
ℹ No downloads are needed, 1 pkg is cached
✔ Got Rsubread 2.24.0 (source) (13.60 MB)
ℹ Building Rsubread 2.24.0
✔ Built Rsubread 2.24.0 (34.8s)
✔ Installed Rsubread 2.24.0  (491ms)
✔ 1 pkg + 2 deps: kept 2, added 1, dld 1 (13.60 MB) [37.2s]
Installing rsvd...
 
→ Will install 1 package.
→ The package (3.46 MB) is cached.
+ rsvd   1.0.5 [bld]
  
ℹ No downloads are needed, 1 pkg (3.46 MB) is cached
✔ Installed rsvd 1.0.5  (151ms)
✔ 1 pkg + 2 deps: kept 2, added 1 [972ms]
Installing rsvg...
 
→ Will install 1 package.
→ Will download 1 CRAN package (260.08 kB).
+ rsvg   2.7.0 [bld][cmp][dl] (260.08 kB) + ✔ librsvg2-dev
✔ All system requirements are already installed.
  
ℹ Getting 1 pkg (260.08 kB)
✔ Got rsvg 2.7.0 (source) (260.08 kB)
ℹ Building rsvg 2.7.0
✔ Built rsvg 2.7.0 (1.4s)
✔ Installed rsvg 2.7.0  (142ms)
✔ 1 pkg: added 1, dld 1 (260.08 kB) [2.8s]
Installing rtracklayer...
 
✔ All system requirements are already installed.
  
ℹ No downloads are needed
✔ 1 pkg + 44 deps: kept 45 [1.4s]
Installing Rtsne...
 
  
ℹ No downloads are needed
✔ 1 pkg + 1 dep: kept 1 [644ms]
Installing Rttf2pt1...
 
→ Will install 1 package.
→ Will download 1 CRAN package (226.75 kB).
+ Rttf2pt1   1.3.14 [bld][cmp][dl] (226.75 kB)
  
ℹ Getting 1 pkg (226.75 kB)
✔ Got Rttf2pt1 1.3.14 (source) (226.75 kB)
ℹ Building Rttf2pt1 1.3.14
✔ Built Rttf2pt1 1.3.14 (5s)
✔ Installed Rttf2pt1 1.3.14  (127ms)
✔ 1 pkg: added 1, dld 1 (226.75 kB) [6.8s]
Installing RUnit...
 
→ Will install 1 package.
→ Will download 1 CRAN package (180.32 kB).
+ RUnit   0.4.33.1 [bld][dl] (180.32 kB)
  
ℹ Getting 1 pkg (180.32 kB)
✔ Got RUnit 0.4.33.1 (source) (180.32 kB)
ℹ Building RUnit 0.4.33.1
✔ Built RUnit 0.4.33.1 (1.3s)
✔ Installed RUnit 0.4.33.1  (188ms)
✔ 1 pkg: added 1, dld 1 (180.32 kB) [2.8s]
Installing RUVSeq...
 
→ Will install 7 packages.
→ Will download 2 CRAN packages (1.31 MB), cached: 5 (0 B).
+ aroma.light    3.40.0 [bld]
+ biomaRt        2.66.0 [bld]
+ EDASeq         2.44.0 [bld]
+ jpeg           0.1-11 [bld][cmp][dl] (19.30 kB) + ✔ libjpeg-dev
+ latticeExtra   0.6-31 [bld][dl] (1.29 MB)
+ RUVSeq         1.44.0 [bld]
+ ShortRead      1.68.0 [bld][cmp]
✔ All system requirements are already installed.
  
ℹ Getting 2 pkgs (1.31 MB), 5 cached
✔ Got jpeg 0.1-11 (source) (19.30 kB)
✔ Got biomaRt 2.66.0 (source) (909.34 kB)
✔ Got aroma.light 3.40.0 (source) (393.74 kB)
✔ Got latticeExtra 0.6-31 (source) (1.29 MB)
✔ Got EDASeq 2.44.0 (source) (1.19 MB)
✔ Got RUVSeq 1.44.0 (source) (513.18 kB)
✔ Got ShortRead 1.68.0 (source) (5.32 MB)
ℹ Building jpeg 0.1-11
ℹ Building aroma.light 3.40.0
ℹ Building biomaRt 2.66.0
✔ Built jpeg 0.1-11 (1s)
✔ Installed jpeg 0.1-11  (116ms)
ℹ Building latticeExtra 0.6-31
✔ Built aroma.light 3.40.0 (2.3s)
✔ Installed aroma.light 3.40.0  (1.3s)
✔ Built latticeExtra 0.6-31 (2.9s)
✔ Installed latticeExtra 0.6-31  (147ms)
ℹ Building ShortRead 1.68.0
✔ Built biomaRt 2.66.0 (7.5s)
✔ Installed biomaRt 2.66.0  (172ms)
✔ Built ShortRead 1.68.0 (25.3s)
✔ Installed ShortRead 1.68.0  (489ms)
ℹ Building EDASeq 2.44.0
✔ Built EDASeq 2.44.0 (18.7s)
✔ Installed EDASeq 2.44.0  (158ms)
ℹ Building RUVSeq 1.44.0
✔ Built RUVSeq 1.44.0 (18s)
✔ Installed RUVSeq 1.44.0  (142ms)
✔ 1 pkg + 105 deps: kept 98, added 7, dld 7 (9.64 MB) [1m 11s]
Installing rversions...
 
→ Will install 1 package.
→ Will download 1 CRAN package (86.68 kB).
+ rversions   3.0.0 [bld][dl] (86.68 kB)
✔ All system requirements are already installed.
  
ℹ Getting 1 pkg (86.68 kB)
✔ Got rversions 3.0.0 (source) (86.68 kB)
ℹ Building rversions 3.0.0
✔ Built rversions 3.0.0 (1.2s)
✔ Installed rversions 3.0.0  (113ms)
✔ 1 pkg + 1 dep: kept 1, added 1, dld 1 (86.68 kB) [2.5s]
Installing rvest...
 
✔ All system requirements are already installed.
  
ℹ No downloads are needed
✔ 1 pkg + 22 deps: kept 23 [1s]
Installing rvg...
 
→ Will install 5 packages.
→ Will download 5 CRAN packages (7.56 MB).
+ fontBitstreamVera   0.1.1 [bld][dl] (693.96 kB)
+ fontLiberation      0.1.0 [bld][dl] (4.53 MB)
+ fontquiver          0.2.1 [bld][dl] (2.23 MB)
+ gdtools             0.4.4 [bld][cmp][dl] (73.90 kB) + ✔ libcairo2-dev, ✔ libfontconfig1-dev, ✔ libfreetype6-dev
+ rvg                 0.4.0 [bld][cmp][dl] (31.71 kB) + ✔ libpng-dev
✔ All system requirements are already installed.
  
ℹ Getting 5 pkgs (7.56 MB)
✔ Got fontBitstreamVera 0.1.1 (source) (693.96 kB)
✔ Got gdtools 0.4.4 (source) (73.90 kB)
✔ Got fontquiver 0.2.1 (source) (2.23 MB)
✔ Got rvg 0.4.0 (source) (31.71 kB)
✔ Got fontLiberation 0.1.0 (source) (4.53 MB)
ℹ Building fontBitstreamVera 0.1.1
ℹ Building fontLiberation 0.1.0
✔ Built fontBitstreamVera 0.1.1 (567ms)
✔ Installed fontBitstreamVera 0.1.1  (190ms)
✔ Built fontLiberation 0.1.0 (1s)
✔ Installed fontLiberation 0.1.0  (245ms)
ℹ Building fontquiver 0.2.1
✔ Built fontquiver 0.2.1 (1.1s)
✔ Installed fontquiver 0.2.1  (149ms)
ℹ Building gdtools 0.4.4
✔ Built gdtools 0.4.4 (11.9s)
✔ Installed gdtools 0.4.4  (166ms)
ℹ Building rvg 0.4.0
✔ Built rvg 0.4.0 (29.4s)
✔ Installed rvg 0.4.0  (156ms)
✔ 1 pkg + 39 deps: kept 34, added 5, dld 5 (7.56 MB) [47.3s]
Installing rzmq...
 
→ Will install 1 package.
→ Will download 1 CRAN package (20.60 kB).
+ rzmq   0.9.15 [bld][cmp][dl] (20.60 kB) + ✔ libzmq3-dev
✔ All system requirements are already installed.
  
ℹ Getting 1 pkg (20.60 kB)
✔ Got rzmq 0.9.15 (source) (20.60 kB)
ℹ Building rzmq 0.9.15
✔ Built rzmq 0.9.15 (2s)
✔ Installed rzmq 0.9.15  (114ms)
✔ 1 pkg: added 1, dld 1 (20.60 kB) [3.4s]
Installing s2...
 
→ Will install 1 package.
→ The package (2.97 MB) is cached.
+ s2   1.1.9 [bld][cmp] + ✖ libabsl-dev, ✔ cmake, ✔ libssl-dev
✖ Missing 1 system package. You'll probably need to install it manually:
+ libabsl-dev  - s2
ℹ No downloads are needed, 1 pkg (2.97 MB) is cached
ℹ Building s2 1.1.9
✔ Built s2 1.1.9 (6m 20.7s)
✔ Installed s2 1.1.9  (694ms)
✔ 1 pkg + 2 deps: kept 1, added 1 [6m 22.4s]
Installing S4Arrays...
 
  
ℹ No downloads are needed
✔ 1 pkg + 7 deps: kept 8 [888ms]
Installing S4Vectors...
 
  
ℹ No downloads are needed
✔ 1 pkg + 2 deps: kept 3 [824ms]
Installing S7...
 
  
ℹ No downloads are needed
✔ 1 pkg: kept 1 [730ms]
Installing safe...
 
✔ All system requirements are already installed.
  
ℹ No downloads are needed
✔ 1 pkg + 35 deps: kept 36 [1.5s]
Installing safer...
 
→ Will install 2 packages.
→ Will download 2 CRAN packages (476.05 kB).
+ safer    0.2.1 [bld][dl] (8.46 kB)
+ sodium   1.4.0 [bld][cmp][dl] (467.59 kB) + ✔ libsodium-dev
✔ All system requirements are already installed.
  
ℹ Getting 2 pkgs (476.05 kB)
✔ Got safer 0.2.1 (source) (8.46 kB)
✔ Got sodium 1.4.0 (source) (467.59 kB)
ℹ Building sodium 1.4.0
✔ Built sodium 1.4.0 (1.7s)
✔ Installed sodium 1.4.0  (148ms)
ℹ Building safer 0.2.1
✔ Built safer 0.2.1 (786ms)
✔ Installed safer 0.2.1  (105ms)
✔ 1 pkg + 3 deps: kept 2, added 2, dld 2 (476.05 kB) [4.8s]
Installing safetensors...
 
→ Will install 1 package.
→ Will download 1 CRAN package (8.34 kB).
+ safetensors   0.2.0 [bld][dl] (8.34 kB)
  
ℹ Getting 1 pkg (8.34 kB)
✔ Got safetensors 0.2.0 (source) (8.34 kB)
ℹ Building safetensors 0.2.0
✔ Built safetensors 0.2.0 (938ms)
✔ Installed safetensors 0.2.0  (108ms)
✔ 1 pkg + 4 deps: kept 4, added 1, dld 1 (8.34 kB) [2.8s]
Installing sandwich...
 
  
ℹ No downloads are needed
✔ 1 pkg + 2 deps: kept 3 [737ms]
Installing sass...
 
✔ All system requirements are already installed.
  
ℹ No downloads are needed
✔ 1 pkg + 8 deps: kept 9 [818ms]
Installing scagnostics...
 
→ Will install 1 package.
→ Will download 1 CRAN package (68.92 kB).
+ scagnostics   0.2-6 [bld][dl] (68.92 kB)
✔ All system requirements are already installed.
  
ℹ Getting 1 pkg (68.92 kB)
✔ Got scagnostics 0.2-6 (source) (68.92 kB)
ℹ Building scagnostics 0.2-6
✔ Built scagnostics 0.2-6 (1.2s)
✔ Installed scagnostics 0.2-6  (114ms)
✔ 1 pkg + 1 dep: kept 1, added 1, dld 1 (68.92 kB) [2.9s]
Installing ScaledMatrix...
 
  
ℹ No downloads are needed
✔ 1 pkg + 13 deps: kept 14 [920ms]
Installing scales...
 
  
ℹ No downloads are needed
✔ 1 pkg + 9 deps: kept 10 [832ms]
Installing scater...
 
→ Will install 6 packages.
→ All 6 packages (17.83 MB) are cached.
+ BH        1.90.0-1 [bld]
+ dqrng     0.4.1    [bld][cmp]
+ ggrastr   1.0.2    [bld]
+ RcppML    0.3.7    [bld][cmp]
+ scater    1.38.0   [bld]
+ uwot      0.2.4    [bld][cmp]
✔ All system requirements are already installed.
  
ℹ No downloads are needed, 6 pkgs (17.83 MB) are cached
ℹ Building ggrastr 1.0.2
✔ Installed RcppML 0.3.7  (1.2s)
✔ Built ggrastr 1.0.2 (2.5s)
✔ Installed ggrastr 1.0.2  (1.2s)
✔ Installed BH 1.90.0-1  (1m 32.4s)
ℹ Building dqrng 0.4.1
✖ Failed to build dqrng 0.4.1 (200ms)
  FAILED: ! error in pak subprocess
Caused by error in `stop_task_build(state, worker)`:
! Failed to build source package dqrng.
Full installation output:
ERROR: dependency ‘BH’ is not available for package ‘dqrng’
Perhaps try a variation of:
install.packages('BH')
* removing ‘/tmp/RtmpSU6yxu/pkg-lib106c566d30c783/dqrng’
Installing scattermore...
 
  
ℹ No downloads are needed
✔ 1 pkg + 16 deps: kept 17 [1.2s]
Installing scatterpie...
 
✔ All system requirements are already installed.
  
ℹ No downloads are needed
✔ 1 pkg + 40 deps: kept 41 [1.2s]
Installing scatterplot3d...
 
  
ℹ No downloads are needed
✔ 1 pkg: kept 1 [763ms]
Installing sccomp...
 
→ Will install 2 packages.
→ Will download 1 CRAN package (20.81 kB), cached: 1 (0 B).
+ instantiate   0.2.3 [bld][cmp][dl] (20.81 kB)
+ sccomp        2.2.0 [bld] + ✔ make
✔ All system requirements are already installed.
  
ℹ Getting 1 pkg (20.81 kB), 1 cached
✔ Got instantiate 0.2.3 (source) (20.81 kB)
✔ Got sccomp 2.2.0 (source) (2.82 MB)
ℹ Building instantiate 0.2.3
✔ Built instantiate 0.2.3 (1.3s)
✔ Installed instantiate 0.2.3  (179ms)
ℹ Building sccomp 2.2.0
✔ Built sccomp 2.2.0 (14.7s)
✔ Installed sccomp 2.2.0  (257ms)
✔ 1 pkg + 64 deps: kept 62, added 2, dld 2 (2.85 MB) [19.2s]
Installing sccore...
 
→ Will install 5 packages.
→ All 5 packages (17.68 MB) are cached.
+ BH       1.90.0-1 [bld]
+ dqrng    0.4.1    [bld][cmp]
+ sccore   1.0.6    [bld][cmp]
+ Seurat   5.4.0    [bld][cmp]
+ uwot     0.2.4    [bld][cmp]
✔ All system requirements are already installed.
  
ℹ No downloads are needed, 5 pkgs (17.68 MB) are cached
✔ Installed BH 1.90.0-1  (1m 29.7s)
ℹ Building dqrng 0.4.1
✖ Failed to build dqrng 0.4.1 (199ms)
  FAILED: ! error in pak subprocess
Caused by error in `stop_task_build(state, worker)`:
! Failed to build source package dqrng.
Full installation output:
ERROR: dependency ‘BH’ is not available for package ‘dqrng’
Perhaps try a variation of:
install.packages('BH')
* removing ‘/tmp/RtmpSU6yxu/pkg-lib106c5635d9f271/dqrng’
Installing scCustomize...
 
→ Will install 7 packages.
→ Will download 3 CRAN packages (4.47 MB), cached: 4 (17.30 MB).
+ BH            1.90.0-1 [bld]
+ dqrng         0.4.1    [bld][cmp]
+ mcprogress    0.1.1    [bld][dl] (455.21 kB)
+ paletteer     1.6.0    [bld][dl] (2.48 MB)
+ scCustomize   3.2.4    [bld][dl] (1.54 MB)
+ Seurat        5.4.0    [bld][cmp]
+ uwot          0.2.4    [bld][cmp]
✔ All system requirements are already installed.
  
ℹ Getting 3 pkgs (4.47 MB), 4 (17.30 MB) cached
✔ Got mcprogress 0.1.1 (source) (455.21 kB)
✔ Got scCustomize 3.2.4 (source) (1.54 MB)
✔ Got paletteer 1.6.0 (source) (2.48 MB)
ℹ Building mcprogress 0.1.1
ℹ Building paletteer 1.6.0
✔ Built mcprogress 0.1.1 (795ms)
✔ Installed mcprogress 0.1.1  (142ms)
✔ Built paletteer 1.6.0 (1.8s)
✔ Installed paletteer 1.6.0  (171ms)
✔ Installed BH 1.90.0-1  (1m 50.7s)
ℹ Building dqrng 0.4.1
✖ Failed to build dqrng 0.4.1 (197ms)
  FAILED: ! error in pak subprocess
Caused by error in `stop_task_build(state, worker)`:
! Failed to build source package dqrng.
Full installation output:
ERROR: dependency ‘BH’ is not available for package ‘dqrng’
Perhaps try a variation of:
install.packages('BH')
* removing ‘/tmp/RtmpSU6yxu/pkg-lib106c56514894d7/dqrng’
Installing scDblFinder...
 
→ Will install 6 packages.
→ All 6 packages (15.19 MB) are cached.
+ BH            1.90.0-1 [bld]
+ dqrng         0.4.1    [bld][cmp]
+ scater        1.38.0   [bld]
+ scDblFinder   1.24.0   [bld]
+ scran         1.38.0   [bld][cmp]
+ uwot          0.2.4    [bld][cmp]
✔ All system requirements are already installed.
  
ℹ No downloads are needed, 6 pkgs (15.19 MB) are cached
✔ Got scDblFinder 1.24.0 (source) (2.25 MB)
✔ Installed BH 1.90.0-1  (4m 37.9s)
ℹ Building dqrng 0.4.1
✖ Failed to build dqrng 0.4.1 (198ms)
  FAILED: ! error in pak subprocess
Caused by error in `stop_task_build(state, worker)`:
! Failed to build source package dqrng.
Full installation output:
ERROR: dependency ‘BH’ is not available for package ‘dqrng’
Perhaps try a variation of:
install.packages('BH')
* removing ‘/tmp/RtmpSU6yxu/pkg-lib106c56237c8c76/dqrng’
Installing scGate...
 
→ Will install 6 packages.
→ Will download 1 CRAN package (1.59 MB), cached: 5 (17.30 MB).
+ BH       1.90.0-1 [bld]
+ dqrng    0.4.1    [bld][cmp]
+ scGate   1.7.2    [bld][dl] (1.59 MB)
+ Seurat   5.4.0    [bld][cmp]
+ UCell    2.14.0   [bld]
+ uwot     0.2.4    [bld][cmp]
✔ All system requirements are already installed.
  
ℹ Getting 1 pkg (1.59 MB), 5 (17.30 MB) cached
✔ Got scGate 1.7.2 (source) (1.59 MB)
✔ Got UCell 2.14.0 (source) (2.41 MB)
ℹ Building UCell 2.14.0
✔ Built UCell 2.14.0 (10.3s)
✔ Installed UCell 2.14.0  (218ms)
✔ Installed BH 1.90.0-1  (1m 15.1s)
ℹ Building dqrng 0.4.1
✔ Built dqrng 0.4.1 (10s)
✔ Installed dqrng 0.4.1  (1.2s)
ℹ Building uwot 0.2.4
✔ Built uwot 0.2.4 (46.6s)
✔ Installed uwot 0.2.4  (490ms)
ℹ Building Seurat 5.4.0
✔ Built Seurat 5.4.0 (54s)
✔ Installed Seurat 5.4.0  (263ms)
ℹ Building scGate 1.7.2
✖ Failed to build scGate 1.7.2 (7.4s)
  FAILED: ! error in pak subprocess
Caused by error in `stop_task_build(state, worker)`:
! Failed to build source package scGate.
Full installation output:
* installing *source* package ‘scGate’ ...
** this is package ‘scGate’ version ‘1.7.2’
** package ‘scGate’ successfully unpacked and MD5 sums checked
staged installation is only possible with locking
** using non-staged installation
** R
** data
*** moving datasets to lazyload DB
** inst
** byte-compile and prepare package for lazy loading
Warning: S3 methods ‘SCTResults<-.SCTAssay’, ‘SCTResults<-.SCTModel’, ‘[.SlideSeq’, ‘[.VisiumV1’, ‘levels<-.SCTAssay’, ‘.CalcN.IterableMatrix’, ‘AddModuleScore.Assay’, ‘AddModuleScore.Seurat’, ‘AddModuleScore.StdAssay’, ‘AnnotateAnchors.IntegrationAnchorSet’, ‘AnnotateAnchors.TransferAnchorSet’, ‘AnnotateAnchors.default’, ‘Cells.SCTAssay’, ‘Cells.SCTModel’, ‘Cells.STARmap’, ‘Cells.SlideSeq’, ‘Cells.VisiumV1’, ‘Features.SCTAssay’, ‘Features.SCTModel’, ‘FetchData.VisiumV1’, ‘FetchResiduals.SCTAssay’, ‘FetchResiduals.Seurat’, ‘FindClusters.Seurat’, ‘FindClusters.default’, ‘FindMarkers.Assay’, ‘FindMarkers.DimReduc’, ‘FindMarkers.SCTAssay’, ‘FindMarkers.Seurat’, ‘FindMarkers.StdAssay’, ‘FindMarkers.default’, ‘FindNeighbors.Assay’, ‘FindNeighbors.Seurat’, ‘FindNeighbors.default’, ‘FindNeighbors.dist’, ‘FindSpatiallyVariableFeatures.Assay’, ‘FindSpatiallyVariab [... truncated]
Error in find.package(package, lib.loc, verbose = verbose) : 
  there is no package called ‘Seurat’
Calls: <Anonymous> ... namespaceImport -> loadNamespace -> library.dynam -> find.package
Execution halted
ERROR: lazy loading failed for package ‘scGate’
* removing ‘/tmp/RtmpSU6yxu/pkg-lib106c561df644a2/scGate’
Installing scone...
 
→ Will install 1 package.
→ The package (0 B) is cached.
+ scone   1.34.0 [bld]
✔ All system requirements are already installed.
  
ℹ No downloads are needed, 1 pkg is cached
✔ Got scone 1.34.0 (source) (1.86 MB)
ℹ Building scone 1.34.0
✔ Built scone 1.34.0 (25.1s)
✔ Installed scone 1.34.0  (203ms)
✔ 1 pkg + 168 deps: kept 167, added 1, dld 1 (1.86 MB) [29.1s]
Installing scran...
 
→ Will install 1 package.
→ The package (0 B) is cached.
+ scran   1.38.0 [bld][cmp]
✔ All system requirements are already installed.
  
ℹ No downloads are needed, 1 pkg is cached
ℹ Building scran 1.38.0
✔ Built scran 1.38.0 (45.7s)
✔ Installed scran 1.38.0  (355ms)
✔ 1 pkg + 50 deps: kept 49, added 1 [47.7s]
Installing scRNAseq...
 
→ Will install 1 package.
→ The package (0 B) is cached.
+ scRNAseq   2.24.0 [bld]
✔ All system requirements are already installed.
  
ℹ No downloads are needed, 1 pkg is cached
✔ Got scRNAseq 2.24.0 (source) (311.65 kB)
ℹ Building scRNAseq 2.24.0
✔ Built scRNAseq 2.24.0 (19.9s)
✔ Installed scRNAseq 2.24.0  (352ms)
✔ 1 pkg + 106 deps: kept 105, added 1, dld 1 (311.65 kB) [23.4s]
Installing sctransform...
 
✔ All system requirements are already installed.
  
ℹ No downloads are needed
✔ 1 pkg + 41 deps: kept 41 [1.6s]
Installing scuttle...
 
  
ℹ No downloads are needed
✔ 1 pkg + 27 deps: kept 27 [1.3s]
Installing sda...
 
→ Will install 1 package.
→ Will download 1 CRAN package (3.99 MB).
+ sda   1.3.9 [bld][dl] (3.99 MB)
  
ℹ Getting 1 pkg (3.99 MB)
✔ Got sda 1.3.9 (source) (3.99 MB)
ℹ Building sda 1.3.9
✔ Built sda 1.3.9 (1.1s)
✔ Installed sda 1.3.9  (161ms)
✔ 1 pkg + 3 deps: kept 3, added 1, dld 1 (3.99 MB) [3.2s]
Installing secretbase...
 
  
ℹ No downloads are needed
✔ 1 pkg: kept 1 [765ms]
Installing see...
 
  
ℹ No downloads are needed
✔ 1 pkg + 25 deps: kept 26 [1.1s]
Installing segmented...
 
  
ℹ No downloads are needed
✔ 1 pkg + 3 deps: kept 4 [851ms]
Installing selectr...
 
✔ All system requirements are already installed.
  
ℹ No downloads are needed
✔ 1 pkg + 9 deps: kept 10 [1.1s]
Installing sentencepiece...
 
→ Will install 1 package.
→ Will download 1 CRAN package (3.07 MB).
+ sentencepiece   0.2.4 [bld][cmp][dl] (3.07 MB)
  
ℹ Getting 1 pkg (3.07 MB)
✔ Got sentencepiece 0.2.4 (source) (3.07 MB)
ℹ Building sentencepiece 0.2.4
✔ Built sentencepiece 0.2.4 (2m 12.6s)
✔ Installed sentencepiece 0.2.4  (399ms)
✔ 1 pkg + 1 dep: added 1, dld 1 (3.07 MB) [2m 14.8s]
Installing SeqArray...
 
→ Will install 1 package.
→ The package (0 B) is cached.
+ SeqArray   1.50.0 [bld][cmp]
  
ℹ No downloads are needed, 1 pkg is cached
✔ Got SeqArray 1.50.0 (source) (3.85 MB)
ℹ Building SeqArray 1.50.0
✔ Built SeqArray 1.50.0 (26.1s)
✔ Installed SeqArray 1.50.0  (2.3s)
✔ 1 pkg + 11 deps: kept 11, added 1, dld 1 (3.85 MB) [30.4s]
Installing seqinr...
 
✔ All system requirements are already installed.
  
ℹ No downloads are needed
✔ 1 pkg + 8 deps: kept 8 [1.1s]
Installing seqLogo...
 
→ Will install 1 package.
→ The package (0 B) is cached.
+ seqLogo   1.76.0 [bld]
  
ℹ No downloads are needed, 1 pkg is cached
✔ Got seqLogo 1.76.0 (source) (941.59 kB)
ℹ Building seqLogo 1.76.0
✔ Built seqLogo 1.76.0 (1.5s)
✔ Installed seqLogo 1.76.0  (158ms)
✔ 1 pkg: added 1, dld 1 (941.59 kB) [3.4s]
Installing seriation...
 
  
ℹ No downloads are needed
✔ 1 pkg + 17 deps: kept 18 [1.1s]
Installing servr...
 
✔ All system requirements are already installed.
  
ℹ No downloads are needed
✔ 1 pkg + 15 deps: kept 15 [1s]
Installing sessioninfo...
 
  
ℹ No downloads are needed
✔ 1 pkg + 1 dep: kept 2 [1.1s]
Installing sets...
 
  
ℹ No downloads are needed
✔ 1 pkg: kept 1 [811ms]
Installing settings...
 
  
ℹ No downloads are needed
✔ 1 pkg: kept 1 [812ms]
Installing Seurat...
 
✔ All system requirements are already installed.
  
ℹ No downloads are needed
✔ 1 pkg + 134 deps: kept 134 [2.5s]
Installing SeuratObject...
 
  
ℹ No downloads are needed
✔ 1 pkg + 19 deps: kept 19 [1s]
Installing sf...
 
✖ Missing 1 system package. You'll probably need to install it manually:
+ libabsl-dev  - s2
ℹ No downloads are needed
✔ 1 pkg + 12 deps: kept 12 [994ms]
Installing sfd...
 
  
ℹ No downloads are needed
✔ 1 pkg + 10 deps: kept 11 [931ms]
Installing sfheaders...
 
  
ℹ No downloads are needed
✔ 1 pkg + 1 dep: kept 1 [951ms]
Installing sfsmisc...
 
  
ℹ No downloads are needed
✔ 1 pkg: kept 1 [753ms]
Installing shadowtext...
 
→ Will install 1 package.
→ Will download 1 CRAN package (174.30 kB).
+ shadowtext   0.1.6 [bld][dl] (174.30 kB)
✔ All system requirements are already installed.
  
ℹ Getting 1 pkg (174.30 kB)
✔ Got shadowtext 0.1.6 (source) (174.30 kB)
ℹ Building shadowtext 0.1.6
✔ Built shadowtext 0.1.6 (2.2s)
✔ Installed shadowtext 0.1.6  (1.1s)
✔ 1 pkg + 54 deps: kept 53, added 1, dld 1 (174.30 kB) [5.6s]
Installing shape...
 
  
ℹ No downloads are needed
✔ 1 pkg: kept 1 [833ms]
Installing shapefiles...
 
  
ℹ No downloads are needed
✔ 1 pkg + 1 dep: kept 2 [879ms]
Installing shiny...
 
✔ All system requirements are already installed.
  
ℹ No downloads are needed
✔ 1 pkg + 29 deps: kept 29 [1.2s]
Installing shiny.i18n...
 
✔ All system requirements are already installed.
  
ℹ No downloads are needed
✔ 1 pkg + 35 deps: kept 35 [1.2s]
Installing shinyAce...
 
✔ All system requirements are already installed.
  
ℹ No downloads are needed
✔ 1 pkg + 30 deps: kept 30 [1.4s]
Installing shinyBS...
 
→ Will install 1 package.
→ Will download 1 CRAN package (34.07 kB).
+ shinyBS   0.63.0 [bld][dl] (34.07 kB)
✔ All system requirements are already installed.
  
ℹ Getting 1 pkg (34.07 kB)
✔ Got shinyBS 0.63.0 (source) (34.07 kB)
ℹ Building shinyBS 0.63.0
✔ Built shinyBS 0.63.0 (1.5s)
✔ Installed shinyBS 0.63.0  (194ms)
✔ 1 pkg + 30 deps: kept 29, added 1, dld 1 (34.07 kB) [3.3s]
Installing shinybusy...
 
✔ All system requirements are already installed.
  
ℹ No downloads are needed
✔ 1 pkg + 38 deps: kept 38 [1.3s]
Installing shinycssloaders...
 
✔ All system requirements are already installed.
  
ℹ No downloads are needed
✔ 1 pkg + 30 deps: kept 30 [1.1s]
