Installing packages from: /home/domeally/workspaces/vscode-rbioc/slurm_install/pkgs_019.txt
Target library: /packages/singularity/shared_cache/rbioc/rlibs/bioc-3.22
Installing tidyr...
ℹ Loading metadata database
✔ Loading metadata database ... done

 
✔ All system requirements are already installed.
  
ℹ No downloads are needed
✔ 1 pkg + 18 deps: kept 19 [4.3s]
Installing tidyselect...
 
  
ℹ No downloads are needed
✔ 1 pkg + 6 deps: kept 7 [721ms]
Installing tidyseurat...
 
→ Will install 73 packages.
→ Will download 7 CRAN packages (19.58 MB), cached: 66 (43.50 MB).
+ askpass            1.2.1    [bld][cmp]
+ BH                 1.90.0-1 [bld][dl] (14.31 MB)
+ bitops             1.0-9    [bld][cmp]
+ caTools            1.18.3   [bld][cmp]
+ crosstalk          1.2.2    [bld]
+ data.table         1.18.0   [bld][cmp]
+ deldir             2.0-4    [bld][cmp]
+ dotCall64          1.2      [bld][cmp]
+ dqrng              0.4.1    [bld][cmp]
+ evaluate           1.0.5    [bld]
+ fansi              1.0.7    [bld][cmp][dl] (685.93 kB)
+ fastDummies        1.7.5    [bld]
+ fitdistrplus       1.2-4    [bld]
+ FNN                1.1.4.1  [bld][cmp]
+ future             1.68.0   [bld]
+ future.apply       1.20.1   [bld]
+ ggrepel            0.9.6    [bld][cmp]
+ ggridges           0.5.7    [bld]
+ globals            0.18.0   [bld]
+ goftest            1.2-3    [bld][cmp]
+ gplots             3.3.0    [bld]
+ gridExtra          2.3      [bld]
+ gtools             3.9.5    [bld][cmp]
+ here               1.0.2    [bld]
+ highr              0.11     [bld]
+ htmlwidgets        1.6.4    [bld]
+ httr               1.4.7    [bld]
+ ica                1.0-3    [bld]
+ irlba              2.3.5.1  [bld][cmp]
+ knitr              1.51     [bld] + ✔ pandoc
+ lazyeval           0.2.2    [bld][cmp][dl] (83.48 kB)
+ listenv            0.10.0   [bld]
+ miniUI             0.1.2    [bld]
+ openssl            2.3.4    [bld][cmp] + ✔ libssl-dev
+ parallelly         1.46.0   [bld][cmp]
+ patchwork          1.3.2    [bld]
+ pbapply            1.7-4    [bld]
+ plotly             4.11.0   [bld]
+ png                0.1-8    [bld][cmp] + ✔ libpng-dev
+ polyclip           1.10-7   [bld][cmp]
+ progressr          0.18.0   [bld]
+ RANN               2.6.2    [bld][cmp]
+ RcppAnnoy          0.0.22   [bld][cmp]
+ RcppHNSW           0.6.0    [bld][cmp]
+ RcppProgress       0.4.2    [bld]
+ RcppTOML           0.2.3    [bld][cmp]
+ reticulate         1.44.1   [bld][cmp] + ✔ python3
+ rmarkdown          2.30     [bld] + ✔ pandoc
+ ROCR               1.0-11   [bld]
+ rprojroot          2.1.1    [bld]
+ RSpectra           0.16-2   [bld][cmp]
+ Rtsne              0.17     [bld][cmp]
+ scattermore        1.2      [bld][cmp]
+ sctransform        0.4.2    [bld][cmp]
+ Seurat             5.4.0    [bld][cmp][dl] (2.11 MB)
+ SeuratObject       5.3.0    [bld][cmp][dl] (767.77 kB)
+ sitmo              2.0.2    [bld][cmp]
+ spam               2.11-1   [bld][cmp]
+ spatstat.data      3.1-9    [bld]
+ spatstat.explore   3.6-0    [bld][cmp]
+ spatstat.geom      3.6-1    [bld][cmp]
+ spatstat.random    3.4-3    [bld][cmp]
+ spatstat.sparse    3.1-0    [bld][cmp]
+ spatstat.univar    3.1-5    [bld][cmp]
+ spatstat.utils     3.2-0    [bld][cmp]
+ sys                3.4.3    [bld][cmp]
+ tensor             1.5.1    [bld]
+ tidyseurat         0.8.7    [bld][dl] (1.62 MB)
+ tinytex            0.58     [bld]
+ ttservice          0.5.3    [bld][dl] (7.41 kB)
+ uwot               0.2.4    [bld][cmp]
+ xfun               0.55     [bld][cmp]
+ yaml               2.3.12   [bld][cmp]
✔ All system requirements are already installed.
  
ℹ Getting 7 pkgs (19.58 MB), 66 (43.50 MB) cached
✔ Cached copy of BH 1.90.0-1 (source) is the latest build
✔ Cached copy of lazyeval 0.2.2 (source) is the latest build
✔ Got fansi 1.0.7 (source) (685.93 kB)
✔ Got SeuratObject 5.3.0 (source) (767.77 kB)
✔ Got tidyseurat 0.8.7 (source) (1.62 MB)
✔ Got ttservice 0.5.3 (source) (7.41 kB)
✔ Got Seurat 5.4.0 (source) (2.11 MB)
ℹ Building BH 1.90.0-1
ℹ Building bitops 1.0-9
ℹ Building data.table 1.18.0
ℹ Building deldir 2.0-4
ℹ Building dotCall64 1.2
ℹ Building evaluate 1.0.5
ℹ Building fansi 1.0.7
ℹ Building fitdistrplus 1.2-4
ℹ Building FNN 1.1.4.1
ℹ Building ggrepel 0.9.6
ℹ Building ggridges 0.5.7
ℹ Building globals 0.18.0
ℹ Building goftest 1.2-3
ℹ Building gridExtra 2.3
ℹ Building gtools 3.9.5
ℹ Building ica 1.0-3
ℹ Building irlba 2.3.5.1
ℹ Building lazyeval 0.2.2
ℹ Building listenv 0.10.0
ℹ Building miniUI 0.1.2
ℹ Building parallelly 1.46.0
ℹ Building patchwork 1.3.2
ℹ Building pbapply 1.7-4
ℹ Building png 0.1-8
ℹ Building polyclip 1.10-7
ℹ Building progressr 0.18.0
ℹ Building RANN 2.6.2
ℹ Building RcppAnnoy 0.0.22
ℹ Building RcppHNSW 0.6.0
ℹ Building RcppProgress 0.4.2
ℹ Building RcppTOML 0.2.3
ℹ Building RSpectra 0.16-2
ℹ Building Rtsne 0.17
ℹ Building scattermore 1.2
ℹ Building sitmo 2.0.2
ℹ Building spatstat.utils 3.2-0
ℹ Building tensor 1.5.1
ℹ Building yaml 2.3.12
✔ Installed rprojroot 2.1.1  (691ms)
✔ Installed sys 3.4.3  (991ms)
✔ Installed xfun 0.55  (1.8s)
ℹ Building askpass 1.2.1
✔ Built bitops 1.0-9 (7.8s)
✔ Built RcppProgress 0.4.2 (5.1s)
ℹ Building here 1.0.2
✔ Built evaluate 1.0.5 (8.7s)
ℹ Building highr 0.11
✔ Built dotCall64 1.2 (9.6s)
ℹ Building tinytex 0.58
✔ Built goftest 1.2-3 (9.9s)
✔ Installed bitops 1.0-9  (874ms)
✔ Installed dotCall64 1.2  (1.2s)
ℹ Building caTools 1.18.3
✔ Built png 0.1-8 (10.7s)
✔ Built tensor 1.5.1 (7.9s)
✔ Installed evaluate 1.0.5  (2.7s)
✔ Installed goftest 1.2-3  (2.8s)
ℹ Building spam 2.11-1
✔ Built gridExtra 2.3 (13.5s)
✔ Built ica 1.0-3 (13.8s)
✔ Built lazyeval 0.2.2 (13.8s)
✔ Built listenv 0.10.0 (14s)
✔ Built miniUI 0.1.2 (14.1s)
✔ Built pbapply 1.7-4 (14s)
✔ Built globals 0.18.0 (15.3s)
✔ Built gtools 3.9.5 (15.6s)
✔ Built askpass 1.2.1 (8.6s)
✔ Built here 1.0.2 (7.9s)
✔ Installed gridExtra 2.3  (1.3s)
✔ Built highr 0.11 (7.6s)
✔ Installed askpass 1.2.1  (1.1s)
ℹ Building openssl 2.3.4
✔ Installed globals 0.18.0  (869ms)
✔ Installed gtools 3.9.5  (589ms)
✔ Installed here 1.0.2  (769ms)
✔ Installed highr 0.11  (920ms)
✔ Installed ica 1.0-3  (1.3s)
✔ Installed lazyeval 0.2.2  (690ms)
ℹ Building crosstalk 1.2.2
✔ Installed listenv 0.10.0  (653ms)
✔ Built tinytex 0.58 (11.2s)
✔ Installed miniUI 0.1.2  (402ms)
✔ Installed pbapply 1.7-4  (387ms)
✔ Built deldir 2.0-4 (22.4s)
✔ Installed png 0.1-8  (866ms)
✔ Installed RcppProgress 0.4.2  (640ms)
✔ Built progressr 0.18.0 (21.4s)
✔ Installed deldir 2.0-4  (827ms)
✔ Installed tensor 1.5.1  (870ms)
✔ Built RANN 2.6.2 (22.2s)
✔ Installed progressr 0.18.0  (1.3s)
✔ Installed tinytex 0.58  (1s)
✔ Installed RANN 2.6.2  (431ms)
✔ Built parallelly 1.46.0 (27.5s)
✔ Built irlba 2.3.5.1 (28.4s)
✔ Installed irlba 2.3.5.1  (212ms)
✔ Installed parallelly 1.46.0  (1.1s)
ℹ Building future 1.68.0
✔ Built spatstat.utils 3.2-0 (26.7s)
✔ Installed spatstat.utils 3.2-0  (246ms)
ℹ Building spatstat.data 3.1-9
✔ Built fansi 1.0.7 (31.7s)
✔ Built ggridges 0.5.7 (31.8s)
✔ Built caTools 1.18.3 (20.2s)
ℹ Building spatstat.sparse 3.1-0
✔ Built scattermore 1.2 (28.6s)
ℹ Building spatstat.univar 3.1-5
✔ Installed caTools 1.18.3  (242ms)
ℹ Building gplots 3.3.0
✔ Installed fansi 1.0.7  (404ms)
✔ Installed ggridges 0.5.7  (840ms)
✔ Built crosstalk 1.2.2 (13.3s)
✔ Installed scattermore 1.2  (278ms)
✔ Installed crosstalk 1.2.2  (748ms)
✔ Built patchwork 1.3.2 (36.2s)
✔ Installed patchwork 1.3.2  (438ms)
✔ Built yaml 2.3.12 (33.7s)
✔ Installed yaml 2.3.12  (322ms)
ℹ Building knitr 1.51
✔ Built spatstat.univar 3.1-5 (16.4s)
✔ Built polyclip 1.10-7 (48.2s)
✔ Installed spatstat.univar 3.1-5  (310ms)
✔ Installed polyclip 1.10-7  (287ms)
✔ Built openssl 2.3.4 (33.6s)
✔ Installed openssl 2.3.4  (389ms)
ℹ Building httr 1.4.7
✔ Built fitdistrplus 1.2-4 (52.1s)
✔ Built spatstat.data 3.1-9 (20.9s)
✔ Installed fitdistrplus 1.2-4  (497ms)
✔ Built gplots 3.3.0 (19.6s)
✔ Installed spatstat.data 3.1-9  (571ms)
ℹ Building spatstat.geom 3.6-1
✔ Installed gplots 3.3.0  (489ms)
ℹ Building ROCR 1.0-11
✔ Built spatstat.sparse 3.1-0 (23.2s)
✔ Installed spatstat.sparse 3.1-0  (208ms)
✔ Built FNN 1.1.4.1 (1m 0.6s)
✔ Installed FNN 1.1.4.1  (236ms)
✔ Built ROCR 1.0-11 (8s)
✔ Installed ROCR 1.0-11  (262ms)
✔ Built knitr 1.51 (23s)
✔ Built ggrepel 0.9.6 (1m 2.6s)
✔ Built sitmo 2.0.2 (58.9s)
✔ Installed ggrepel 0.9.6  (262ms)
✔ Installed sitmo 2.0.2  (250ms)
✔ Installed knitr 1.51  (1.5s)
ℹ Building rmarkdown 2.30
✔ Built future 1.68.0 (33.6s)
✔ Installed future 1.68.0  (1.2s)
ℹ Building future.apply 1.20.1
✔ Built httr 1.4.7 (13.7s)
✔ Installed httr 1.4.7  (389ms)
✔ Built RcppTOML 0.2.3 (1m 4.1s)
✔ Installed RcppTOML 0.2.3  (759ms)
ℹ Building reticulate 1.44.1
✔ Built future.apply 1.20.1 (4.7s)
✔ Installed future.apply 1.20.1  (486ms)
ℹ Building sctransform 0.4.2
✔ Built Rtsne 0.17 (1m 14.4s)
✔ Installed Rtsne 0.17  (184ms)
✔ Built rmarkdown 2.30 (14.3s)
✔ Installed rmarkdown 2.30  (1.9s)
ℹ Building htmlwidgets 1.6.4
✔ Built RcppHNSW 0.6.0 (1m 19.3s)
✔ Installed RcppHNSW 0.6.0  (327ms)
✔ Built htmlwidgets 1.6.4 (3.7s)
✔ Installed htmlwidgets 1.6.4  (410ms)
✔ Built RcppAnnoy 0.0.22 (1m 26.4s)
✔ Built spam 2.11-1 (1m 15s)
✔ Installed RcppAnnoy 0.0.22  (408ms)
✔ Installed spam 2.11-1  (456ms)
ℹ Building SeuratObject 5.3.0
✔ Built BH 1.90.0-1 (1m 33.3s)
✔ Built data.table 1.18.0 (1m 33.5s)
✔ Installed data.table 1.18.0  (1.2s)
ℹ Building fastDummies 1.7.5
ℹ Building plotly 4.11.0
✔ Built fastDummies 1.7.5 (2s)
✔ Installed fastDummies 1.7.5  (278ms)
✔ Built spatstat.geom 3.6-1 (51.8s)
✔ Installed spatstat.geom 3.6-1  (207ms)
ℹ Building spatstat.random 3.4-3
✔ Built plotly 4.11.0 (12.2s)
✔ Built sctransform 0.4.2 (36.5s)
✔ Installed sctransform 0.4.2  (200ms)
✔ Installed plotly 4.11.0  (1.7s)
ℹ Building ttservice 0.5.3
✔ Built reticulate 1.44.1 (40.6s)
✔ Installed reticulate 1.44.1  (527ms)
✔ Built ttservice 0.5.3 (3.9s)
✔ Installed ttservice 0.5.3  (110ms)
✔ Built SeuratObject 5.3.0 (29.4s)
✔ Installed SeuratObject 5.3.0  (1.2s)
✔ Built spatstat.random 3.4-3 (14.9s)
✔ Installed spatstat.random 3.4-3  (153ms)
ℹ Building spatstat.explore 3.6-0
✔ Built spatstat.explore 3.6-0 (20.8s)
✔ Installed spatstat.explore 3.6-0  (165ms)
✔ Installed BH 1.90.0-1  (2m 34.4s)
ℹ Building dqrng 0.4.1
✖ Failed to build dqrng 0.4.1 (209ms)
  FAILED: ! error in pak subprocess
Caused by error in `stop_task_build(state, worker)`:
! Failed to build source package dqrng.
Full installation output:
ERROR: dependency ‘BH’ is not available for package ‘dqrng’
Perhaps try a variation of:
install.packages('BH')
* removing ‘/tmp/RtmpVAJ8gp/pkg-lib7410c6c0a9839/dqrng’
Installing tidySingleCellExperiment...
 
→ Will install 2 packages.
→ Will download 1 CRAN package (8.07 kB), cached: 1 (0 B).
+ ellipsis                   0.3.2  [bld][cmp][dl] (8.07 kB)
+ tidySingleCellExperiment   1.20.1 [bld]
✔ All system requirements are already installed.
  
ℹ Getting 1 pkg (8.07 kB), 1 cached
✔ Got ellipsis 0.3.2 (source) (8.07 kB)
✔ Got tidySingleCellExperiment 1.20.1 (source) (1.20 MB)
ℹ Building ellipsis 0.3.2
✔ Built ellipsis 0.3.2 (905ms)
✔ Installed ellipsis 0.3.2  (113ms)
ℹ Building tidySingleCellExperiment 1.20.1
✔ Built tidySingleCellExperiment 1.20.1 (13.2s)
✔ Installed tidySingleCellExperiment 1.20.1  (1.5s)
✔ 1 pkg + 83 deps: kept 81, added 2, dld 2 (1.20 MB) [19.1s]
Installing tidySummarizedExperiment...
 
→ Will install 2 packages.
→ All 2 packages (0 B) are cached.
+ plyxp                      1.4.3  [bld]
+ tidySummarizedExperiment   1.20.1 [bld]
✔ All system requirements are already installed.
  
ℹ No downloads are needed, 2 pkgs are cached
✔ Got tidySummarizedExperiment 1.20.1 (source) (405.25 kB)
✔ Got plyxp 1.4.3 (source) (1.24 MB)
ℹ Building plyxp 1.4.3
✔ Built plyxp 1.4.3 (12.3s)
✔ Installed plyxp 1.4.3  (186ms)
ℹ Building tidySummarizedExperiment 1.20.1
✔ Built tidySummarizedExperiment 1.20.1 (12.8s)
✔ Installed tidySummarizedExperiment 1.20.1  (195ms)
✔ 1 pkg + 83 deps: kept 81, added 2, dld 2 (1.65 MB) [28s]
Installing tidytext...
 
→ Will install 3 packages.
→ Will download 3 CRAN packages (3.58 MB).
+ SnowballC    0.7.1 [bld][cmp][dl] (405.55 kB)
+ tidytext     0.4.3 [bld][dl] (2.72 MB)
+ tokenizers   0.3.0 [bld][cmp][dl] (458.88 kB)
✔ All system requirements are already installed.
  
ℹ Getting 3 pkgs (3.58 MB)
✔ Got tidytext 0.4.3 (source) (2.72 MB)
✔ Got SnowballC 0.7.1 (source) (405.55 kB)
✔ Got tokenizers 0.3.0 (source) (458.88 kB)
ℹ Building SnowballC 0.7.1
✔ Built SnowballC 0.7.1 (3.8s)
✔ Installed SnowballC 0.7.1  (1.2s)
ℹ Building tokenizers 0.3.0
✔ Built tokenizers 0.3.0 (8.4s)
✔ Installed tokenizers 0.3.0  (190ms)
ℹ Building tidytext 0.4.3
✔ Built tidytext 0.4.3 (3.9s)
✔ Installed tidytext 0.4.3  (205ms)
✔ 1 pkg + 24 deps: kept 21, added 3, dld 3 (3.58 MB) [19.9s]
Installing tidytree...
 
→ Will install 1 package.
→ Will download 1 CRAN package (80.05 kB).
+ tidytree   0.4.6 [bld][dl] (80.05 kB)
✔ All system requirements are already installed.
  
ℹ Getting 1 pkg (80.05 kB)
✔ Got tidytree 0.4.6 (source) (80.05 kB)
ℹ Building tidytree 0.4.6
✔ Built tidytree 0.4.6 (2.7s)
✔ Installed tidytree 0.4.6  (136ms)
✔ 1 pkg + 28 deps: kept 27, added 1, dld 1 (80.05 kB) [4.6s]
Installing tidyverse...
 
→ Will install 5 packages.
→ Will download 4 CRAN packages (3.45 MB), cached: 1 (200.29 kB).
+ conflicted   1.2.0 [bld][dl] (17.07 kB)
+ dtplyr       1.3.2 [bld]
+ readxl       1.4.5 [bld][cmp][dl] (1.64 MB)
+ reprex       2.1.1 [bld][dl] (1.09 MB) + ✔ pandoc
+ tidyverse    2.0.0 [bld][dl] (704.62 kB)
✔ All system requirements are already installed.
  
ℹ Getting 4 pkgs (3.45 MB), 1 (200.29 kB) cached
✔ Got conflicted 1.2.0 (source) (17.07 kB)
✔ Got reprex 2.1.1 (source) (1.09 MB)
✔ Got tidyverse 2.0.0 (source) (704.62 kB)
✔ Got readxl 1.4.5 (source) (1.64 MB)
ℹ Building conflicted 1.2.0
ℹ Building dtplyr 1.3.2
ℹ Building readxl 1.4.5
ℹ Building reprex 2.1.1
✔ Built conflicted 1.2.0 (1.3s)
✔ Installed conflicted 1.2.0  (144ms)
✔ Built reprex 2.1.1 (1.8s)
✔ Installed reprex 2.1.1  (227ms)
✔ Built dtplyr 1.3.2 (2.9s)
✔ Installed dtplyr 1.3.2  (455ms)
✔ Built readxl 1.4.5 (14.1s)
✔ Installed readxl 1.4.5  (449ms)
ℹ Building tidyverse 2.0.0
✔ Built tidyverse 2.0.0 (1.9s)
✔ Installed tidyverse 2.0.0  (159ms)
✔ 1 pkg + 98 deps: kept 94, added 5, dld 4 (3.45 MB) [19.8s]
Installing timechange...
 
  
ℹ No downloads are needed
✔ 1 pkg: kept 1 [688ms]
Installing timeDate...
 
  
ℹ No downloads are needed
✔ 1 pkg: kept 1 [661ms]
Installing timereg...
 
→ Will install 1 package.
→ The package (406.32 kB) is cached.
+ timereg   2.0.7 [bld][cmp]
  
ℹ No downloads are needed, 1 pkg (406.32 kB) is cached
ℹ Building timereg 2.0.7
✔ Built timereg 2.0.7 (17.2s)
✔ Installed timereg 2.0.7  (189ms)
✔ 1 pkg + 15 deps: kept 15, added 1 [18.3s]
Installing timeSeries...
 
→ Will install 1 package.
→ Will download 1 CRAN package (1.46 MB).
+ timeSeries   4052.112 [bld][dl] (1.46 MB)
  
ℹ Getting 1 pkg (1.46 MB)
✔ Got timeSeries 4052.112 (source) (1.46 MB)
ℹ Building timeSeries 4052.112
✔ Built timeSeries 4052.112 (4.5s)
✔ Installed timeSeries 4052.112  (361ms)
✔ 1 pkg + 1 dep: kept 1, added 1, dld 1 (1.46 MB) [6.8s]
Installing tinytest...
 
→ Will install 1 package.
→ Will download 1 CRAN package (587.35 kB).
+ tinytest   1.4.1 [bld][dl] (587.35 kB)
  
ℹ Getting 1 pkg (587.35 kB)
✔ Got tinytest 1.4.1 (source) (587.35 kB)
ℹ Building tinytest 1.4.1
✔ Built tinytest 1.4.1 (1.2s)
✔ Installed tinytest 1.4.1  (246ms)
✔ 1 pkg: added 1, dld 1 (587.35 kB) [2.7s]
Installing tinytex...
 
  
ℹ No downloads are needed
✔ 1 pkg + 1 dep: kept 2 [654ms]
Installing titanic...
 
→ Will install 1 package.
→ Will download 1 CRAN package (71.67 kB).
+ titanic   0.1.0 [bld][dl] (71.67 kB)
  
ℹ Getting 1 pkg (71.67 kB)
✔ Got titanic 0.1.0 (source) (71.67 kB)
ℹ Building titanic 0.1.0
✔ Built titanic 0.1.0 (635ms)
✔ Installed titanic 0.1.0  (147ms)
✔ 1 pkg: added 1, dld 1 (71.67 kB) [1.9s]
Installing tlrmvnmvt...
 
→ Will install 2 packages.
→ All 2 packages (14.39 MB) are cached.
+ BH          1.90.0-1 [bld]
+ tlrmvnmvt   1.1.2.1  [bld][cmp]
  
ℹ No downloads are needed, 2 pkgs (14.39 MB) are cached
✔ Installed BH 1.90.0-1  (3m 54.5s)
ℹ Building tlrmvnmvt 1.1.2.1
✖ Failed to build tlrmvnmvt 1.1.2.1 (182ms)
  FAILED: ! error in pak subprocess
Caused by error in `stop_task_build(state, worker)`:
! Failed to build source package tlrmvnmvt.
Full installation output:
ERROR: dependency ‘BH’ is not available for package ‘tlrmvnmvt’
Perhaps try a variation of:
install.packages('BH')
* removing ‘/tmp/RtmpVAJ8gp/pkg-lib7410c2f045164/tlrmvnmvt’
Installing tm...
 
→ Will install 2 packages.
→ All 2 packages (14.63 MB) are cached.
+ BH   1.90.0-1 [bld]
+ tm   0.7-17   [bld][cmp]
✔ All system requirements are already installed.
  
ℹ No downloads are needed, 2 pkgs (14.63 MB) are cached
✔ Installed BH 1.90.0-1  (1m 48.6s)
ℹ Building tm 0.7-17
✖ Failed to build tm 0.7-17 (239ms)
  FAILED: ! error in pak subprocess
Caused by error in `stop_task_build(state, worker)`:
! Failed to build source package tm.
Full installation output:
ERROR: dependency ‘BH’ is not available for package ‘tm’
Perhaps try a variation of:
install.packages('BH')
* removing ‘/tmp/RtmpVAJ8gp/pkg-lib7410c7921a199/tm’
Installing tmap...
 
→ Will install 14 packages.
→ Will download 10 CRAN packages (10.64 MB), cached: 4 (4.61 MB).
+ cols4all     0.10   [bld][dl] (2.37 MB)
+ leafem       0.2.5  [bld]
+ leafgl       0.2.2  [bld][dl] (1.71 MB)
+ leaflegend   1.2.1  [bld][dl] (1.38 MB)
+ leaflet      2.2.3  [bld]
+ leafsync     0.1.0  [bld][dl] (833.53 kB)
+ lwgeom       0.2-14 [bld][cmp][dl] (475.04 kB) + ✔ libgeos-dev, ✔ libproj-dev, ✔ libsqlite3-dev
+ maptiles     0.11.0 [bld][dl] (1.41 MB)
+ raster       3.6-32 [bld][cmp]
+ servr        0.32   [bld][dl] (25.38 kB)
+ spacesXYZ    1.6-0  [bld][dl] (242.69 kB)
+ terra        1.8-86 [bld][cmp] + ✔ libgdal-dev, ✔ gdal-bin, ✔ libgeos-dev, ✔ libproj-dev, ✔ libsqlite3-dev
+ tmap         4.2    [bld][dl] (2.16 MB)
+ tmaptools    3.3    [bld][dl] (29.54 kB)
✖ Missing 1 system package. You'll probably need to install it manually:
+ libabsl-dev  - s2
ℹ Getting 10 pkgs (10.64 MB), 4 (4.61 MB) cached
✔ Got cols4all 0.10 (source) (2.37 MB)
✔ Got leafgl 0.2.2 (source) (1.71 MB)
✔ Got leaflegend 1.2.1 (source) (1.38 MB)
✔ Got servr 0.32 (source) (25.38 kB)
✔ Got tmaptools 3.3 (source) (29.54 kB)
✔ Got tmap 4.2 (source) (2.16 MB)
✔ Got spacesXYZ 1.6-0 (source) (242.69 kB)
✔ Got lwgeom 0.2-14 (source) (475.04 kB)
✔ Got maptiles 0.11.0 (source) (1.41 MB)
✔ Got leafsync 0.1.0 (source) (833.53 kB)
ℹ Building lwgeom 0.2-14
ℹ Building servr 0.32
ℹ Building spacesXYZ 1.6-0
ℹ Building terra 1.8-86
✔ Built servr 0.32 (1.7s)
✔ Built spacesXYZ 1.6-0 (2.2s)
✔ Installed servr 0.32  (349ms)
✔ Installed spacesXYZ 1.6-0  (1.2s)
ℹ Building cols4all 0.10
✔ Built cols4all 0.10 (4.5s)
✔ Installed cols4all 0.10  (317ms)
✔ Built lwgeom 0.2-14 (35.3s)
✔ Installed lwgeom 0.2-14  (201ms)
ℹ Building tmaptools 3.3
✔ Built tmaptools 3.3 (2.3s)
✔ Installed tmaptools 3.3  (110ms)
✔ Built terra 1.8-86 (4m 57.6s)
✔ Installed terra 1.8-86  (1.2s)
ℹ Building maptiles 0.11.0
ℹ Building raster 3.6-32
✔ Built maptiles 0.11.0 (6.6s)
✔ Installed maptiles 0.11.0  (139ms)
✔ Built raster 3.6-32 (1m 16.1s)
✔ Installed raster 3.6-32  (402ms)
ℹ Building leaflet 2.2.3
✔ Built leaflet 2.2.3 (2.5s)
✔ Installed leaflet 2.2.3  (2.1s)
ℹ Building leafem 0.2.5
ℹ Building leafgl 0.2.2
ℹ Building leaflegend 1.2.1
ℹ Building leafsync 0.1.0
✔ Built leafsync 0.1.0 (968ms)
✔ Installed leafsync 0.1.0  (250ms)
✔ Built leafgl 0.2.2 (1.6s)
✔ Installed leafgl 0.2.2  (185ms)
✔ Built leaflegend 1.2.1 (2.8s)
✔ Installed leaflegend 1.2.1  (307ms)
✔ Built leafem 0.2.5 (10.2s)
✔ Installed leafem 0.2.5  (1.5s)
ℹ Building tmap 4.2
✔ Built tmap 4.2 (20.3s)
✔ Installed tmap 4.2  (203ms)
✔ 1 pkg + 78 deps: kept 64, added 14, dld 10 (10.64 MB) [6m 56.5s]
Installing tmaptools...
 
✖ Missing 1 system package. You'll probably need to install it manually:
+ libabsl-dev  - s2
ℹ No downloads are needed
✔ 1 pkg + 18 deps: kept 18 [1.1s]
Installing TMB...
 
  
ℹ No downloads are needed
✔ 1 pkg + 2 deps: kept 3 [825ms]
Installing tmvnsim...
 
→ Will install 1 package.
→ Will download 1 CRAN package (6.05 kB).
+ tmvnsim   1.0-2 [bld][cmp][dl] (6.05 kB)
  
ℹ Getting 1 pkg (6.05 kB)
✔ Got tmvnsim 1.0-2 (source) (6.05 kB)
ℹ Building tmvnsim 1.0-2
✔ Built tmvnsim 1.0-2 (808ms)
✔ Installed tmvnsim 1.0-2  (183ms)
✔ 1 pkg: added 1, dld 1 (6.05 kB) [2.5s]
Installing toastui...
 
✔ All system requirements are already installed.
  
ℹ No downloads are needed
✔ 1 pkg + 40 deps: kept 40 [1.2s]
Installing tokenizers...
 
✔ All system requirements are already installed.
  
ℹ No downloads are needed
✔ 1 pkg + 3 deps: kept 3 [812ms]
Installing tokenizers.bpe...
 
→ Will install 1 package.
→ Will download 1 CRAN package (808.21 kB).
+ tokenizers.bpe   0.1.4 [bld][cmp][dl] (808.21 kB)
  
ℹ Getting 1 pkg (808.21 kB)
✔ Got tokenizers.bpe 0.1.4 (source) (808.21 kB)
ℹ Building tokenizers.bpe 0.1.4
✔ Built tokenizers.bpe 0.1.4 (22s)
✔ Installed tokenizers.bpe 0.1.4  (188ms)
✔ 1 pkg + 1 dep: added 1, dld 1 (808.21 kB) [23.8s]
Installing topGO...
 
✔ All system requirements are already installed.
  
ℹ No downloads are needed
✔ 1 pkg + 39 deps: kept 40 [1.2s]
Installing topicmodels...
 
→ Will install 3 packages.
→ Will download 1 CRAN package (779.87 kB), cached: 2 (14.63 MB).
+ BH            1.90.0-1 [bld]
+ tm            0.7-17   [bld][cmp]
+ topicmodels   0.2-17   [bld][cmp][dl] (779.87 kB) + ✔ libgsl0-dev
✔ All system requirements are already installed.
  
ℹ Getting 1 pkg (779.87 kB), 2 (14.63 MB) cached
✔ Got topicmodels 0.2-17 (source) (779.87 kB)
✔ Installed BH 1.90.0-1  (1m 53.1s)
ℹ Building tm 0.7-17
✖ Failed to build tm 0.7-17 (230ms)
  FAILED: ! error in pak subprocess
Caused by error in `stop_task_build(state, worker)`:
! Failed to build source package tm.
Full installation output:
ERROR: dependency ‘BH’ is not available for package ‘tm’
Perhaps try a variation of:
install.packages('BH')
* removing ‘/tmp/RtmpVAJ8gp/pkg-lib7410c5a2935bd/tm’
Installing torch...
 
→ Will install 1 package.
→ Will download 1 CRAN package (1.89 MB).
+ torch   0.16.3 [bld][cmp][dl] (1.89 MB)
  
ℹ Getting 1 pkg (1.89 MB)
✔ Got torch 0.16.3 (source) (1.89 MB)
ℹ Building torch 0.16.3
✔ Built torch 0.16.3 (5m 13.4s)
✔ Installed torch 0.16.3  (890ms)
✔ 1 pkg + 22 deps: kept 21, added 1, dld 1 (1.89 MB) [5m 16.5s]
Installing TrajectoryUtils...
 
✔ All system requirements are already installed.
  
ℹ No downloads are needed
✔ 1 pkg + 26 deps: kept 27 [1.2s]
Installing transformr...
 
✖ Missing 1 system package. You'll probably need to install it manually:
+ libabsl-dev  - s2
ℹ No downloads are needed
✔ 1 pkg + 21 deps: kept 21 [1.1s]
Installing tree...
 
→ Will install 1 package.
→ Will download 1 CRAN package (49.85 kB).
+ tree   1.0-45 [bld][cmp][dl] (49.85 kB)
  
ℹ Getting 1 pkg (49.85 kB)
✔ Got tree 1.0-45 (source) (49.85 kB)
ℹ Building tree 1.0-45
✔ Built tree 1.0-45 (1.9s)
✔ Installed tree 1.0-45  (1.1s)
✔ 1 pkg: added 1, dld 1 (49.85 kB) [4.4s]
Installing treeio...
 
✔ All system requirements are already installed.
  
ℹ No downloads are needed
✔ 1 pkg + 30 deps: kept 30 [1.2s]
Installing triebeard...
 
  
ℹ No downloads are needed
✔ 1 pkg + 1 dep: kept 1 [817ms]
Installing truncnorm...
 
  
ℹ No downloads are needed
✔ 1 pkg: kept 1 [844ms]
Installing trust...
 
  
ℹ No downloads are needed
✔ 1 pkg: kept 1 [836ms]
Installing tseries...
 
✔ All system requirements are already installed.
  
ℹ No downloads are needed
✔ 1 pkg + 8 deps: kept 9 [967ms]
Installing TSP...
 
  
ℹ No downloads are needed
✔ 1 pkg + 3 deps: kept 4 [929ms]
Installing TTR...
 
✔ All system requirements are already installed.
  
ℹ No downloads are needed
✔ 1 pkg + 4 deps: kept 5 [1.1s]
Installing ttservice...
 
✔ All system requirements are already installed.
  
ℹ No downloads are needed
✔ 1 pkg + 65 deps: kept 65 [1.5s]
Installing tufte...
 
→ Will install 1 package.
→ Will download 1 CRAN package (251.53 kB).
+ tufte   0.14.0 [bld][dl] (251.53 kB)
✔ All system requirements are already installed.
  
ℹ Getting 1 pkg (251.53 kB)
✔ Got tufte 0.14.0 (source) (251.53 kB)
ℹ Building tufte 0.14.0
✔ Built tufte 0.14.0 (963ms)
✔ Installed tufte 0.14.0  (192ms)
✔ 1 pkg + 26 deps: kept 26, added 1, dld 1 (251.53 kB) [3.1s]
Installing tune...
 
✔ All system requirements are already installed.
  
ℹ No downloads are needed
✔ 1 pkg + 77 deps: kept 77 [1.8s]
Installing tuneR...
 
→ Will install 1 package.
→ Will download 1 CRAN package (423.89 kB).
+ tuneR   1.4.7 [bld][cmp][dl] (423.89 kB)
  
ℹ Getting 1 pkg (423.89 kB)
✔ Got tuneR 1.4.7 (source) (423.89 kB)
ℹ Building tuneR 1.4.7
✔ Built tuneR 1.4.7 (4.6s)
✔ Installed tuneR 1.4.7  (123ms)
✔ 1 pkg + 2 deps: kept 2, added 1, dld 1 (423.89 kB) [6.3s]
Installing tweenr...
 
  
ℹ No downloads are needed
✔ 1 pkg + 7 deps: kept 8 [906ms]
Installing TxDb.Dmelanogaster.UCSC.dm3.ensGene...
 
✔ All system requirements are already installed.
  
ℹ No downloads are needed
✔ 1 pkg + 63 deps: kept 64 [1.7s]
Installing TxDb.Hsapiens.UCSC.hg19.knownGene...
 
→ Will install 1 package.
→ The package (0 B) is cached.
+ TxDb.Hsapiens.UCSC.hg19.knownGene   3.22.1 [bld]
✔ All system requirements are already installed.
  
ℹ No downloads are needed, 1 pkg is cached
✔ Got TxDb.Hsapiens.UCSC.hg19.knownGene 3.22.1 (source) (55.37 MB)
ℹ Building TxDb.Hsapiens.UCSC.hg19.knownGene 3.22.1
✔ Built TxDb.Hsapiens.UCSC.hg19.knownGene 3.22.1 (41s)
✔ Installed TxDb.Hsapiens.UCSC.hg19.knownGene 3.22.1  (2.4s)
✔ 1 pkg + 63 deps: kept 63, added 1, dld 1 (55.37 MB) [48.1s]
Installing TxDb.Mmusculus.UCSC.mm10.knownGene...
 
✔ All system requirements are already installed.
  
ℹ No downloads are needed
✔ 1 pkg + 63 deps: kept 64 [1.6s]
Installing TxDb.Scerevisiae.UCSC.sacCer3.sgdGene...
 
→ Will install 1 package.
→ The package (0 B) is cached.
+ TxDb.Scerevisiae.UCSC.sacCer3.sgdGene   3.2.2 [bld]
✔ All system requirements are already installed.
  
ℹ No downloads are needed, 1 pkg is cached
✔ Got TxDb.Scerevisiae.UCSC.sacCer3.sgdGene 3.2.2 (source) (447.15 kB)
ℹ Building TxDb.Scerevisiae.UCSC.sacCer3.sgdGene 3.2.2
✔ Built TxDb.Scerevisiae.UCSC.sacCer3.sgdGene 3.2.2 (14.1s)
✔ Installed TxDb.Scerevisiae.UCSC.sacCer3.sgdGene 3.2.2  (131ms)
✔ 1 pkg + 63 deps: kept 63, added 1, dld 1 (447.15 kB) [16.6s]
Installing txdbmaker...
 
✔ All system requirements are already installed.
  
ℹ No downloads are needed
✔ 1 pkg + 86 deps: kept 87 [2.2s]
Installing tximeta...
 
→ Will install 2 packages.
→ All 2 packages (0 B) are cached.
+ tximeta    1.28.1 [bld]
+ tximport   1.38.2 [bld]
✔ All system requirements are already installed.
  
ℹ No downloads are needed, 2 pkgs are cached
✔ Got tximport 1.38.2 (source) (318.19 kB)
✔ Got tximeta 1.28.1 (source) (1.16 MB)
ℹ Building tximport 1.38.2
✔ Built tximport 1.38.2 (998ms)
✔ Installed tximport 1.38.2  (152ms)
ℹ Building tximeta 1.28.1
✔ Built tximeta 1.28.1 (18.6s)
✔ Installed tximeta 1.28.1  (170ms)
✔ 1 pkg + 96 deps: kept 95, added 2, dld 2 (1.48 MB) [23.1s]
Installing tximport...
 
  
ℹ No downloads are needed
✔ 1 pkg: kept 1 [827ms]
Installing txtplot...
 
→ Will install 1 package.
→ Will download 1 CRAN package (11.90 kB).
+ txtplot   1.0-5 [bld][dl] (11.90 kB)
  
ℹ Getting 1 pkg (11.90 kB)
✔ Got txtplot 1.0-5 (source) (11.90 kB)
ℹ Building txtplot 1.0-5
✔ Built txtplot 1.0-5 (1.8s)
✔ Installed txtplot 1.0-5  (111ms)
✔ 1 pkg + 2 deps: kept 2, added 1, dld 1 (11.90 kB) [3.2s]
Installing txtq...
 
  
ℹ No downloads are needed
✔ 1 pkg + 4 deps: kept 5 [878ms]
Installing tzdb...
 
  
ℹ No downloads are needed
✔ 1 pkg: kept 1 [846ms]
Installing UCell...
 
  
ℹ No downloads are needed
✔ 1 pkg + 28 deps: kept 28 [1.3s]
Installing ucminf...
 
  
ℹ No downloads are needed
✔ 1 pkg: kept 1 [710ms]
Installing UCSC.utils...
 
✔ All system requirements are already installed.
  
ℹ No downloads are needed
✔ 1 pkg + 11 deps: kept 12 [902ms]
Installing udpipe...
 
→ Will install 1 package.
→ Will download 1 CRAN package (3.42 MB).
+ udpipe   0.8.15 [bld][cmp][dl] (3.42 MB)
  
ℹ Getting 1 pkg (3.42 MB)
✔ Got udpipe 0.8.15 (source) (3.42 MB)
ℹ Building udpipe 0.8.15
✔ Built udpipe 0.8.15 (1m 6.7s)
✔ Installed udpipe 0.8.15  (529ms)
✔ 1 pkg + 4 deps: kept 3, added 1, dld 1 (3.42 MB) [1m 9.2s]
Installing unigd...
 
→ Will install 1 package.
→ Will download 1 CRAN package (795.79 kB).
+ unigd   0.1.3 [bld][cmp][dl] (795.79 kB) + ✔ libcairo2-dev, ✔ libfontconfig1-dev, ✔ libfreetype6-dev, ✔ libpng-dev
✔ All system requirements are already installed.
  
ℹ Getting 1 pkg (795.79 kB)
✔ Got unigd 0.1.3 (source) (795.79 kB)
ℹ Building unigd 0.1.3
✔ Built unigd 0.1.3 (42s)
✔ Installed unigd 0.1.3  (278ms)
✔ 1 pkg + 8 deps: kept 8, added 1, dld 1 (795.79 kB) [44.4s]
Installing units...
 
✔ All system requirements are already installed.
  
ℹ No downloads are needed
✔ 1 pkg + 1 dep: kept 1 [885ms]
Installing UpSetR...
 
  
ℹ No downloads are needed
✔ 1 pkg + 19 deps: kept 19 [1.3s]
Installing urca...
 
  
ℹ No downloads are needed
✔ 1 pkg + 2 deps: kept 3 [798ms]
Installing urlchecker...
 
✔ All system requirements are already installed.
  
ℹ No downloads are needed
✔ 1 pkg + 4 deps: kept 5 [886ms]
Installing urltools...
 
  
ℹ No downloads are needed
✔ 1 pkg + 2 deps: kept 2 [866ms]
Installing usethis...
 
✔ All system requirements are already installed.
  
ℹ No downloads are needed
✔ 1 pkg + 30 deps: kept 31 [1.1s]
Installing utf8...
 
  
ℹ No downloads are needed
✔ 1 pkg: kept 1 [705ms]
Installing uuid...
 
  
ℹ No downloads are needed
✔ 1 pkg: kept 1 [703ms]
Installing uwot...
 
  
ℹ No downloads are needed
✔ 1 pkg + 7 deps: kept 7 [1.1s]
Installing V8...
 
✔ All system requirements are already installed.
  
ℹ No downloads are needed
✔ 1 pkg + 3 deps: kept 3 [846ms]
Installing validate...
 
→ Will install 2 packages.
→ Will download 2 CRAN packages (2.82 MB).
+ settings   0.2.7 [bld][dl] (29.21 kB)
+ validate   1.1.7 [bld][cmp][dl] (2.79 MB)
  
ℹ Getting 2 pkgs (2.82 MB)
✔ Got settings 0.2.7 (source) (29.21 kB)
✔ Got validate 1.1.7 (source) (2.79 MB)
ℹ Building settings 0.2.7
✔ Built settings 0.2.7 (692ms)
✔ Installed settings 0.2.7  (145ms)
ℹ Building validate 1.1.7
✔ Built validate 1.1.7 (3.5s)
✔ Installed validate 1.1.7  (588ms)
✔ 1 pkg + 2 deps: kept 1, added 2, dld 2 (2.82 MB) [7s]
Installing variancePartition...
 
→ Will install 1 package.
→ The package (0 B) is cached.
+ variancePartition   1.40.1 [bld]
✔ All system requirements are already installed.
  
ℹ No downloads are needed, 1 pkg is cached
✔ Got variancePartition 1.40.1 (source) (4.96 MB)
ℹ Building variancePartition 1.40.1
✔ Built variancePartition 1.40.1 (8.4s)
✔ Installed variancePartition 1.40.1  (1.3s)
✔ 1 pkg + 93 deps: kept 92, added 1, dld 1 (4.96 MB) [13.5s]
Installing VariantAnnotation...
 
✔ All system requirements are already installed.
  
ℹ No downloads are needed
✔ 1 pkg + 64 deps: kept 65 [1.6s]
Installing vars...
 
→ Will install 1 package.
→ Will download 1 CRAN package (85.59 kB).
+ vars   1.6-1 [bld][dl] (85.59 kB)
  
ℹ Getting 1 pkg (85.59 kB)
✔ Got vars 1.6-1 (source) (85.59 kB)
ℹ Building vars 1.6-1
✔ Built vars 1.6-1 (2.7s)
✔ Installed vars 1.6-1  (320ms)
✔ 1 pkg + 8 deps: kept 8, added 1, dld 1 (85.59 kB) [5.1s]
Installing vcd...
 
  
ℹ No downloads are needed
✔ 1 pkg + 5 deps: kept 6 [937ms]
Installing vctrs...
 
  
ℹ No downloads are needed
✔ 1 pkg + 4 deps: kept 5 [1s]
