Installing packages from: /home/domeally/workspaces/vscode-rbioc/slurm_install/pkgs_018.txt
Target library: /packages/singularity/shared_cache/rbioc/rlibs/bioc-3.22
Installing sqldf...
ℹ Loading metadata database
✔ Loading metadata database ... done

 
→ Will install 10 packages.
→ Will download 10 CRAN packages (6.91 MB).
+ bit       4.6.0   [bld][cmp][dl] (304.58 kB)
+ bit64     4.6.0-1 [bld][cmp][dl] (142.04 kB)
+ blob      1.2.4   [bld][dl] (10.62 kB)
+ chron     2.3-62  [bld][cmp][dl] (38.04 kB)
+ DBI       1.2.3   [bld][dl] (1.14 MB)
+ gsubfn    0.7     [bld][dl] (311.27 kB)
+ plogr     0.2.0   [bld][dl] (7.79 kB)
+ proto     1.0.0   [bld][dl] (541.40 kB)
+ RSQLite   2.4.5   [bld][cmp][dl] (4.36 MB)
+ sqldf     0.4-11  [bld][dl] (63.10 kB)
  
ℹ Getting 10 pkgs (6.91 MB)
✔ Got bit 4.6.0 (source) (304.58 kB)
✔ Got blob 1.2.4 (source) (10.62 kB)
✔ Got bit64 4.6.0-1 (source) (142.04 kB)
✔ Got plogr 0.2.0 (source) (7.79 kB)
✔ Got sqldf 0.4-11 (source) (63.10 kB)
✔ Got chron 2.3-62 (source) (38.04 kB)
✔ Got DBI 1.2.3 (source) (1.14 MB)
✔ Got gsubfn 0.7 (source) (311.27 kB)
✔ Got RSQLite 2.4.5 (source) (4.36 MB)
✔ Got proto 1.0.0 (source) (541.40 kB)
ℹ Building bit 4.6.0
ℹ Building blob 1.2.4
ℹ Building chron 2.3-62
ℹ Building DBI 1.2.3
ℹ Building plogr 0.2.0
ℹ Building proto 1.0.0
✔ Built plogr 0.2.0 (1.3s)
✔ Built proto 1.0.0 (1.5s)
✔ Built blob 1.2.4 (2.2s)
✔ Built chron 2.3-62 (2.6s)
✔ Installed plogr 0.2.0  (1.2s)
✔ Installed proto 1.0.0  (596ms)
ℹ Building gsubfn 0.7
✔ Installed blob 1.2.4  (124ms)
✔ Installed chron 2.3-62  (122ms)
✔ Built DBI 1.2.3 (3.9s)
✔ Built gsubfn 0.7 (1.4s)
✔ Installed DBI 1.2.3  (381ms)
✔ Installed gsubfn 0.7  (177ms)
✔ Built bit 4.6.0 (5.9s)
✔ Installed bit 4.6.0  (166ms)
ℹ Building bit64 4.6.0-1
✔ Built bit64 4.6.0-1 (5.4s)
✔ Installed bit64 4.6.0-1  (359ms)
ℹ Building RSQLite 2.4.5
✔ Built RSQLite 2.4.5 (1m 39.8s)
✔ Installed RSQLite 2.4.5  (242ms)
ℹ Building sqldf 0.4-11
✔ Built sqldf 0.4-11 (1.9s)
✔ Installed sqldf 0.4-11  (138ms)
✔ 1 pkg + 19 deps: kept 10, added 10, dld 10 (6.91 MB) [2m 0.6s]
Installing SQUAREM...
 
  
ℹ No downloads are needed
✔ 1 pkg: kept 1 [681ms]
Installing SSEparser...
 
→ Will install 1 package.
→ Will download 1 CRAN package (8.26 kB).
+ SSEparser   0.1.0 [bld][dl] (8.26 kB)
✔ All system requirements are already installed.
  
ℹ Getting 1 pkg (8.26 kB)
✔ Got SSEparser 0.1.0 (source) (8.26 kB)
ℹ Building SSEparser 0.1.0
✔ Built SSEparser 0.1.0 (1.3s)
✔ Installed SSEparser 0.1.0  (121ms)
✔ 1 pkg + 10 deps: kept 10, added 1, dld 1 (8.26 kB) [2.7s]
Installing stable...
 
→ Will install 2 packages.
→ Will download 2 CRAN packages (168.78 kB).
+ rmutil   1.1.10 [bld][cmp][dl] (115.60 kB)
+ stable   1.1.6  [bld][cmp][dl] (53.18 kB)
  
ℹ Getting 2 pkgs (168.78 kB)
✔ Got stable 1.1.6 (source) (53.18 kB)
✔ Got rmutil 1.1.10 (source) (115.60 kB)
ℹ Building rmutil 1.1.10
✔ Built rmutil 1.1.10 (6.7s)
✔ Installed rmutil 1.1.10  (118ms)
ℹ Building stable 1.1.6
✔ Built stable 1.1.6 (1.5s)
✔ Installed stable 1.1.6  (134ms)
✔ 1 pkg + 1 dep: added 2, dld 2 (168.78 kB) [10s]
Installing stabledist...
 
→ Will install 1 package.
→ Will download 1 CRAN package (33.31 kB).
+ stabledist   0.7-2 [bld][dl] (33.31 kB)
  
ℹ Getting 1 pkg (33.31 kB)
✔ Got stabledist 0.7-2 (source) (33.31 kB)
ℹ Building stabledist 0.7-2
✔ Built stabledist 0.7-2 (1s)
✔ Installed stabledist 0.7-2  (1.1s)
✔ 1 pkg: added 1, dld 1 (33.31 kB) [3.1s]
Installing stabs...
 
→ Will install 1 package.
→ Will download 1 CRAN package (90.61 kB).
+ stabs   0.6-4 [bld][dl] (90.61 kB)
  
ℹ Getting 1 pkg (90.61 kB)
✔ Got stabs 0.6-4 (source) (90.61 kB)
ℹ Building stabs 0.6-4
✔ Built stabs 0.6-4 (1s)
✔ Installed stabs 0.6-4  (1.1s)
✔ 1 pkg: added 1, dld 1 (90.61 kB) [3.4s]
Installing stacks...
 
→ Will install 17 packages.
→ Will download 17 CRAN packages (10.48 MB).
+ butcher      0.4.0 [bld][dl] (228.04 kB)
+ dials        1.4.2 [bld][dl] (138.50 kB)
+ DiceDesign   1.10  [bld][cmp][dl] (144.18 kB)
+ furrr        0.3.1 [bld][dl] (907.67 kB)
+ GPfit        1.0-9 [bld][dl] (24.15 kB)
+ lhs          1.2.0 [bld][cmp][dl] (243.44 kB)
+ modelenv     0.2.0 [bld][dl] (28.65 kB)
+ parsnip      1.4.0 [bld][dl] (733.13 kB)
+ rsample      1.3.1 [bld][dl] (1.48 MB)
+ sfd          0.1.0 [bld][dl] (1.49 MB)
+ slider       0.3.3 [bld][cmp][dl] (139.04 kB)
+ stacks       1.1.1 [bld][dl] (1.52 MB)
+ tailor       0.1.0 [bld][dl] (394.84 kB)
+ tune         2.0.1 [bld][dl] (1.28 MB)
+ warp         0.2.2 [bld][cmp][dl] (53.60 kB)
+ workflows    1.3.0 [bld][dl] (113.38 kB)
+ yardstick    1.3.2 [bld][cmp][dl] (1.57 MB)
✔ All system requirements are already installed.
  
ℹ Getting 17 pkgs (10.48 MB)
✔ Got DiceDesign 1.10 (source) (144.18 kB)
✔ Got dials 1.4.2 (source) (138.50 kB)
✔ Got butcher 0.4.0 (source) (228.04 kB)
✔ Got modelenv 0.2.0 (source) (28.65 kB)
✔ Got warp 0.2.2 (source) (53.60 kB)
✔ Got rsample 1.3.1 (source) (1.48 MB)
✔ Got parsnip 1.4.0 (source) (733.13 kB)
✔ Got tailor 0.1.0 (source) (394.84 kB)
✔ Got GPfit 1.0-9 (source) (24.15 kB)
✔ Got workflows 1.3.0 (source) (113.38 kB)
✔ Got furrr 0.3.1 (source) (907.67 kB)
✔ Got yardstick 1.3.2 (source) (1.57 MB)
✔ Got lhs 1.2.0 (source) (243.44 kB)
✔ Got stacks 1.1.1 (source) (1.52 MB)
✔ Got sfd 0.1.0 (source) (1.49 MB)
✔ Got slider 0.3.3 (source) (139.04 kB)
✔ Got tune 2.0.1 (source) (1.28 MB)
ℹ Building butcher 0.4.0
ℹ Building DiceDesign 1.10
ℹ Building furrr 0.3.1
ℹ Building lhs 1.2.0
ℹ Building modelenv 0.2.0
ℹ Building parsnip 1.4.0
ℹ Building sfd 0.1.0
ℹ Building tailor 0.1.0
ℹ Building warp 0.2.2
ℹ Building yardstick 1.3.2
✔ Built butcher 0.4.0 (3.8s)
✔ Built modelenv 0.2.0 (3.8s)
✔ Installed butcher 0.4.0  (279ms)
✔ Installed modelenv 0.2.0  (191ms)
✔ Built furrr 0.3.1 (5s)
✔ Built DiceDesign 1.10 (5.2s)
✔ Installed furrr 0.3.1  (185ms)
✔ Built warp 0.2.2 (5s)
✔ Installed DiceDesign 1.10  (214ms)
✔ Installed warp 0.2.2  (193ms)
ℹ Building slider 0.3.3
✔ Built tailor 0.1.0 (5.4s)
✔ Installed tailor 0.1.0  (175ms)
✔ Built sfd 0.1.0 (7s)
✔ Installed sfd 0.1.0  (172ms)
ℹ Building dials 1.4.2
✔ Built yardstick 1.3.2 (7.8s)
✔ Installed yardstick 1.3.2  (232ms)
✔ Built slider 0.3.3 (4.7s)
✔ Installed slider 0.3.3  (195ms)
ℹ Building rsample 1.3.1
✔ Built dials 1.4.2 (3.3s)
✔ Installed dials 1.4.2  (170ms)
✔ Built parsnip 1.4.0 (11.7s)
✔ Installed parsnip 1.4.0  (241ms)
ℹ Building workflows 1.3.0
✔ Built rsample 1.3.1 (3.8s)
✔ Installed rsample 1.3.1  (261ms)
✔ Built workflows 1.3.0 (3.1s)
✔ Installed workflows 1.3.0  (148ms)
✔ Built lhs 1.2.0 (47.2s)
✔ Installed lhs 1.2.0  (222ms)
ℹ Building GPfit 1.0-9
✔ Built GPfit 1.0-9 (1.1s)
✔ Installed GPfit 1.0-9  (139ms)
ℹ Building tune 2.0.1
✔ Built tune 2.0.1 (9s)
✔ Installed tune 2.0.1  (1.2s)
ℹ Building stacks 1.1.1
✔ Built stacks 1.1.1 (4.9s)
✔ Installed stacks 1.1.1  (194ms)
✔ 1 pkg + 84 deps: kept 67, added 17, dld 17 (10.48 MB) [1m 8.5s]
Installing stageR...
 
→ Will install 1 package.
→ The package (0 B) is cached.
+ stageR   1.32.0 [bld]
  
ℹ No downloads are needed, 1 pkg is cached
✔ Got stageR 1.32.0 (source) (799.74 kB)
ℹ Building stageR 1.32.0
✔ Built stageR 1.32.0 (9.6s)
✔ Installed stageR 1.32.0  (156ms)
✔ 1 pkg + 17 deps: kept 17, added 1, dld 1 (799.74 kB) [11.4s]
Installing StanHeaders...
 
✔ All system requirements are already installed.
  
ℹ No downloads are needed
✔ 1 pkg + 1 dep: kept 2 [633ms]
Installing stars...
 
→ Will install 6 packages.
→ Will download 6 CRAN packages (18.72 MB).
+ classInt   0.4-11 [bld][cmp][dl] (440.41 kB)
+ s2         1.1.9  [bld][cmp][dl] (2.97 MB) + ✖ libabsl-dev, ✔ cmake, ✔ libssl-dev
+ sf         1.0-23 [bld][cmp][dl] (9.88 MB) + ✔ libgdal-dev, ✔ gdal-bin, ✔ libgeos-dev, ✔ libproj-dev, ✔ libsqlite3-dev
+ stars      0.7-0  [bld][dl] (4.03 MB)
+ units      1.0-0  [bld][cmp][dl] (367.18 kB) + ✔ libudunits2-dev
+ wk         0.9.5  [bld][cmp][dl] (1.04 MB)
✖ Missing 1 system package. You'll probably need to install it manually:
+ libabsl-dev  - s2
ℹ Getting 6 pkgs (18.72 MB)
✔ Got classInt 0.4-11 (source) (440.41 kB)
✔ Got s2 1.1.9 (source) (2.97 MB)
✔ Got units 1.0-0 (source) (367.18 kB)
✔ Got stars 0.7-0 (source) (4.03 MB)
✔ Got sf 1.0-23 (source) (9.88 MB)
✔ Got wk 0.9.5 (source) (1.04 MB)
ℹ Building classInt 0.4-11
ℹ Building units 1.0-0
ℹ Building wk 0.9.5
✔ Built classInt 0.4-11 (1.2s)
✔ Installed classInt 0.4-11  (152ms)
✔ Built wk 0.9.5 (8.9s)
✔ Installed wk 0.9.5  (177ms)
ℹ Building s2 1.1.9
✔ Built units 1.0-0 (9.9s)
✔ Installed units 1.0-0  (202ms)
✔ Built s2 1.1.9 (6m 14.2s)
✔ Installed s2 1.1.9  (595ms)
ℹ Building sf 1.0-23
✔ Built sf 1.0-23 (1m 18s)
✔ Installed sf 1.0-23  (716ms)
ℹ Building stars 0.7-0
✔ Built stars 0.7-0 (6.9s)
✔ Installed stars 0.7-0  (434ms)
✔ 1 pkg + 15 deps: kept 9, added 6, dld 6 (18.72 MB) [7m 52.6s]
Installing statip...
 
  
ℹ No downloads are needed
✔ 1 pkg + 3 deps: kept 4 [955ms]
Installing statmod...
 
  
ℹ No downloads are needed
✔ 1 pkg: kept 1 [695ms]
Installing statnet.common...
 
  
ℹ No downloads are needed
✔ 1 pkg + 3 deps: kept 4 [780ms]
Installing stinepack...
 
→ Will install 1 package.
→ Will download 1 CRAN package (6.73 kB).
+ stinepack   1.5 [bld][dl] (6.73 kB)
  
ℹ Getting 1 pkg (6.73 kB)
✔ Got stinepack 1.5 (source) (6.73 kB)
ℹ Building stinepack 1.5
✔ Built stinepack 1.5 (677ms)
✔ Installed stinepack 1.5  (98ms)
✔ 1 pkg: added 1, dld 1 (6.73 kB) [2s]
Installing stm...
 
→ Will install 1 package.
→ Will download 1 CRAN package (1.87 MB).
+ stm   1.3.8 [bld][cmp][dl] (1.87 MB)
✔ All system requirements are already installed.
  
ℹ Getting 1 pkg (1.87 MB)
✔ Got stm 1.3.8 (source) (1.87 MB)
ℹ Building stm 1.3.8
✔ Built stm 1.3.8 (16.2s)
✔ Installed stm 1.3.8  (202ms)
✔ 1 pkg + 31 deps: kept 30, added 1, dld 1 (1.87 MB) [18s]
Installing stopwords...
 
  
ℹ No downloads are needed
✔ 1 pkg + 1 dep: kept 2 [744ms]
Installing storr...
 
→ Will install 1 package.
→ Will download 1 CRAN package (92.28 kB).
+ storr   1.2.6 [bld][cmp][dl] (92.28 kB)
  
ℹ Getting 1 pkg (92.28 kB)
✔ Got storr 1.2.6 (source) (92.28 kB)
ℹ Building storr 1.2.6
✔ Built storr 1.2.6 (3.1s)
✔ Installed storr 1.2.6  (177ms)
✔ 1 pkg + 2 deps: kept 2, added 1, dld 1 (92.28 kB) [4.9s]
Installing stringdist...
 
→ Will install 1 package.
→ Will download 1 CRAN package (862.73 kB).
+ stringdist   0.9.15 [bld][cmp][dl] (862.73 kB)
  
ℹ Getting 1 pkg (862.73 kB)
✔ Got stringdist 0.9.15 (source) (862.73 kB)
ℹ Building stringdist 0.9.15
✔ Built stringdist 0.9.15 (2.1s)
✔ Installed stringdist 0.9.15  (190ms)
✔ 1 pkg: added 1, dld 1 (862.73 kB) [3.6s]
Installing stringfish...
 
✔ All system requirements are already installed.
  
ℹ No downloads are needed
✔ 1 pkg + 2 deps: kept 2 [758ms]
Installing stringi...
 
✔ All system requirements are already installed.
  
ℹ No downloads are needed
✔ 1 pkg: kept 1 [717ms]
Installing stringmagic...
 
→ Will install 1 package.
→ Will download 1 CRAN package (3.36 MB).
+ stringmagic   1.2.0 [bld][cmp][dl] (3.36 MB)
  
ℹ Getting 1 pkg (3.36 MB)
✔ Got stringmagic 1.2.0 (source) (3.36 MB)
ℹ Building stringmagic 1.2.0
✔ Built stringmagic 1.2.0 (16.9s)
✔ Installed stringmagic 1.2.0  (299ms)
✔ 1 pkg + 1 dep: added 1, dld 1 (3.36 MB) [19s]
Installing stringr...
 
✔ All system requirements are already installed.
  
ℹ No downloads are needed
✔ 1 pkg + 7 deps: kept 8 [790ms]
Installing strucchange...
 
→ Will install 1 package.
→ Will download 1 CRAN package (526.36 kB).
+ strucchange   1.5-4 [bld][cmp][dl] (526.36 kB)
  
ℹ Getting 1 pkg (526.36 kB)
✔ Got strucchange 1.5-4 (source) (526.36 kB)
ℹ Building strucchange 1.5-4
✔ Built strucchange 1.5-4 (3.4s)
✔ Installed strucchange 1.5-4  (177ms)
✔ 1 pkg + 3 deps: kept 3, added 1, dld 1 (526.36 kB) [5.4s]
Installing styler...
 
  
ℹ No downloads are needed
✔ 1 pkg + 14 deps: kept 15 [888ms]
Installing subselect...
 
→ Will install 2 packages.
→ Will download 2 CRAN packages (630.03 kB).
+ corpcor     1.6.10 [bld][dl] (22.68 kB)
+ subselect   0.16.0 [bld][cmp][dl] (607.35 kB)
  
ℹ Getting 2 pkgs (630.03 kB)
✔ Got corpcor 1.6.10 (source) (22.68 kB)
✔ Got subselect 0.16.0 (source) (607.35 kB)
ℹ Building corpcor 1.6.10
✔ Built corpcor 1.6.10 (917ms)
✔ Installed corpcor 1.6.10  (112ms)
ℹ Building subselect 0.16.0
✔ Built subselect 0.16.0 (15.3s)
✔ Installed subselect 0.16.0  (185ms)
✔ 1 pkg + 3 deps: kept 2, added 2, dld 2 (630.03 kB) [18.3s]
Installing SummarizedExperiment...
 
  
ℹ No downloads are needed
✔ 1 pkg + 16 deps: kept 17 [983ms]
Installing SuperLearner...
 
→ Will install 3 packages.
→ Will download 2 CRAN packages (716.67 kB), cached: 1 (85.58 kB).
+ cvAUC          1.1.4  [bld]
+ gam            1.22-7 [bld][cmp][dl] (203.17 kB)
+ SuperLearner   2.0-40 [bld][dl] (513.50 kB)
  
ℹ Getting 2 pkgs (716.67 kB), 1 (85.58 kB) cached
✔ Got gam 1.22-7 (source) (203.17 kB)
✔ Got SuperLearner 2.0-40 (source) (513.50 kB)
ℹ Building cvAUC 1.1.4
ℹ Building gam 1.22-7
✔ Built cvAUC 1.1.4 (821ms)
✔ Installed cvAUC 1.1.4  (120ms)
✔ Built gam 1.22-7 (6.1s)
✔ Installed gam 1.22-7  (148ms)
ℹ Building SuperLearner 2.0-40
✔ Built SuperLearner 2.0-40 (2.2s)
✔ Installed SuperLearner 2.0-40  (1.1s)
✔ 1 pkg + 13 deps: kept 11, added 3, dld 2 (716.67 kB) [12.4s]
Installing superpc...
 
→ Will install 1 package.
→ Will download 1 CRAN package (166.29 kB).
+ superpc   1.12 [bld][dl] (166.29 kB)
  
ℹ Getting 1 pkg (166.29 kB)
✔ Got superpc 1.12 (source) (166.29 kB)
ℹ Building superpc 1.12
✔ Built superpc 1.12 (2.5s)
✔ Installed superpc 1.12  (121ms)
✔ 1 pkg + 3 deps: kept 3, added 1, dld 1 (166.29 kB) [4s]
Installing SuppDists...
 
  
ℹ No downloads are needed
✔ 1 pkg: kept 1 [657ms]
Installing survey...
 
✔ All system requirements are already installed.
  
ℹ No downloads are needed
✔ 1 pkg + 8 deps: kept 8 [877ms]
Installing survminer...
 
→ Will install 8 packages.
→ Will download 8 CRAN packages (9.54 MB).
+ exactRankTests   0.8-35 [bld][cmp][dl] (46.88 kB)
+ ggpubr           0.6.2  [bld][dl] (1.72 MB)
+ ggsci            4.2.0  [bld][dl] (2.13 MB)
+ ggsignif         0.6.4  [bld][dl] (587.39 kB)
+ ggtext           0.1.2  [bld][dl] (1.21 MB)
+ maxstat          0.7-26 [bld][cmp][dl] (107.96 kB)
+ survminer        0.5.1  [bld][dl] (3.58 MB)
+ survMisc         0.5.6  [bld][dl] (159.19 kB)
✔ All system requirements are already installed.
  
ℹ Getting 8 pkgs (9.54 MB)
✔ Got ggsci 4.2.0 (source) (2.13 MB)
✔ Got exactRankTests 0.8-35 (source) (46.88 kB)
✔ Got ggpubr 0.6.2 (source) (1.72 MB)
✔ Got survMisc 0.5.6 (source) (159.19 kB)
✔ Got maxstat 0.7-26 (source) (107.96 kB)
✔ Got survminer 0.5.1 (source) (3.58 MB)
✔ Got ggtext 0.1.2 (source) (1.21 MB)
✔ Got ggsignif 0.6.4 (source) (587.39 kB)
ℹ Building exactRankTests 0.8-35
ℹ Building ggsci 4.2.0
ℹ Building ggsignif 0.6.4
ℹ Building ggtext 0.1.2
ℹ Building survMisc 0.5.6
✔ Built exactRankTests 0.8-35 (2.2s)
✔ Built ggsignif 0.6.4 (2.3s)
✔ Installed exactRankTests 0.8-35  (171ms)
ℹ Building maxstat 0.7-26
✔ Installed ggsignif 0.6.4  (186ms)
✔ Built ggtext 0.1.2 (3.2s)
✔ Installed ggtext 0.1.2  (398ms)
✔ Built ggsci 4.2.0 (3.8s)
✔ Built maxstat 0.7-26 (1.6s)
✔ Installed ggsci 4.2.0  (390ms)
ℹ Building ggpubr 0.6.2
✔ Installed maxstat 0.7-26  (158ms)
✔ Built survMisc 0.5.6 (5s)
✔ Installed survMisc 0.5.6  (144ms)
✔ Built ggpubr 0.6.2 (6s)
✔ Installed ggpubr 0.6.2  (152ms)
ℹ Building survminer 0.5.1
✔ Built survminer 0.5.1 (5.2s)
✔ Installed survminer 0.5.1  (213ms)
✔ 1 pkg + 102 deps: kept 94, added 8, dld 8 (9.54 MB) [19.8s]
Installing survMisc...
 
✔ All system requirements are already installed.
  
ℹ No downloads are needed
✔ 1 pkg + 30 deps: kept 31 [1s]
Installing sva...
 
→ Will install 1 package.
→ The package (0 B) is cached.
+ sva   3.58.0 [bld][cmp]
✔ All system requirements are already installed.
  
ℹ No downloads are needed, 1 pkg is cached
✔ Got sva 3.58.0 (source) (454.63 kB)
ℹ Building sva 3.58.0
✔ Built sva 3.58.0 (8.8s)
✔ Installed sva 3.58.0  (184ms)
✔ 1 pkg + 56 deps: kept 56, added 1, dld 1 (454.63 kB) [10.9s]
Installing svglite...
 
✔ All system requirements are already installed.
  
ℹ No downloads are needed
✔ 1 pkg + 9 deps: kept 10 [875ms]
Installing swagger...
 
  
ℹ No downloads are needed
✔ 1 pkg: kept 1 [804ms]
Installing symphony...
 
→ Will install 4 packages.
→ Will download 1 CRAN package (913.07 kB), cached: 3 (15.19 MB).
+ BH         1.90.0-1 [bld]
+ dqrng      0.4.1    [bld][cmp]
+ symphony   0.1.2    [bld][cmp][dl] (913.07 kB)
+ uwot       0.2.4    [bld][cmp]
✔ All system requirements are already installed.
  
ℹ Getting 1 pkg (913.07 kB), 3 (15.19 MB) cached
✔ Got symphony 0.1.2 (source) (913.07 kB)
✔ Installed BH 1.90.0-1  (1m 15.5s)
ℹ Building dqrng 0.4.1
✖ Failed to build dqrng 0.4.1 (201ms)
  FAILED: ! error in pak subprocess
Caused by error in `stop_task_build(state, worker)`:
! Failed to build source package dqrng.
Full installation output:
ERROR: dependency ‘BH’ is not available for package ‘dqrng’
Perhaps try a variation of:
install.packages('BH')
* removing ‘/tmp/RtmpP76t3J/pkg-lib74109affcb86/dqrng’
Installing sys...
 
  
ℹ No downloads are needed
✔ 1 pkg: kept 1 [634ms]
Installing sysfonts...
 
✔ All system requirements are already installed.
  
ℹ No downloads are needed
✔ 1 pkg: kept 1 [714ms]
Installing systemfit...
 
→ Will install 1 package.
→ Will download 1 CRAN package (1.04 MB).
+ systemfit   1.1-30 [bld][dl] (1.04 MB)
✔ All system requirements are already installed.
  
ℹ Getting 1 pkg (1.04 MB)
✔ Got systemfit 1.1-30 (source) (1.04 MB)
ℹ Building systemfit 1.1-30
✔ Built systemfit 1.1-30 (3.3s)
✔ Installed systemfit 1.1-30  (169ms)
✔ 1 pkg + 74 deps: kept 73, added 1, dld 1 (1.04 MB) [5.6s]
Installing systemfonts...
 
✔ All system requirements are already installed.
  
ℹ No downloads are needed
✔ 1 pkg + 6 deps: kept 7 [781ms]
Installing tables...
 
→ Will install 1 package.
→ Will download 1 CRAN package (720.11 kB).
+ tables   0.9.33 [bld][dl] (720.11 kB) + ✔ pandoc
✔ All system requirements are already installed.
  
ℹ Getting 1 pkg (720.11 kB)
✔ Got tables 0.9.33 (source) (720.11 kB)
ℹ Building tables 0.9.33
✔ Built tables 0.9.33 (2s)
✔ Installed tables 0.9.33  (156ms)
✔ 1 pkg + 10 deps: kept 10, added 1, dld 1 (720.11 kB) [3.5s]
Installing tarchetypes...
 
→ Will install 3 packages.
→ Will download 3 CRAN packages (1.02 MB).
+ secretbase    1.0.5  [bld][cmp][dl] (25.39 kB)
+ tarchetypes   0.13.2 [bld][dl] (226.24 kB)
+ targets       1.11.4 [bld][dl] (771.60 kB)
✔ All system requirements are already installed.
  
ℹ Getting 3 pkgs (1.02 MB)
✔ Got tarchetypes 0.13.2 (source) (226.24 kB)
✔ Got secretbase 1.0.5 (source) (25.39 kB)
✔ Got targets 1.11.4 (source) (771.60 kB)
ℹ Building secretbase 1.0.5
✔ Built secretbase 1.0.5 (1.3s)
✔ Installed secretbase 1.0.5  (123ms)
ℹ Building targets 1.11.4
✔ Built targets 1.11.4 (14.1s)
✔ Installed targets 1.11.4  (1.3s)
ℹ Building tarchetypes 0.13.2
✔ Built tarchetypes 0.13.2 (3.7s)
✔ Installed tarchetypes 0.13.2  (135ms)
✔ 1 pkg + 34 deps: kept 32, added 3, dld 3 (1.02 MB) [22.7s]
Installing targets...
 
✔ All system requirements are already installed.
  
ℹ No downloads are needed
✔ 1 pkg + 30 deps: kept 31 [1.1s]
Installing TeachingDemos...
 
→ Will install 1 package.
→ Will download 1 CRAN package (343.03 kB).
+ TeachingDemos   2.13 [bld][dl] (343.03 kB)
  
ℹ Getting 1 pkg (343.03 kB)
✔ Got TeachingDemos 2.13 (source) (343.03 kB)
ℹ Building TeachingDemos 2.13
✔ Built TeachingDemos 2.13 (5.1s)
✔ Installed TeachingDemos 2.13  (1.1s)
✔ 1 pkg: added 1, dld 1 (343.03 kB) [7.8s]
Installing tensor...
 
  
ℹ No downloads are needed
✔ 1 pkg: kept 1 [664ms]
Installing tensorA...
 
  
ℹ No downloads are needed
✔ 1 pkg: kept 1 [794ms]
Installing tensorflow...
 
✔ All system requirements are already installed.
  
ℹ No downloads are needed
✔ 1 pkg + 29 deps: kept 29 [1.1s]
Installing terra...
 
✔ All system requirements are already installed.
  
ℹ No downloads are needed
✔ 1 pkg + 1 dep: kept 1 [773ms]
Installing testit...
 
→ Will install 1 package.
→ Will download 1 CRAN package (8.36 kB).
+ testit   0.15 [bld][dl] (8.36 kB)
  
ℹ Getting 1 pkg (8.36 kB)
✔ Got testit 0.15 (source) (8.36 kB)
ℹ Building testit 0.15
✔ Built testit 0.15 (688ms)
✔ Installed testit 0.15  (119ms)
✔ 1 pkg: added 1, dld 1 (8.36 kB) [2.2s]
Installing testthat...
 
✔ All system requirements are already installed.
  
ℹ No downloads are needed
✔ 1 pkg + 22 deps: kept 23 [1.4s]
Installing text2vec...
 
→ Will install 3 packages.
→ Will download 3 CRAN packages (2.71 MB).
+ MatrixExtra   0.1.15 [bld][cmp][dl] (213.13 kB)
+ rsparse       0.5.3  [bld][cmp][dl] (214.56 kB)
+ text2vec      0.6.6  [bld][cmp][dl] (2.28 MB)
✔ All system requirements are already installed.
  
ℹ Getting 3 pkgs (2.71 MB)
✔ Got MatrixExtra 0.1.15 (source) (213.13 kB)
✔ Got rsparse 0.5.3 (source) (214.56 kB)
✔ Got text2vec 0.6.6 (source) (2.28 MB)
ℹ Building MatrixExtra 0.1.15
✔ Built MatrixExtra 0.1.15 (58.4s)
✔ Installed MatrixExtra 0.1.15  (243ms)
ℹ Building rsparse 0.5.3
✔ Built rsparse 0.5.3 (1m 11.3s)
✔ Installed rsparse 0.5.3  (268ms)
ℹ Building text2vec 0.6.6
✔ Built text2vec 0.6.6 (28.5s)
✔ Installed text2vec 0.6.6  (1.2s)
✔ 1 pkg + 14 deps: kept 11, added 3, dld 3 (2.71 MB) [2m 42.3s]
Installing textdata...
 
→ Will install 1 package.
→ Will download 1 CRAN package (4.63 MB).
+ textdata   0.4.5 [bld][dl] (4.63 MB)
✔ All system requirements are already installed.
  
ℹ Getting 1 pkg (4.63 MB)
✔ Got textdata 0.4.5 (source) (4.63 MB)
ℹ Building textdata 0.4.5
✔ Built textdata 0.4.5 (1.7s)
✔ Installed textdata 0.4.5  (140ms)
✔ 1 pkg + 23 deps: kept 23, added 1, dld 1 (4.63 MB) [4.1s]
Installing textrecipes...
 
→ Will install 1 package.
→ Will download 1 CRAN package (153.66 kB).
+ textrecipes   1.1.0 [bld][cmp][dl] (153.66 kB) + ✔ make
✔ All system requirements are already installed.
  
ℹ Getting 1 pkg (153.66 kB)
✔ Got textrecipes 1.1.0 (source) (153.66 kB)
ℹ Building textrecipes 1.1.0
✔ Built textrecipes 1.1.0 (5s)
✔ Installed textrecipes 1.1.0  (217ms)
✔ 1 pkg + 64 deps: kept 63, added 1, dld 1 (153.66 kB) [7.4s]
Installing textshaping...
 
✔ All system requirements are already installed.
  
ℹ No downloads are needed
✔ 1 pkg + 8 deps: kept 9 [846ms]
Installing tfautograph...
 
✔ All system requirements are already installed.
  
ℹ No downloads are needed
✔ 1 pkg + 13 deps: kept 13 [1s]
Installing TFBSTools...
  FAILED: ! error in pak subprocess
Caused by error: 
! Could not solve package dependencies:
* TFBSTools: Can't install dependency TFMPvalue (>= 0.0.5)
* TFMPvalue: Can't find package called TFMPvalue.
Installing tfdatasets...
 
→ Will install 1 package.
→ Will download 1 CRAN package (811.34 kB).
+ tfdatasets   2.18.0 [bld][dl] (811.34 kB)
✔ All system requirements are already installed.
  
ℹ Getting 1 pkg (811.34 kB)
✔ Got tfdatasets 2.18.0 (source) (811.34 kB)
ℹ Building tfdatasets 2.18.0
✔ Built tfdatasets 2.18.0 (7s)
✔ Installed tfdatasets 2.18.0  (165ms)
✔ 1 pkg + 31 deps: kept 30, added 1, dld 1 (811.34 kB) [9.5s]
Installing TFisher...
 
  
ℹ No downloads are needed
✔ 1 pkg + 11 deps: kept 12 [1s]
Installing tfruns...
 
✔ All system requirements are already installed.
  
ℹ No downloads are needed
✔ 1 pkg + 23 deps: kept 23 [1s]
Installing TH.data...
 
  
ℹ No downloads are needed
✔ 1 pkg + 4 deps: kept 5 [834ms]
Installing thematic...
 
→ Will install 1 package.
→ Will download 1 CRAN package (2.47 MB).
+ thematic   0.1.8 [bld][dl] (2.47 MB)
  
ℹ Getting 1 pkg (2.47 MB)
✔ Got thematic 0.1.8 (source) (2.47 MB)
ℹ Building thematic 0.1.8
✔ Built thematic 0.1.8 (1.8s)
✔ Installed thematic 0.1.8  (1.2s)
✔ 1 pkg + 18 deps: kept 18, added 1, dld 1 (2.47 MB) [5s]
Installing themis...
 
→ Will install 2 packages.
→ Will download 2 CRAN packages (203.17 kB).
+ ROSE     0.0-4 [bld][dl] (40.69 kB)
+ themis   1.0.3 [bld][dl] (162.47 kB)
✔ All system requirements are already installed.
  
ℹ Getting 2 pkgs (203.17 kB)
✔ Got ROSE 0.0-4 (source) (40.69 kB)
✔ Got themis 1.0.3 (source) (162.47 kB)
ℹ Building ROSE 0.0-4
✔ Built ROSE 0.0-4 (1.8s)
✔ Installed ROSE 0.0-4  (115ms)
ℹ Building themis 1.0.3
✔ Built themis 1.0.3 (4.1s)
✔ Installed themis 1.0.3  (185ms)
✔ 1 pkg + 64 deps: kept 62, added 2, dld 2 (203.17 kB) [8.9s]
Installing threejs...
 
✔ All system requirements are already installed.
  
ℹ No downloads are needed
✔ 1 pkg + 35 deps: kept 36 [1.2s]
Installing tibble...
 
  
ℹ No downloads are needed
✔ 1 pkg + 9 deps: kept 10 [875ms]
Installing tictoc...
 
→ Will install 1 package.
→ Will download 1 CRAN package (528.45 kB).
+ tictoc   1.2.1 [bld][dl] (528.45 kB)
  
ℹ Getting 1 pkg (528.45 kB)
✔ Got tictoc 1.2.1 (source) (528.45 kB)
ℹ Building tictoc 1.2.1
✔ Built tictoc 1.2.1 (742ms)
✔ Installed tictoc 1.2.1  (173ms)
✔ 1 pkg: added 1, dld 1 (528.45 kB) [2.7s]
Installing tidybulk...
 
→ Will install 1 package.
→ The package (0 B) is cached.
+ tidybulk   2.0.1 [bld]
✔ All system requirements are already installed.
  
ℹ No downloads are needed, 1 pkg is cached
✔ Got tidybulk 2.0.1 (source) (4.98 MB)
ℹ Building tidybulk 2.0.1
✔ Built tidybulk 2.0.1 (15.9s)
✔ Installed tidybulk 2.0.1  (307ms)
✔ 1 pkg + 81 deps: kept 80, added 1, dld 1 (4.98 MB) [19.1s]
Installing tidyclust...
 
→ Will install 3 packages.
→ Will download 3 CRAN packages (472.04 kB).
+ philentropy   0.10.0 [bld][cmp][dl] (109.08 kB)
+ poorman       0.2.7  [bld][dl] (141.96 kB)
+ tidyclust     0.2.4  [bld][dl] (220.99 kB)
✔ All system requirements are already installed.
  
ℹ Getting 3 pkgs (472.04 kB)
✔ Got tidyclust 0.2.4 (source) (220.99 kB)
✔ Got philentropy 0.10.0 (source) (109.08 kB)
✔ Got poorman 0.2.7 (source) (141.96 kB)
ℹ Building poorman 0.2.7
✔ Built poorman 0.2.7 (2.8s)
✔ Installed poorman 0.2.7  (1.3s)
ℹ Building philentropy 0.10.0
✔ Built philentropy 0.10.0 (11.4s)
✔ Installed philentropy 0.10.0  (194ms)
ℹ Building tidyclust 0.2.4
✔ Built tidyclust 0.2.4 (6.3s)
✔ Installed tidyclust 0.2.4  (1.1s)
✔ 1 pkg + 85 deps: kept 82, added 3, dld 3 (472.04 kB) [26.4s]
Installing tidycmprsk...
 
→ Will install 1 package.
→ Will download 1 CRAN package (269.05 kB).
+ tidycmprsk   1.1.1 [bld][dl] (269.05 kB)
✔ All system requirements are already installed.
  
ℹ Getting 1 pkg (269.05 kB)
✔ Got tidycmprsk 1.1.1 (source) (269.05 kB)
ℹ Building tidycmprsk 1.1.1
✔ Built tidycmprsk 1.1.1 (3.7s)
✔ Installed tidycmprsk 1.1.1  (1.2s)
✔ 1 pkg + 74 deps: kept 73, added 1, dld 1 (269.05 kB) [8.2s]
Installing tidygraph...
 
✔ All system requirements are already installed.
  
ℹ No downloads are needed
✔ 1 pkg + 22 deps: kept 23 [1.2s]
Installing tidyHeatmap...
 
→ Will install 1 package.
→ The package (4.31 MB) is cached.
+ tidyHeatmap   1.13.1 [bld]
✔ All system requirements are already installed.
  
ℹ No downloads are needed, 1 pkg (4.31 MB) is cached
ℹ Building tidyHeatmap 1.13.1
✔ Built tidyHeatmap 1.13.1 (6.9s)
✔ Installed tidyHeatmap 1.13.1  (255ms)
✔ 1 pkg + 52 deps: kept 52, added 1 [8.9s]
Installing tidylog...
 
→ Will install 1 package.
→ Will download 1 CRAN package (31.30 kB).
+ tidylog   1.1.0 [bld][dl] (31.30 kB)
✔ All system requirements are already installed.
  
ℹ Getting 1 pkg (31.30 kB)
✔ Got tidylog 1.1.0 (source) (31.30 kB)
ℹ Building tidylog 1.1.0
✔ Built tidylog 1.1.0 (1.8s)
✔ Installed tidylog 1.1.0  (1.1s)
✔ 1 pkg + 20 deps: kept 20, added 1, dld 1 (31.30 kB) [4.7s]
Installing tidymodels...
 
→ Will install 1 package.
→ Will download 1 CRAN package (47.69 kB).
+ tidymodels   1.4.1 [bld][dl] (47.69 kB)
✔ All system requirements are already installed.
  
ℹ Getting 1 pkg (47.69 kB)
✔ Got tidymodels 1.4.1 (source) (47.69 kB)
ℹ Building tidymodels 1.4.1
✔ Built tidymodels 1.4.1 (5s)
✔ Installed tidymodels 1.4.1  (152ms)
✔ 1 pkg + 89 deps: kept 88, added 1, dld 1 (47.69 kB) [8.1s]
