Installing packages from: /home/domeally/workspaces/vscode-rbioc/slurm_install/pkgs_020.txt
Target library: /packages/singularity/shared_cache/rbioc/rlibs/bioc-3.22
Installing vdiffr...
ℹ Loading metadata database
✔ Loading metadata database ... done

 
→ Will install 16 packages.
→ Will download 14 CRAN packages (2.32 MB), cached: 2 (99.22 kB).
+ brio        1.1.5 [bld][cmp][dl] (13.17 kB)
+ callr       3.7.6 [bld][dl] (104.36 kB)
+ crayon      1.5.3 [bld][dl] (40.40 kB)
+ desc        1.4.3 [bld][dl] (80.07 kB)
+ diffobj     0.3.6 [bld][cmp][dl] (472.96 kB)
+ evaluate    1.0.5 [bld]
+ pkgbuild    1.4.8 [bld][dl] (51.30 kB)
+ pkgload     1.4.1 [bld][dl] (87.51 kB)
+ praise      1.0.0 [bld][dl] (6.10 kB)
+ processx    3.8.6 [bld][cmp][dl] (165.19 kB)
+ ps          1.9.1 [bld][cmp][dl] (167.92 kB)
+ rprojroot   2.1.1 [bld]
+ testthat    3.3.1 [bld][cmp][dl] (828.62 kB)
+ vdiffr      1.0.8 [bld][cmp][dl] (102.46 kB) + ✔ libpng-dev
+ waldo       0.6.2 [bld][dl] (45.91 kB)
+ xml2        1.5.1 [bld][cmp][dl] (154.64 kB) + ✔ libxml2-dev
✔ All system requirements are already installed.
  
ℹ Getting 14 pkgs (2.32 MB), 2 (99.22 kB) cached
✔ Cached copy of crayon 1.5.3 (source) is the latest build
✔ Got brio 1.1.5 (source) (13.17 kB)
✔ Got callr 3.7.6 (source) (104.36 kB)
✔ Got desc 1.4.3 (source) (80.07 kB)
✔ Got praise 1.0.0 (source) (6.10 kB)
✔ Got processx 3.8.6 (source) (165.19 kB)
✔ Got pkgload 1.4.1 (source) (87.51 kB)
✔ Got xml2 1.5.1 (source) (154.64 kB)
✔ Got testthat 3.3.1 (source) (828.62 kB)
✔ Got diffobj 0.3.6 (source) (472.96 kB)
✔ Got ps 1.9.1 (source) (167.92 kB)
✔ Got waldo 0.6.2 (source) (45.91 kB)
✔ Got vdiffr 1.0.8 (source) (102.46 kB)
✔ Got pkgbuild 1.4.8 (source) (51.30 kB)
ℹ Building brio 1.1.5
ℹ Building crayon 1.5.3
ℹ Building desc 1.4.3
ℹ Building evaluate 1.0.5
ℹ Building praise 1.0.0
ℹ Building ps 1.9.1
ℹ Building rprojroot 2.1.1
ℹ Building xml2 1.5.1
✔ Built praise 1.0.0 (1.5s)
✔ Built crayon 1.5.3 (2.1s)
✔ Built evaluate 1.0.5 (2.2s)
✔ Built rprojroot 2.1.1 (2.1s)
✔ Built brio 1.1.5 (2.5s)
✔ Installed praise 1.0.0  (492ms)
✔ Installed crayon 1.5.3  (243ms)
ℹ Building diffobj 0.3.6
✔ Built desc 1.4.3 (2.8s)
✔ Installed brio 1.1.5  (258ms)
✔ Installed desc 1.4.3  (122ms)
✔ Installed evaluate 1.0.5  (239ms)
✔ Installed rprojroot 2.1.1  (362ms)
✔ Built ps 1.9.1 (6.3s)
✔ Installed ps 1.9.1  (190ms)
ℹ Building processx 3.8.6
✔ Built xml2 1.5.1 (8.5s)
✔ Installed xml2 1.5.1  (269ms)
✔ Built diffobj 0.3.6 (6.4s)
✔ Installed diffobj 0.3.6  (169ms)
ℹ Building waldo 0.6.2
✔ Built processx 3.8.6 (4.2s)
✔ Built waldo 0.6.2 (1.6s)
✔ Installed processx 3.8.6  (275ms)
ℹ Building callr 3.7.6
✔ Installed waldo 0.6.2  (325ms)
✔ Built callr 3.7.6 (3s)
✔ Installed callr 3.7.6  (1.3s)
ℹ Building pkgbuild 1.4.8
✔ Built pkgbuild 1.4.8 (1.8s)
✔ Installed pkgbuild 1.4.8  (111ms)
ℹ Building pkgload 1.4.1
✔ Built pkgload 1.4.1 (2.1s)
✔ Installed pkgload 1.4.1  (117ms)
ℹ Building testthat 3.3.1
✔ Built testthat 3.3.1 (23s)
✔ Installed testthat 3.3.1  (365ms)
ℹ Building vdiffr 1.0.8
✔ Built vdiffr 1.0.8 (6.4s)
✔ Installed vdiffr 1.0.8  (225ms)
✔ 1 pkg + 29 deps: kept 14, added 16, dld 13 (2.28 MB) [57.4s]
Installing vegan...
 
  
ℹ No downloads are needed
✔ 1 pkg + 7 deps: kept 8 [1.2s]
Installing VennDiagram...
 
→ Will install 1 package.
→ Will download 1 CRAN package (78.51 kB).
+ VennDiagram   1.7.3 [bld][dl] (78.51 kB)
  
ℹ Getting 1 pkg (78.51 kB)
✔ Got VennDiagram 1.7.3 (source) (78.51 kB)
ℹ Building VennDiagram 1.7.3
✔ Built VennDiagram 1.7.3 (2.7s)
✔ Installed VennDiagram 1.7.3  (1.1s)
✔ 1 pkg + 4 deps: kept 4, added 1, dld 1 (78.51 kB) [5.2s]
Installing venneuler...
 
→ Will install 2 packages.
→ Will download 2 CRAN packages (679.67 kB).
+ rJava       1.0-11 [bld][cmp][dl] (634.10 kB) + ✔ make, ✔ default-jdk
+ venneuler   1.1-4  [bld][dl] (45.57 kB) + ✔ default-jdk
✔ All system requirements are already installed.
  
ℹ Getting 2 pkgs (679.67 kB)
✔ Got rJava 1.0-11 (source) (634.10 kB)
✔ Got venneuler 1.1-4 (source) (45.57 kB)
ℹ Building rJava 1.0-11
✔ Built rJava 1.0-11 (9.8s)
✔ Installed rJava 1.0-11  (407ms)
ℹ Building venneuler 1.1-4
✔ Built venneuler 1.1-4 (1.1s)
✔ Installed venneuler 1.1-4  (1.1s)
✔ 1 pkg + 1 dep: added 2, dld 2 (679.67 kB) [14s]
Installing versions...
 
→ Will install 1 package.
→ Will download 1 CRAN package (8.03 kB).
+ versions   0.3 [bld][dl] (8.03 kB)
  
ℹ Getting 1 pkg (8.03 kB)
✔ Got versions 0.3 (source) (8.03 kB)
ℹ Building versions 0.3
✔ Built versions 0.3 (726ms)
✔ Installed versions 0.3  (114ms)
✔ 1 pkg: added 1, dld 1 (8.03 kB) [2.2s]
Installing VGAM...
 
→ Will install 1 package.
→ Will download 1 CRAN package (1.73 MB).
+ VGAM   1.1-14 [bld][cmp][dl] (1.73 MB)
  
ℹ Getting 1 pkg (1.73 MB)
✔ Got VGAM 1.1-14 (source) (1.73 MB)
ℹ Building VGAM 1.1-14
✔ Built VGAM 1.1-14 (41s)
✔ Installed VGAM 1.1-14  (226ms)
✔ 1 pkg: added 1, dld 1 (1.73 MB) [42.7s]
Installing VIM...
 
→ Will install 9 packages.
→ Will download 9 CRAN packages (10.14 MB).
+ DEoptimR     1.1-4   [bld][dl] (19.59 kB)
+ e1071        1.7-17  [bld][cmp][dl] (318.06 kB)
+ laeken       0.5.3   [bld][dl] (2.90 MB)
+ proxy        0.4-29  [bld][cmp][dl] (71.44 kB)
+ ranger       0.17.0  [bld][cmp][dl] (178.53 kB)
+ robustbase   0.99-6  [bld][cmp][dl] (2.32 MB)
+ vcd          1.4-13  [bld][dl] (692.04 kB)
+ VIM          6.2.6   [bld][cmp][dl] (2.04 MB)
+ xgboost      3.1.2.1 [bld][cmp][dl] (1.60 MB) + ✔ make
✔ All system requirements are already installed.
  
ℹ Getting 9 pkgs (10.14 MB)
✔ Got e1071 1.7-17 (source) (318.06 kB)
✔ Got DEoptimR 1.1-4 (source) (19.59 kB)
✔ Got proxy 0.4-29 (source) (71.44 kB)
✔ Got laeken 0.5.3 (source) (2.90 MB)
✔ Got vcd 1.4-13 (source) (692.04 kB)
✔ Got ranger 0.17.0 (source) (178.53 kB)
✔ Got robustbase 0.99-6 (source) (2.32 MB)
✔ Got VIM 6.2.6 (source) (2.04 MB)
✔ Got xgboost 3.1.2.1 (source) (1.60 MB)
ℹ Building DEoptimR 1.1-4
ℹ Building laeken 0.5.3
ℹ Building proxy 0.4-29
ℹ Building ranger 0.17.0
ℹ Building vcd 1.4-13
ℹ Building xgboost 3.1.2.1
✔ Built DEoptimR 1.1-4 (1.7s)
✔ Installed DEoptimR 1.1-4  (147ms)
ℹ Building robustbase 0.99-6
✔ Built proxy 0.4-29 (3.1s)
✔ Built laeken 0.5.3 (3.4s)
✔ Installed proxy 0.4-29  (206ms)
ℹ Building e1071 1.7-17
✔ Installed laeken 0.5.3  (227ms)
✔ Built vcd 1.4-13 (5.9s)
✔ Installed vcd 1.4-13  (227ms)
✔ Built e1071 1.7-17 (4.9s)
✔ Installed e1071 1.7-17  (1.1s)
✔ Built robustbase 0.99-6 (11.4s)
✔ Installed robustbase 0.99-6  (328ms)
✔ Built ranger 0.17.0 (48.9s)
✔ Installed ranger 0.17.0  (227ms)
✔ Built xgboost 3.1.2.1 (9m 15.2s)
✔ Installed xgboost 3.1.2.1  (2.5s)
ℹ Building VIM 6.2.6
✔ Built VIM 6.2.6 (12.3s)
✔ Installed VIM 6.2.6  (286ms)
✔ 1 pkg + 85 deps: kept 76, added 9, dld 9 (10.14 MB) [9m 34.1s]
Installing vipor...
 
  
ℹ No downloads are needed
✔ 1 pkg: kept 1 [779ms]
Installing viridis...
 
  
ℹ No downloads are needed
✔ 1 pkg + 17 deps: kept 18 [950ms]
Installing viridisLite...
 
  
ℹ No downloads are needed
✔ 1 pkg: kept 1 [755ms]
Installing visdat...
 
→ Will install 1 package.
→ Will download 1 CRAN package (1.31 MB).
+ visdat   0.6.0 [bld][dl] (1.31 MB)
✔ All system requirements are already installed.
  
ℹ Getting 1 pkg (1.31 MB)
✔ Got visdat 0.6.0 (source) (1.31 MB)
ℹ Building visdat 0.6.0
✔ Built visdat 0.6.0 (1.2s)
✔ Installed visdat 0.6.0  (248ms)
✔ 1 pkg + 37 deps: kept 37, added 1, dld 1 (1.31 MB) [3.2s]
Installing visNetwork...
 
→ Will install 1 package.
→ Will download 1 CRAN package (4.27 MB).
+ visNetwork   2.1.4 [bld][dl] (4.27 MB)
✔ All system requirements are already installed.
  
ℹ Getting 1 pkg (4.27 MB)
✔ Got visNetwork 2.1.4 (source) (4.27 MB)
ℹ Building visNetwork 2.1.4
✔ Built visNetwork 2.1.4 (4.2s)
✔ Installed visNetwork 2.1.4  (756ms)
✔ 1 pkg + 28 deps: kept 28, added 1, dld 1 (4.27 MB) [7.3s]
Installing vroom...
 
  
ℹ No downloads are needed
✔ 1 pkg + 17 deps: kept 18 [1s]
Installing vsn...
 
  
ℹ No downloads are needed
✔ 1 pkg + 26 deps: kept 27 [1s]
Installing waiter...
 
✔ All system requirements are already installed.
  
ℹ No downloads are needed
✔ 1 pkg + 30 deps: kept 30 [1.2s]
Installing wakefield...
 
→ Will install 1 package.
→ Will download 1 CRAN package (1.15 MB).
+ wakefield   0.3.6 [bld][dl] (1.15 MB)
✔ All system requirements are already installed.
  
ℹ Getting 1 pkg (1.15 MB)
✔ Got wakefield 0.3.6 (source) (1.15 MB)
ℹ Building wakefield 0.3.6
✔ Built wakefield 0.3.6 (2.1s)
✔ Installed wakefield 0.3.6  (1.1s)
✔ 1 pkg + 26 deps: kept 26, added 1, dld 1 (1.15 MB) [5s]
Installing waldo...
 
  
ℹ No downloads are needed
✔ 1 pkg + 5 deps: kept 6 [828ms]
Installing warp...
 
  
ℹ No downloads are needed
✔ 1 pkg: kept 1 [918ms]
Installing wCorr...
 
→ Will install 1 package.
→ The package (422.82 kB) is cached.
+ wCorr   1.9.8 [bld][cmp]
✔ All system requirements are already installed.
  
ℹ No downloads are needed, 1 pkg (422.82 kB) is cached
ℹ Building wCorr 1.9.8
✔ Built wCorr 1.9.8 (25.4s)
✔ Installed wCorr 1.9.8  (189ms)
✔ 1 pkg + 4 deps: kept 3, added 1 [26.7s]
Installing webdriver...
 
✔ All system requirements are already installed.
  
ℹ No downloads are needed
✔ 1 pkg + 17 deps: kept 18 [1000ms]
Installing webfakes...
 
→ Will install 1 package.
→ Will download 1 CRAN package (1.88 MB).
+ webfakes   1.4.0 [bld][cmp][dl] (1.88 MB)
  
ℹ Getting 1 pkg (1.88 MB)
✔ Got webfakes 1.4.0 (source) (1.88 MB)
ℹ Building webfakes 1.4.0
✔ Built webfakes 1.4.0 (23.7s)
✔ Installed webfakes 1.4.0  (304ms)
✔ 1 pkg: added 1, dld 1 (1.88 MB) [25.6s]
Installing webmockr...
 
→ Will install 2 packages.
→ Will download 2 CRAN packages (497.18 kB).
+ fauxpas    0.5.2 [bld][dl] (394.44 kB)
+ webmockr   2.2.0 [bld][dl] (102.74 kB)
✔ All system requirements are already installed.
  
ℹ Getting 2 pkgs (497.18 kB)
✔ Got webmockr 2.2.0 (source) (102.74 kB)
✔ Got fauxpas 0.5.2 (source) (394.44 kB)
ℹ Building fauxpas 0.5.2
✔ Built fauxpas 0.5.2 (20.5s)
✔ Installed fauxpas 0.5.2  (192ms)
ℹ Building webmockr 2.2.0
✔ Built webmockr 2.2.0 (6.2s)
✔ Installed webmockr 2.2.0  (124ms)
✔ 1 pkg + 12 deps: kept 10, added 2, dld 2 (497.18 kB) [29.2s]
Installing webp...
 
→ Will install 1 package.
→ Will download 1 CRAN package (17.50 kB).
+ webp   1.3.0 [bld][cmp][dl] (17.50 kB) + ✔ libwebp-dev
✔ All system requirements are already installed.
  
ℹ Getting 1 pkg (17.50 kB)
✔ Got webp 1.3.0 (source) (17.50 kB)
ℹ Building webp 1.3.0
✔ Built webp 1.3.0 (940ms)
✔ Installed webp 1.3.0  (118ms)
✔ 1 pkg: added 1, dld 1 (17.50 kB) [2.6s]
Installing webshot...
 
✔ All system requirements are already installed.
  
ℹ No downloads are needed
✔ 1 pkg + 6 deps: kept 7 [976ms]
Installing webshot2...
 
✖ Missing 1 system package. You'll probably need to install it manually:
+ chromium  - chromote
ℹ No downloads are needed
✔ 1 pkg + 20 deps: kept 20 [946ms]
Installing websocket...
 
✔ All system requirements are already installed.
  
ℹ No downloads are needed
✔ 1 pkg + 4 deps: kept 4 [823ms]
Installing wesanderson...
 
→ Will install 1 package.
→ Will download 1 CRAN package (6.49 kB).
+ wesanderson   0.3.7 [bld][dl] (6.49 kB)
  
ℹ Getting 1 pkg (6.49 kB)
✔ Got wesanderson 0.3.7 (source) (6.49 kB)
ℹ Building wesanderson 0.3.7
✔ Built wesanderson 0.3.7 (609ms)
✔ Installed wesanderson 0.3.7  (125ms)
✔ 1 pkg: added 1, dld 1 (6.49 kB) [2s]
Installing WGCNA...
 
→ Will install 3 packages.
→ All 3 packages (1.38 MB) are cached.
+ fastcluster   1.3.0  [bld][cmp]
+ impute        1.84.0 [bld][cmp]
+ WGCNA         1.73   [bld][cmp]
✔ All system requirements are already installed.
  
ℹ No downloads are needed, 3 pkgs (1.38 MB) are cached
ℹ Building fastcluster 1.3.0
ℹ Building impute 1.84.0
✔ Built impute 1.84.0 (1s)
✔ Installed impute 1.84.0  (1.2s)
✔ Built fastcluster 1.3.0 (2.8s)
✔ Installed fastcluster 1.3.0  (1.2s)
ℹ Building WGCNA 1.73
✔ Built WGCNA 1.73 (26.1s)
✔ Installed WGCNA 1.73  (186ms)
✔ 1 pkg + 91 deps: kept 88, added 3 [32.6s]
Installing whisker...
 
  
ℹ No downloads are needed
✔ 1 pkg: kept 1 [753ms]
Installing widgetframe...
 
→ Will install 1 package.
→ Will download 1 CRAN package (39.03 kB).
+ widgetframe   0.3.1 [bld][dl] (39.03 kB)
✔ All system requirements are already installed.
  
ℹ Getting 1 pkg (39.03 kB)
✔ Got widgetframe 0.3.1 (source) (39.03 kB)
ℹ Building widgetframe 0.3.1
✔ Built widgetframe 0.3.1 (932ms)
✔ Installed widgetframe 0.3.1  (163ms)
✔ 1 pkg + 30 deps: kept 30, added 1, dld 1 (39.03 kB) [2.7s]
Installing withr...
 
  
ℹ No downloads are needed
✔ 1 pkg: kept 1 [764ms]
Installing wk...
 
  
ℹ No downloads are needed
✔ 1 pkg: kept 1 [727ms]
Installing wordcloud...
 
→ Will install 1 package.
→ Will download 1 CRAN package (42.45 kB).
+ wordcloud   2.6 [bld][cmp][dl] (42.45 kB)
  
ℹ Getting 1 pkg (42.45 kB)
✔ Got wordcloud 2.6 (source) (42.45 kB)
ℹ Building wordcloud 2.6
✔ Built wordcloud 2.6 (5.2s)
✔ Installed wordcloud 2.6  (1.1s)
✔ 1 pkg + 2 deps: kept 1, added 1, dld 1 (42.45 kB) [7.6s]
Installing wordpiece...
 
→ Will install 3 packages.
→ Will download 3 CRAN packages (326.41 kB).
+ dlr              1.0.1 [bld][dl] (19.54 kB)
+ wordpiece        2.1.3 [bld][dl] (19.67 kB)
+ wordpiece.data   2.0.0 [bld][dl] (287.20 kB)
✔ All system requirements are already installed.
  
ℹ Getting 3 pkgs (326.41 kB)
✔ Got dlr 1.0.1 (source) (19.54 kB)
✔ Got wordpiece 2.1.3 (source) (19.67 kB)
✔ Got wordpiece.data 2.0.0 (source) (287.20 kB)
ℹ Building dlr 1.0.1
ℹ Building wordpiece.data 2.0.0
✔ Built wordpiece.data 2.0.0 (655ms)
✔ Built dlr 1.0.1 (918ms)
✔ Installed wordpiece.data 2.0.0  (208ms)
✔ Installed dlr 1.0.1  (1.2s)
ℹ Building wordpiece 2.1.3
✔ Built wordpiece 2.1.3 (880ms)
✔ Installed wordpiece 2.1.3  (1.1s)
✔ 1 pkg + 18 deps: kept 16, added 3, dld 3 (326.41 kB) [6s]
Installing wordpiece.data...
 
  
ℹ No downloads are needed
✔ 1 pkg: kept 1 [742ms]
Installing workflows...
 
✔ All system requirements are already installed.
  
ℹ No downloads are needed
✔ 1 pkg + 65 deps: kept 65 [1.7s]
Installing workflowsets...
 
→ Will install 1 package.
→ Will download 1 CRAN package (389.19 kB).
+ workflowsets   1.1.1 [bld][dl] (389.19 kB)
✔ All system requirements are already installed.
  
ℹ Getting 1 pkg (389.19 kB)
✔ Got workflowsets 1.1.1 (source) (389.19 kB)
ℹ Building workflowsets 1.1.1
✔ Built workflowsets 1.1.1 (7.7s)
✔ Installed workflowsets 1.1.1  (197ms)
✔ 1 pkg + 78 deps: kept 77, added 1, dld 1 (389.19 kB) [10.5s]
Installing writexl...
 
✔ All system requirements are already installed.
  
ℹ No downloads are needed
✔ 1 pkg: kept 1 [708ms]
Installing WriteXLS...
 
✔ All system requirements are already installed.
  
ℹ No downloads are needed
✔ 1 pkg: kept 1 [766ms]
Installing xaringan...
 
→ Will install 1 package.
→ Will download 1 CRAN package (70.96 kB).
+ xaringan   0.31 [bld][dl] (70.96 kB)
✔ All system requirements are already installed.
  
ℹ Getting 1 pkg (70.96 kB)
✔ Got xaringan 0.31 (source) (70.96 kB)
ℹ Building xaringan 0.31
✔ Built xaringan 0.31 (1.2s)
✔ Installed xaringan 0.31  (422ms)
✔ 1 pkg + 33 deps: kept 32, added 1, dld 1 (70.96 kB) [3.4s]
Installing xaringanExtra...
 
→ Will install 1 package.
→ Will download 1 CRAN package (3.16 MB).
+ xaringanExtra   0.8.0 [bld][dl] (3.16 MB)
✔ All system requirements are already installed.
  
ℹ Getting 1 pkg (3.16 MB)
✔ Got xaringanExtra 0.8.0 (source) (3.16 MB)
ℹ Building xaringanExtra 0.8.0
✔ Built xaringanExtra 0.8.0 (1.6s)
✔ Installed xaringanExtra 0.8.0  (469ms)
✔ 1 pkg + 12 deps: kept 12, added 1, dld 1 (3.16 MB) [3.6s]
Installing xfun...
 
  
ℹ No downloads are needed
✔ 1 pkg: kept 1 [933ms]
Installing xgboost...
 
✔ All system requirements are already installed.
  
ℹ No downloads are needed
✔ 1 pkg + 4 deps: kept 5 [1.3s]
Installing xlsx...
 
→ Will install 2 packages.
→ Will download 2 CRAN packages (10.75 MB).
+ xlsx       0.6.5 [bld][dl] (489.49 kB) + ✔ default-jdk
+ xlsxjars   0.9.0 [bld][dl] (10.26 MB) + ✔ default-jdk
✔ All system requirements are already installed.
  
ℹ Getting 2 pkgs (10.75 MB)
✔ Got xlsx 0.6.5 (source) (489.49 kB)
✔ Got xlsxjars 0.9.0 (source) (10.26 MB)
ℹ Building xlsxjars 0.9.0
✔ Built xlsxjars 0.9.0 (1.8s)
✔ Installed xlsxjars 0.9.0  (263ms)
ℹ Building xlsx 0.6.5
✔ Built xlsx 0.6.5 (2s)
✔ Installed xlsx 0.6.5  (173ms)
✔ 1 pkg + 2 deps: kept 1, added 2, dld 2 (10.75 MB) [6.6s]
Installing xlsxjars...
 
✔ All system requirements are already installed.
  
ℹ No downloads are needed
✔ 1 pkg + 1 dep: kept 2 [892ms]
Installing XML...
 
✔ All system requirements are already installed.
  
ℹ No downloads are needed
✔ 1 pkg: kept 1 [831ms]
Installing xml2...
 
✔ All system requirements are already installed.
  
ℹ No downloads are needed
✔ 1 pkg + 2 deps: kept 3 [919ms]
Installing xmlparsedata...
 
  
ℹ No downloads are needed
✔ 1 pkg: kept 1 [805ms]
Installing xopen...
 
  
ℹ No downloads are needed
✔ 1 pkg + 3 deps: kept 4 [886ms]
Installing xrf...
 
→ Will install 1 package.
→ Will download 1 CRAN package (77.34 kB).
+ xrf   0.3.1 [bld][dl] (77.34 kB)
✔ All system requirements are already installed.
  
ℹ Getting 1 pkg (77.34 kB)
✔ Got xrf 0.3.1 (source) (77.34 kB)
ℹ Building xrf 0.3.1
✔ Built xrf 0.3.1 (3.4s)
✔ Installed xrf 0.3.1  (115ms)
✔ 1 pkg + 27 deps: kept 26, added 1, dld 1 (77.34 kB) [5.4s]
Installing xtable...
 
  
ℹ No downloads are needed
✔ 1 pkg: kept 1 [891ms]
Installing xts...
 
  
ℹ No downloads are needed
✔ 1 pkg + 2 deps: kept 3 [937ms]
Installing XVector...
 
  
ℹ No downloads are needed
✔ 1 pkg + 4 deps: kept 5 [988ms]
Installing xxhashlite...
 
→ Will install 1 package.
→ Will download 1 CRAN package (147.16 kB).
+ xxhashlite   0.2.2 [bld][cmp][dl] (147.16 kB)
  
ℹ Getting 1 pkg (147.16 kB)
✔ Got xxhashlite 0.2.2 (source) (147.16 kB)
ℹ Building xxhashlite 0.2.2
✔ Built xxhashlite 0.2.2 (2s)
✔ Installed xxhashlite 0.2.2  (1.1s)
✔ 1 pkg: added 1, dld 1 (147.16 kB) [4.4s]
Installing yaImpute...
 
  
ℹ No downloads are needed
✔ 1 pkg: kept 1 [869ms]
Installing yaml...
 
  
ℹ No downloads are needed
✔ 1 pkg: kept 1 [797ms]
Installing yardstick...
 
  
ℹ No downloads are needed
✔ 1 pkg + 17 deps: kept 18 [1.3s]
Installing yulab.utils...
 
✔ All system requirements are already installed.
  
ℹ No downloads are needed
✔ 1 pkg + 5 deps: kept 6 [859ms]
Installing zeallot...
 
  
ℹ No downloads are needed
✔ 1 pkg: kept 1 [746ms]
Installing zellkonverter...
 
→ Will install 1 package.
→ The package (0 B) is cached.
+ zellkonverter   1.20.0 [bld]
✔ All system requirements are already installed.
  
ℹ No downloads are needed, 1 pkg is cached
✔ Got zellkonverter 1.20.0 (source) (1.49 MB)
ℹ Building zellkonverter 1.20.0
✔ Built zellkonverter 1.20.0 (12.6s)
✔ Installed zellkonverter 1.20.0  (191ms)
✔ 1 pkg + 32 deps: kept 31, added 1, dld 1 (1.49 MB) [14.8s]
Installing zip...
 
  
ℹ No downloads are needed
✔ 1 pkg: kept 1 [773ms]
Installing zoo...
 
  
ℹ No downloads are needed
✔ 1 pkg + 1 dep: kept 2 [816ms]
Installing cole-trapnell-lab/monocle3@v1.4.26...
  FAILED: ! error in pak subprocess
Caused by error: 
! Could not solve package dependencies:
* cole-trapnell-lab/monocle3@v1.4.26: Can't install dependency grr
* grr: Can't find package called grr.
Installing satijalab/seurat-data@3e51f44...
 
→ Will install 5 packages.
→ All 5 packages (17.30 MB) are cached.
+ BH           1.90.0-1   [bld]
+ dqrng        0.4.1      [bld][cmp]
+ Seurat       5.4.0      [bld][cmp]
+ SeuratData   0.2.2.9002 [bld][cmp] (GitHub: 3e51f44)
+ uwot         0.2.4      [bld][cmp]
✔ All system requirements are already installed.
  
ℹ No downloads are needed, 5 pkgs (17.30 MB) are cached
✔ Got SeuratData 0.2.2.9002 (source) (39.15 kB)
✔ Installed BH 1.90.0-1  (7m 23.2s)
ℹ Building dqrng 0.4.1
✖ Failed to build dqrng 0.4.1 (209ms)
  FAILED: ! error in pak subprocess
Caused by error in `stop_task_build(state, worker)`:
! Failed to build source package dqrng.
Full installation output:
ERROR: dependency ‘BH’ is not available for package ‘dqrng’
Perhaps try a variation of:
install.packages('BH')
* removing ‘/tmp/RtmpBkGxbL/pkg-lib7410d771e8ade/dqrng’
Installing satijalab/seurat-wrappers@a1eb0d8...
 
→ Will install 5 packages.
→ All 5 packages (17.30 MB) are cached.
+ BH               1.90.0-1 [bld]
+ dqrng            0.4.1    [bld][cmp]
+ Seurat           5.4.0    [bld][cmp]
+ SeuratWrappers   0.4.0    [bld][cmp] (GitHub: a1eb0d8)
+ uwot             0.2.4    [bld][cmp]
✔ All system requirements are already installed.
  
ℹ No downloads are needed, 5 pkgs (17.30 MB) are cached
✔ Got SeuratWrappers 0.4.0 (source) (56.76 MB)
✔ Installed BH 1.90.0-1  (2m 11.1s)
ℹ Building dqrng 0.4.1
✖ Failed to build dqrng 0.4.1 (196ms)
  FAILED: ! error in pak subprocess
Caused by error in `stop_task_build(state, worker)`:
! Failed to build source package dqrng.
Full installation output:
ERROR: dependency ‘BH’ is not available for package ‘dqrng’
Perhaps try a variation of:
install.packages('BH')
* removing ‘/tmp/RtmpBkGxbL/pkg-lib7410d191b2327/dqrng’
Installing satijalab/azimuth@243ee5d...
  FAILED: ! error in pak subprocess
Caused by error: 
! Could not solve package dependencies:
* satijalab/azimuth@243ee5d:
  * Can't install dependency SeuratDisk
  * Can't install dependency SeuratData
* SeuratDisk: Can't find package called SeuratDisk, SeuratData, TFMPvalue.
* SeuratData: Can't find package called SeuratDisk, SeuratData, TFMPvalue.
Installing mojaveazure/seurat-disk@877d4e1...
 
→ Will install 5 packages.
→ All 5 packages (17.30 MB) are cached.
+ BH           1.90.0-1   [bld]
+ dqrng        0.4.1      [bld][cmp]
+ Seurat       5.4.0      [bld][cmp]
+ SeuratDisk   0.0.0.9021 [bld][cmp] (GitHub: 877d4e1)
+ uwot         0.2.4      [bld][cmp]
✔ All system requirements are already installed.
  
ℹ No downloads are needed, 5 pkgs (17.30 MB) are cached
✔ Got SeuratDisk 0.0.0.9021 (source) (366.66 kB)
✔ Installed BH 1.90.0-1  (1m 15.6s)
ℹ Building dqrng 0.4.1
✖ Failed to build dqrng 0.4.1 (222ms)
  FAILED: ! error in pak subprocess
Caused by error in `stop_task_build(state, worker)`:
! Failed to build source package dqrng.
Full installation output:
ERROR: dependency ‘BH’ is not available for package ‘dqrng’
Perhaps try a variation of:
install.packages('BH')
* removing ‘/tmp/RtmpBkGxbL/pkg-lib7410d5649ea69/dqrng’
Installing immunogenomics/presto@7636b3d...
 
→ Will install 1 package.
→ The package (0 B) is cached.
+ presto   1.0.0 [bld][cmp] (GitHub: 7636b3d)
✔ All system requirements are already installed.
  
ℹ No downloads are needed, 1 pkg is cached
✔ Got presto 1.0.0 (source) (746.05 kB)
ℹ Packaging presto 1.0.0
✔ Packaged presto 1.0.0 (532ms)
ℹ Building presto 1.0.0
✔ Built presto 1.0.0 (16.4s)
✔ Installed presto 1.0.0 (github::immunogenomics/presto@7636b3d) (155ms)
✔ 1 pkg + 24 deps: kept 23, added 1, dld 1 (NA B) [19.9s]
Installing velocyto-team/velocyto.R@0.6...
 
→ Will install 1 package.
→ The package (0 B) is cached.
+ velocyto.R   0.6 [bld][cmp] (GitHub: 83e6ed9)
✔ All system requirements are already installed.
  
ℹ No downloads are needed, 1 pkg is cached
✔ Got velocyto.R 0.6 (source) (54.93 kB)
ℹ Packaging velocyto.R 0.6
✔ Packaged velocyto.R 0.6 (542ms)
ℹ Building velocyto.R 0.6
✖ Failed to build velocyto.R 0.6 (15.4s)
  FAILED: ! error in pak subprocess
Caused by error in `stop_task_build(state, worker)`:
! Failed to build source package velocyto.R.
Full installation output:
* installing *source* package ‘velocyto.R’ ...
** this is package ‘velocyto.R’ version ‘0.6’
staged installation is only possible with locking
** using non-staged installation
** libs
using C++ compiler: ‘g++ (Ubuntu 13.3.0-6ubuntu2~24.04) 13.3.0’
using C++11
g++ -std=gnu++11 -I"/usr/local/lib/R/include" -DNDEBUG  -I'/packages/singularity/shared_cache/rbioc/rlibs/bioc-3.22/Rcpp/include' -I'/packages/singularity/shared_cache/rbioc/rlibs/bioc-3.22/RcppArmadillo/include' -I/usr/local/include   -fopenmp -fpic  -g -O2 -fstack-protector-strong -Wformat -Werror=format-security -Wdate-time -D_FORTIFY_SOURCE=2 -g  -Wall -pedantic  -c RcppExports.cpp -o RcppExports.o
In file included from /packages/singularity/shared_cache/rbioc/rlibs/bioc-3.22/RcppArmadillo/include/RcppArmadillo.h:29,
                 from RcppExports.cpp:4:
/packages/singularity/shared_cache/rbioc/rlibs/bioc-3.22/RcppArmadillo/include/RcppArmadillo/version/arma.h:66:199: note: ‘#pragma message: Using fallback compilation with Armadillo 14.6.3. Please consider defining -DARMA_USE_CURRENT and also removing C++11 compilation directive. See GitHub issue #475 for more.’
   66 |         #pragma message("Using fallback compilation with Armadillo 14.6.3. Please consider defining -DARMA_USE_CURRENT and also removing C++11 compilation directive. See GitHub issue #475 for more.")
      |                                                                                                                                                                                                       ^
g++ -std=gnu++11 -I"/usr/local/lib/R/include" -DNDEBUG  -I'/packages/singularity/shared_cache/rbioc/rlibs/bioc-3.22/Rcpp/include' -I'/packages/singularity/shared_cache/rbioc/rlibs/bioc-3.22/RcppArmadillo/include' -I/usr/local/include   -fopenmp -fpic  -g -O2 -fstack-protector-strong -Wformat -Werror=format-security -Wdate-time -D_FORTIFY_SOURCE=2 -g  -Wall -pedantic  -c points_within.cpp -o points_within.o
g++ -std=gnu++11 -I"/usr/local/lib/R/include" -DNDEBUG  -I'/packages/singularity/shared_cache/rbioc/rlibs/bioc-3.22/Rcpp/include' -I'/packages/singularity/shared_cache/rbioc/rlibs/bioc-3.22/RcppArmadillo/include' -I/usr/local/include   -fopenmp -fpic  -g -O2 -fstack-protector-strong -Wformat -Werror=format-security -Wdate-time -D_FORTIFY_SOURCE=2 -g  -Wall -pedantic  -c routines.cpp -o routines.o
In file included from /packages/singularity/shared_cache/rbioc/rlibs/bioc-3.22/RcppArmadillo/include/RcppArmadillo.h:29,
                 from routines.cpp:5:
/packages/singularity/shared_cache/rbioc/rlibs/bioc-3.22/RcppArmadillo/include/RcppArmadillo/version/arma.h:66:199: note: ‘#pragma message: Using fallback compilation with Armadillo 14.6.3. Please consider defining -DARMA_USE_CURRENT and also removing C++11 compilation directive. See GitHub issue #475 for more.’
   66 |         #pragma message("Using fallback compilation with Armadillo 14.6.3. Please consider defining -DARMA_USE_CURRENT and also removing C++11 compilation directive. See GitHub issue #475 for more.")
      |                                                                                                                                                                                                       ^
routines.cpp: In function ‘arma::sp_mat balanced_knn(const arma::mat&, int, int, bool, int)’:
routines.cpp:16:16: warning: comparison of integer expressions of different signedness: ‘int’ and ‘const arma::uword’ {aka ‘const unsigned int’} [-Wsign-compare]
   16 |   for(int i=0;i<d.n_cols;i++) {
      |               ~^~~~~~~~~
routines.cpp:30:16: warning: comparison of integer expressions of different signedness: ‘int’ and ‘const arma::uword’ {aka ‘const unsigned int’} [-Wsign-compare]
   30 |   for(int i=0;i<d.n_cols;i++) {
      |               ~^~~~~~~~~
routines.cpp:35:14: warning: comparison of integer expressions of different signedness: ‘int’ and ‘const arma::uword’ {aka ‘const unsigned int’} [-Wsign-compare]
   35 |     for(j=0;j<dsi.n_rows && p<k;j++) {
      |             ~^~~~~~~~~~~
routines.cpp:39:14: warning: comparison of integer expressions of different signedness: ‘unsigned int’ and ‘int’ [-Wsign-compare]
   39 |       if(l[m]>= maxl) { continue; } // element has already maxed out its neighbors
routines.cpp:43:9: warning: comparison of integer expressions of different signedness: ‘int’ and ‘const arma::uword’ {aka ‘const unsigned int’} [-Wsign-compare]
   43 |     if(j==dsi.n_rows && p<k) {
      |        ~^~~~~~~~~~~~
routines.cpp:48:19: error: format not a string literal and no format arguments [-Werror=format-security]
   48 |         Rf_warning(es.str().c_str());
      |         ~~~~~~~~~~^~~~~~~~~~~~~~~~~~
routines.cpp:59:16: warning: comparison of integer expressions of different signedness: ‘int’ and ‘const arma::uword’ {aka ‘const unsigned int’} [-Wsign-compare]
   59 |   for(int i=0;i<colptr.n_elem;i++) { colptr[i]=cc; cc+=k; }
      |               ~^~~~~~~~~~~~~~
routines.cpp: In function ‘arma::mat colDeltaCor(const arma::mat&, const arma::mat&, int)’:
routines.cpp:77:16: warning: comparison of integer expressions of different signedness: ‘int’ and ‘const arma::uword’ {aka ‘const unsigned int’} [-Wsign-compare]
   77 |   for(int i=0;i<e.n_cols;i++) {
      |               ~^~~~~~~~~
routines.cpp: In function ‘arma::mat colDeltaCorSqrt(const arma::mat&, const arma::mat&, int)’:
routines.cpp:89:16: warning: comparison of integer expressions of different signedness: ‘int’ and ‘const arma::uword’ {aka ‘const unsigned int’} [-Wsign-compare]
   89 |   for(int i=0;i<e.n_cols;i++) {
      |               ~^~~~~~~~~
routines.cpp: In function ‘arma::mat colDeltaCorLog10(const arma::mat&, const arma::mat&, double, int)’:
routines.cpp:102:16: warning: comparison of integer expressions of different signedness: ‘int’ and ‘const arma::uword’ {aka ‘const unsigned int’} [-Wsign-compare]
  102 |   for(int i=0;i<e.n_cols;i++) {
      |               ~^~~~~~~~~
routines.cpp: In function ‘arma::mat colEuclid(const arma::mat&, const arma::mat&, int)’:
routines.cpp:118:16: warning: comparison of integer expressions of different signedness: ‘int’ and ‘const arma::uword’ {aka ‘const unsigned int’} [-Wsign-compare]
  118 |   for(int i=0;i<e.n_cols;i++) {
      |               ~^~~~~~~~~
routines.cpp: In function ‘arma::mat embArrows(const arma::mat&, const arma::sp_mat&, double, int)’:
routines.cpp:147:16: warning: comparison of integer expressions of different signedness: ‘int’ and ‘const arma::uword’ {aka ‘const unsigned int’} [-Wsign-compare]
  147 |   for(int i=0;i<emb.n_rows;i++) {
      |               ~^~~~~~~~~~~
routines.cpp: In function ‘arma::mat expectedExpressionShift(const arma::mat&, const arma::sp_mat&, int, double, int)’:
routines.cpp:164:16: warning: comparison of integer expressions of different signedness: ‘int’ and ‘const arma::uword’ {aka ‘const unsigned int’} [-Wsign-compare]
  164 |   for(int i=0;i<e.n_cols;i++) {
      |               ~^~~~~~~~~
routines.cpp: In function ‘Rcpp::DataFrame groupMotifs(Rcpp::DataFrame, int)’:
routines.cpp:231:16: warning: comparison of integer expressions of different signedness: ‘int’ and ‘std::vector<int, std::allocator<int> >::size_type’ {aka ‘long unsigned int’} [-Wsign-compare]
  231 |   for(int i=0;i<ci.size();i++) {
      |               ~^~~~~~~~~~
cc1plus: some warnings being treated as errors
make: *** [/usr/local/lib/R/etc/Makeconf:211: routines.o] Error 1
ERROR: compilation failed for package ‘velocyto.R’
* removing ‘/tmp/RtmpBkGxbL/pkg-lib7410d730fb135/velocyto.R’
Installing sqjin/CellChat@v1.5.0...
 
→ Will install 1 package.
→ The package (0 B) is cached.
+ CellChat   1.5.0 [bld][cmp] (GitHub: 9e1e605)
✔ All system requirements are already installed.
  
ℹ No downloads are needed, 1 pkg is cached
✔ Got CellChat 1.5.0 (source) (15.12 MB)
ℹ Packaging CellChat 1.5.0
✔ Packaged CellChat 1.5.0 (2.3s)
ℹ Building CellChat 1.5.0
✔ Built CellChat 1.5.0 (20.8s)
✔ Installed CellChat 1.5.0 (github::sqjin/CellChat@9e1e605) (176ms)
✔ 1 pkg + 138 deps: kept 137, added 1, dld 1 (NA B) [28.8s]
Installing Irrationone/cellassign@v0.99.2...
 
→ Will install 2 packages.
→ All 2 packages (0 B) are cached.
+ cellassign   0.99.2 [bld][cmp] (GitHub: de98d85)
+ scran        1.38.0 [bld][cmp]
✔ All system requirements are already installed.
  
ℹ No downloads are needed, 2 pkgs are cached
✔ Got cellassign 0.99.2 (source) (2.04 MB)
ℹ Building scran 1.38.0
✔ Built scran 1.38.0 (45.5s)
✔ Installed scran 1.38.0  (244ms)
ℹ Packaging cellassign 0.99.2
✔ Packaged cellassign 0.99.2 (652ms)
ℹ Building cellassign 0.99.2
✔ Built cellassign 0.99.2 (14.1s)
✔ Installed cellassign 0.99.2 (github::Irrationone/cellassign@de98d85) (139ms)
✔ 1 pkg + 72 deps: kept 70, added 2, dld 1 (NA B) [1m 4.2s]
Installing welch-lab/liger@v2.2.1...
 
→ Will install 5 packages.
→ All 5 packages (5.69 MB) are cached.
+ leidenAlg   1.1.5  [bld][cmp] + ✔ libglpk-dev, ✔ make, ✔ libxml2-dev
+ RcppPlanc   2.0.13 [bld][cmp] + ✔ cmake, ✔ git, ✔ make, ✔ libhdf5-dev, ✔ patch
+ rliger      2.2.1  [bld][cmp] (GitHub: b8dc651)
+ sccore      1.0.6  [bld][cmp]
+ Seurat      5.4.0  [bld][cmp]
✔ All system requirements are already installed.
  
ℹ No downloads are needed, 5 pkgs (5.69 MB) are cached
✔ Got rliger 2.2.1 (source) (36.48 MB)
ℹ Building RcppPlanc 2.0.13
✔ Installed Seurat 5.4.0  (353ms)
ℹ Building sccore 1.0.6
✔ Built sccore 1.0.6 (23.1s)
✔ Installed sccore 1.0.6  (196ms)
ℹ Building leidenAlg 1.1.5
✔ Built RcppPlanc 2.0.13 (1m 36.2s)
✔ Installed RcppPlanc 2.0.13  (399ms)
✔ Built leidenAlg 1.1.5 (1m 33.2s)
✔ Installed leidenAlg 1.1.5  (167ms)
ℹ Packaging rliger 2.2.1
✔ Packaged rliger 2.2.1 (1.7s)
ℹ Building rliger 2.2.1
✔ Built rliger 2.2.1 (1m 3.5s)
✔ Installed rliger 2.2.1 (github::welch-lab/liger@b8dc651) (309ms)
✔ 1 pkg + 165 deps: kept 160, added 5, dld 1 (NA B) [3m 10.1s]
Installing chris-mcginnis-ucsf/DoubletFinder@1b244d8...
 
→ Will install 1 package.
→ The package (0 B) is cached.
+ DoubletFinder   2.0.6 [bld][cmp] (GitHub: 1b244d8)
✔ All system requirements are already installed.
  
ℹ No downloads are needed, 1 pkg is cached
ℹ Building DoubletFinder 2.0.6
✔ Built DoubletFinder 2.0.6 (7.7s)
✔ Installed DoubletFinder 2.0.6 (github::chris-mcginnis-ucsf/DoubletFinder@1b244d8) (123ms)
✔ 1 pkg + 137 deps: kept 136, added 1 [10.9s]
