Installing packages from: /home/domeally/workspaces/vscode-rbioc/slurm_install/pkgs_014.txt
Target library: /packages/singularity/shared_cache/rbioc/rlibs/bioc-3.22
Installing Publish...
ℹ Loading metadata database
✔ Loading metadata database ... done

 
→ Will install 16 packages.
→ Will download 11 CRAN packages (19.23 MB), cached: 5 (832.75 kB).
+ data.table     1.18.0     [bld][cmp][dl] (6.02 MB)
+ diagram        1.6.5      [bld][dl] (536.87 kB)
+ future         1.68.0     [bld]
+ future.apply   1.20.1     [bld]
+ globals        0.18.0     [bld]
+ lava           1.8.2      [bld][dl] (1.20 MB)
+ listenv        0.10.0     [bld]
+ multcomp       1.4-29     [bld][dl] (513.92 kB)
+ mvtnorm        1.3-3      [bld][cmp][dl] (837.95 kB)
+ parallelly     1.46.0     [bld][cmp][dl] (332.92 kB)
+ prodlim        2025.04.28 [bld][cmp][dl] (135.53 kB)
+ progressr      0.18.0     [bld]
+ Publish        2025.07.24 [bld][dl] (179.34 kB)
+ shape          1.4.6.1    [bld][dl] (646.41 kB)
+ SQUAREM        2021.1     [bld][dl] (241.53 kB)
+ TH.data        1.1-5      [bld][dl] (8.58 MB)
  
ℹ Getting 11 pkgs (19.23 MB), 5 (832.75 kB) cached
✔ Cached copy of lava 1.8.2 (source) is the latest build
✔ Cached copy of mvtnorm 1.3-3 (source) is the latest build
✔ Cached copy of parallelly 1.46.0 (source) is the latest build
✔ Cached copy of SQUAREM 2021.1 (source) is the latest build
✔ Got data.table 1.18.0 (source) (6.02 MB)
✔ Got multcomp 1.4-29 (source) (513.92 kB)
✔ Got diagram 1.6.5 (source) (536.87 kB)
✔ Got prodlim 2025.04.28 (source) (135.53 kB)
✔ Got shape 1.4.6.1 (source) (646.41 kB)
✔ Got Publish 2025.07.24 (source) (179.34 kB)
✔ Got TH.data 1.1-5 (source) (8.58 MB)
ℹ Building data.table 1.18.0
ℹ Building globals 0.18.0
ℹ Building listenv 0.10.0
ℹ Building mvtnorm 1.3-3
ℹ Building parallelly 1.46.0
ℹ Building progressr 0.18.0
ℹ Building shape 1.4.6.1
ℹ Building SQUAREM 2021.1
ℹ Building TH.data 1.1-5
✔ Built SQUAREM 2021.1 (2.7s)
✔ Built listenv 0.10.0 (3.2s)
✔ Built shape 1.4.6.1 (3.3s)
✔ Built globals 0.18.0 (3.8s)
✔ Installed SQUAREM 2021.1  (832ms)
✔ Built progressr 0.18.0 (4s)
✔ Built TH.data 1.1-5 (4s)
✔ Installed listenv 0.10.0  (730ms)
✔ Installed globals 0.18.0  (489ms)
✔ Installed shape 1.4.6.1  (197ms)
ℹ Building diagram 1.6.5
✔ Installed progressr 0.18.0  (700ms)
✔ Built parallelly 1.46.0 (5.2s)
✔ Installed TH.data 1.1-5  (775ms)
  FAILED: ! error in pak subprocess
Caused by error in `install_extracted_binary(filename, lib_cache, pkg_cache, lib, …`:
! Unable to move package from
'/packages/singularity/shared_cache/rbioc/rlibs/bioc-3.22/_cache/file106c557e4a5301/parallelly'
to '/packages/singularity/shared_cache/rbioc/rlibs/bioc-3.22/parallelly'
Installing purrr...
 
  
ℹ No downloads are needed
✔ 1 pkg + 6 deps: kept 7 [1.1s]
Installing pvca...
 
→ Will install 4 packages.
→ Will download 1 CRAN package (93.06 kB), cached: 3 (0 B).
+ limma     3.66.0 [bld][cmp]
+ pvca      1.50.0 [bld]
+ statmod   1.5.1  [bld][cmp][dl] (93.06 kB)
+ vsn       3.78.0 [bld][cmp]
✔ All system requirements are already installed.
  
ℹ Getting 1 pkg (93.06 kB), 3 cached
✔ Got statmod 1.5.1 (source) (93.06 kB)
✔ Got pvca 1.50.0 (source) (224.21 kB)
✔ Got vsn 3.78.0 (source) (2.02 MB)
✔ Got limma 3.66.0 (source) (2.86 MB)
ℹ Building statmod 1.5.1
✔ Built statmod 1.5.1 (2.6s)
✔ Installed statmod 1.5.1  (125ms)
ℹ Building limma 3.66.0
✔ Built limma 3.66.0 (9.5s)
✔ Installed limma 3.66.0  (182ms)
ℹ Building vsn 3.78.0
✔ Built vsn 3.78.0 (5.2s)
✔ Installed vsn 3.78.0  (245ms)
ℹ Building pvca 1.50.0
✔ Built pvca 1.50.0 (5.1s)
✔ Installed pvca 1.50.0  (1.1s)
✔ 1 pkg + 38 deps: kept 34, added 4, dld 4 (5.19 MB) [27.2s]
Installing pvclust...
 
→ Will install 1 package.
→ Will download 1 CRAN package (105.19 kB).
+ pvclust   2.2-0 [bld][dl] (105.19 kB)
  
ℹ Getting 1 pkg (105.19 kB)
✔ Got pvclust 2.2-0 (source) (105.19 kB)
ℹ Building pvclust 2.2-0
✔ Built pvclust 2.2-0 (1s)
✔ Installed pvclust 2.2-0  (112ms)
✔ 1 pkg: added 1, dld 1 (105.19 kB) [2.6s]
Installing pwalign...
 
→ Will install 1 package.
→ The package (0 B) is cached.
+ pwalign   1.6.0 [bld][cmp]
  
ℹ No downloads are needed, 1 pkg is cached
✔ Got pwalign 1.6.0 (source) (355.81 kB)
ℹ Building pwalign 1.6.0
✔ Built pwalign 1.6.0 (7.8s)
✔ Installed pwalign 1.6.0  (205ms)
✔ 1 pkg + 8 deps: kept 8, added 1, dld 1 (355.81 kB) [9.6s]
Installing pzfx...
 
→ Will install 1 package.
→ Will download 1 CRAN package (589.16 kB).
+ pzfx   0.3.0 [bld][dl] (589.16 kB)
✔ All system requirements are already installed.
  
ℹ Getting 1 pkg (589.16 kB)
✔ Got pzfx 0.3.0 (source) (589.16 kB)
ℹ Building pzfx 0.3.0
✔ Built pzfx 0.3.0 (858ms)
✔ Installed pzfx 0.3.0  (311ms)
✔ 1 pkg + 3 deps: kept 3, added 1, dld 1 (589.16 kB) [2.4s]
Installing qap...
 
→ Will install 1 package.
→ Will download 1 CRAN package (523.28 kB).
+ qap   0.1-2 [bld][cmp][dl] (523.28 kB)
  
ℹ Getting 1 pkg (523.28 kB)
✔ Got qap 0.1-2 (source) (523.28 kB)
ℹ Building qap 0.1-2
✔ Built qap 0.1-2 (2s)
✔ Installed qap 0.1-2  (1s)
✔ 1 pkg: added 1, dld 1 (523.28 kB) [4.8s]
Installing qpdf...
 
→ Will install 1 package.
→ Will download 1 CRAN package (556.95 kB).
+ qpdf   1.4.1 [bld][cmp][dl] (556.95 kB) + ✔ libjpeg-dev
✔ All system requirements are already installed.
  
ℹ Getting 1 pkg (556.95 kB)
✔ Got qpdf 1.4.1 (source) (556.95 kB)
ℹ Building qpdf 1.4.1
✔ Built qpdf 1.4.1 (3m 10.8s)
✔ Installed qpdf 1.4.1  (455ms)
✔ 1 pkg + 4 deps: kept 3, added 1, dld 1 (556.95 kB) [3m 12.7s]
Installing qqconf...
 
→ Will install 1 package.
→ Will download 1 CRAN package (524.33 kB).
+ qqconf   1.3.2 [bld][cmp][dl] (524.33 kB) + ✔ libfftw3-dev
✔ All system requirements are already installed.
  
ℹ Getting 1 pkg (524.33 kB)
✔ Got qqconf 1.3.2 (source) (524.33 kB)
ℹ Building qqconf 1.3.2
✔ Built qqconf 1.3.2 (5.7s)
✔ Installed qqconf 1.3.2  (153ms)
✔ 1 pkg + 4 deps: kept 3, added 1, dld 1 (524.33 kB) [7s]
Installing qrLMM...
 
→ Will install 9 packages.
→ Will download 8 CRAN packages (1.39 MB), cached: 1 (14.31 MB).
+ ald         1.3.1    [bld][dl] (5.83 kB)
+ BH          1.90.0-1 [bld]
+ contfrac    1.1-12   [bld][cmp][dl] (5.65 kB)
+ elliptic    1.5-1    [bld][dl] (946.34 kB) + ✖ pari-gp
+ hypergeo    1.2-14   [bld][dl] (196.10 kB)
+ lqr         5.2      [bld][dl] (44.95 kB)
+ MomTrunc    6.1      [bld][cmp][dl] (92.20 kB)
+ qrLMM       2.3      [bld][dl] (20.94 kB)
+ tlrmvnmvt   1.1.2.1  [bld][cmp][dl] (79.43 kB)
✖ Missing 1 system package. You'll probably need to install it manually:
+ pari-gp  - elliptic
ℹ Getting 8 pkgs (1.39 MB), 1 (14.31 MB) cached
✔ Got ald 1.3.1 (source) (5.83 kB)
✔ Got contfrac 1.1-12 (source) (5.65 kB)
✔ Got elliptic 1.5-1 (source) (946.34 kB)
✔ Got qrLMM 2.3 (source) (20.94 kB)
✔ Got lqr 5.2 (source) (44.95 kB)
✔ Got MomTrunc 6.1 (source) (92.20 kB)
✔ Got tlrmvnmvt 1.1.2.1 (source) (79.43 kB)
✔ Got hypergeo 1.2-14 (source) (196.10 kB)
ℹ Building ald 1.3.1
ℹ Building contfrac 1.1-12
ℹ Building elliptic 1.5-1
✔ Built ald 1.3.1 (827ms)
✔ Built contfrac 1.1-12 (933ms)
✔ Installed ald 1.3.1  (146ms)
✔ Installed contfrac 1.1-12  (104ms)
✔ Built elliptic 1.5-1 (2.1s)
✔ Installed elliptic 1.5-1  (165ms)
ℹ Building hypergeo 1.2-14
✔ Built hypergeo 1.2-14 (1.7s)
✔ Installed hypergeo 1.2-14  (121ms)
✔ Installed BH 1.90.0-1  (2m 45.9s)
ℹ Building tlrmvnmvt 1.1.2.1
✖ Failed to build tlrmvnmvt 1.1.2.1 (182ms)
  FAILED: ! error in pak subprocess
Caused by error in `stop_task_build(state, worker)`:
! Failed to build source package tlrmvnmvt.
Full installation output:
ERROR: dependency ‘BH’ is not available for package ‘tlrmvnmvt’
Perhaps try a variation of:
install.packages('BH')
* removing ‘/tmp/RtmpTskUDA/pkg-lib106c552e929f80/tlrmvnmvt’
Installing qs...
 
→ Will install 4 packages.
→ Will download 3 CRAN packages (3.32 MB), cached: 1 (14.31 MB).
+ BH              1.90.0-1 [bld]
+ qs              0.27.3   [bld][cmp][dl] (2.15 MB)
+ RApiSerialize   0.1.4    [bld][cmp][dl] (9.48 kB)
+ stringfish      0.17.0   [bld][cmp][dl] (1.16 MB) + ✔ make
✔ All system requirements are already installed.
  
ℹ Getting 3 pkgs (3.32 MB), 1 (14.31 MB) cached
✔ Got stringfish 0.17.0 (source) (1.16 MB)
✔ Got RApiSerialize 0.1.4 (source) (9.48 kB)
✔ Got qs 0.27.3 (source) (2.15 MB)
ℹ Building RApiSerialize 0.1.4
ℹ Building stringfish 0.17.0
✔ Built RApiSerialize 0.1.4 (769ms)
✔ Installed RApiSerialize 0.1.4  (114ms)
✔ Built stringfish 0.17.0 (12.4s)
✔ Installed stringfish 0.17.0  (217ms)
✔ Installed BH 1.90.0-1  (1m 20.9s)
ℹ Building qs 0.27.3
✖ Failed to build qs 0.27.3 (330ms)
  FAILED: ! error in pak subprocess
Caused by error in `stop_task_build(state, worker)`:
! Failed to build source package qs.
Full installation output:
ERROR: dependency ‘BH’ is not available for package ‘qs’
Perhaps try a variation of:
install.packages('BH')
* removing ‘/tmp/RtmpTskUDA/pkg-lib106c5522a101f6/qs’
Installing qs2...
 
→ Will install 1 package.
→ Will download 1 CRAN package (964.74 kB).
+ qs2   0.1.6 [bld][cmp][dl] (964.74 kB) + ✔ make
✔ All system requirements are already installed.
  
ℹ Getting 1 pkg (964.74 kB)
✔ Got qs2 0.1.6 (source) (964.74 kB)
ℹ Building qs2 0.1.6
✔ Built qs2 0.1.6 (49.1s)
✔ Installed qs2 0.1.6  (227ms)
✔ 1 pkg + 3 deps: kept 2, added 1, dld 1 (964.74 kB) [51.3s]
Installing QSARdata...
 
→ Will install 1 package.
→ Will download 1 CRAN package (13.14 MB).
+ QSARdata   1.3 [bld][dl] (13.14 MB)
  
ℹ Getting 1 pkg (13.14 MB)
✔ Got QSARdata 1.3 (source) (13.14 MB)
ℹ Building QSARdata 1.3
✔ Built QSARdata 1.3 (1.5s)
✔ Installed QSARdata 1.3  (211ms)
✔ 1 pkg: added 1, dld 1 (13.14 MB) [4s]
Installing quadprog...
 
  
ℹ No downloads are needed
✔ 1 pkg: kept 1 [685ms]
Installing quanteda...
 
→ Will install 2 packages.
→ Will download 2 CRAN packages (4.52 MB).
+ quanteda    4.3.1 [bld][cmp][dl] (4.34 MB)
+ stopwords   2.3   [bld][dl] (177.71 kB)
✔ All system requirements are already installed.
  
ℹ Getting 2 pkgs (4.52 MB)
✔ Got quanteda 4.3.1 (source) (4.34 MB)
✔ Got stopwords 2.3 (source) (177.71 kB)
ℹ Building stopwords 2.3
✔ Built stopwords 2.3 (813ms)
✔ Installed stopwords 2.3  (1.1s)
ℹ Building quanteda 4.3.1
✔ Built quanteda 4.3.1 (1m 4.1s)
✔ Installed quanteda 4.3.1  (383ms)
✔ 1 pkg + 16 deps: kept 14, added 2, dld 2 (4.52 MB) [1m 8.6s]
Installing quantiseqr...
 
→ Will install 1 package.
→ The package (0 B) is cached.
+ quantiseqr   1.18.0 [bld]
✔ All system requirements are already installed.
  
ℹ No downloads are needed, 1 pkg is cached
✔ Got quantiseqr 1.18.0 (source) (3.78 MB)
ℹ Building quantiseqr 1.18.0
✔ Built quantiseqr 1.18.0 (10.6s)
✔ Installed quantiseqr 1.18.0  (461ms)
✔ 1 pkg + 49 deps: kept 49, added 1, dld 1 (3.78 MB) [13.6s]
Installing quantmod...
 
✔ All system requirements are already installed.
  
ℹ No downloads are needed
✔ 1 pkg + 6 deps: kept 7 [826ms]
Installing quantreg...
 
  
ℹ No downloads are needed
✔ 1 pkg + 6 deps: kept 7 [824ms]
Installing quarto...
 
→ Will install 1 package.
→ Will download 1 CRAN package (411.78 kB).
+ quarto   1.5.1 [bld][dl] (411.78 kB)
✔ All system requirements are already installed.
  
ℹ Getting 1 pkg (411.78 kB)
✔ Got quarto 1.5.1 (source) (411.78 kB)
ℹ Building quarto 1.5.1
✔ Built quarto 1.5.1 (2.2s)
✔ Installed quarto 1.5.1  (240ms)
✔ 1 pkg + 31 deps: kept 30, added 1, dld 1 (411.78 kB) [4.2s]
Installing questionr...
 
→ Will install 1 package.
→ Will download 1 CRAN package (3.70 MB).
+ questionr   0.8.1 [bld][dl] (3.70 MB)
✔ All system requirements are already installed.
  
ℹ Getting 1 pkg (3.70 MB)
✔ Got questionr 0.8.1 (source) (3.70 MB)
ℹ Building questionr 0.8.1
✔ Built questionr 0.8.1 (3.3s)
✔ Installed questionr 0.8.1  (221ms)
✔ 1 pkg + 69 deps: kept 68, added 1, dld 1 (3.70 MB) [6.1s]
Installing QuickJSR...
 
✔ All system requirements are already installed.
  
ℹ No downloads are needed
✔ 1 pkg: kept 1 [753ms]
Installing qvalue...
 
✔ All system requirements are already installed.
  
ℹ No downloads are needed
✔ 1 pkg + 22 deps: kept 22 [990ms]
Installing qvcalc...
 
→ Will install 1 package.
→ Will download 1 CRAN package (13.98 kB).
+ qvcalc   1.0.4 [bld][dl] (13.98 kB)
  
ℹ Getting 1 pkg (13.98 kB)
✔ Got qvcalc 1.0.4 (source) (13.98 kB)
ℹ Building qvcalc 1.0.4
✔ Built qvcalc 1.0.4 (755ms)
✔ Installed qvcalc 1.0.4  (104ms)
✔ 1 pkg: added 1, dld 1 (13.98 kB) [2.1s]
Installing R.cache...
 
  
ℹ No downloads are needed
✔ 1 pkg + 4 deps: kept 5 [1s]
Installing R.methodsS3...
 
  
ℹ No downloads are needed
✔ 1 pkg: kept 1 [710ms]
Installing R.oo...
 
  
ℹ No downloads are needed
✔ 1 pkg + 1 dep: kept 2 [731ms]
Installing R.rsp...
 
→ Will install 1 package.
→ Will download 1 CRAN package (680.92 kB).
+ R.rsp   0.46.0 [bld][dl] (680.92 kB)
  
ℹ Getting 1 pkg (680.92 kB)
✔ Got R.rsp 0.46.0 (source) (680.92 kB)
ℹ Building R.rsp 0.46.0
✔ Built R.rsp 0.46.0 (4.8s)
✔ Installed R.rsp 0.46.0  (626ms)
✔ 1 pkg + 5 deps: kept 5, added 1, dld 1 (680.92 kB) [6.6s]
Installing R.utils...
 
  
ℹ No downloads are needed
✔ 1 pkg + 2 deps: kept 3 [724ms]
Installing r2d3...
 
→ Will install 1 package.
→ Will download 1 CRAN package (4.34 MB).
+ r2d3   0.2.6 [bld][dl] (4.34 MB)
✔ All system requirements are already installed.
  
ℹ Getting 1 pkg (4.34 MB)
✔ Got r2d3 0.2.6 (source) (4.34 MB)
ℹ Building r2d3 0.2.6
✔ Built r2d3 0.2.6 (1.4s)
✔ Installed r2d3 0.2.6  (395ms)
✔ 1 pkg + 28 deps: kept 28, added 1, dld 1 (4.34 MB) [4s]
Installing R2HTML...
 
  
ℹ No downloads are needed
✔ 1 pkg: kept 1 [634ms]
Installing R2jags...
 
→ Will install 3 packages.
→ Will download 3 CRAN packages (1.40 MB).
+ R2jags      0.8-9  [bld][dl] (23.86 kB) + ✔ jags
+ R2WinBUGS   2.1-23 [bld][dl] (1.30 MB)
+ rjags       4-17   [bld][cmp][dl] (76.39 kB) + ✔ jags
✔ All system requirements are already installed.
  
ℹ Getting 3 pkgs (1.40 MB)
✔ Got R2jags 0.8-9 (source) (23.86 kB)
✔ Got rjags 4-17 (source) (76.39 kB)
✔ Got R2WinBUGS 2.1-23 (source) (1.30 MB)
ℹ Building R2WinBUGS 2.1-23
ℹ Building rjags 4-17
✔ Built R2WinBUGS 2.1-23 (1.6s)
✔ Installed R2WinBUGS 2.1-23  (146ms)
✔ Built rjags 4-17 (4.3s)
✔ Installed rjags 4-17  (120ms)
ℹ Building R2jags 0.8-9
✔ Built R2jags 0.8-9 (1.6s)
✔ Installed R2jags 0.8-9  (105ms)
✔ 1 pkg + 14 deps: kept 12, added 3, dld 3 (1.40 MB) [8.3s]
Installing R2WinBUGS...
 
  
ℹ No downloads are needed
✔ 1 pkg + 3 deps: kept 4 [894ms]
Installing R6...
 
  
ℹ No downloads are needed
✔ 1 pkg: kept 1 [844ms]
Installing rafalib...
 
→ Will install 1 package.
→ Will download 1 CRAN package (12.26 kB).
+ rafalib   1.0.4 [bld][dl] (12.26 kB)
  
ℹ Getting 1 pkg (12.26 kB)
✔ Got rafalib 1.0.4 (source) (12.26 kB)
ℹ Building rafalib 1.0.4
✔ Built rafalib 1.0.4 (791ms)
✔ Installed rafalib 1.0.4  (99ms)
✔ 1 pkg + 2 deps: kept 2, added 1, dld 1 (12.26 kB) [2.3s]
Installing ragg...
 
✔ All system requirements are already installed.
  
ℹ No downloads are needed
✔ 1 pkg + 9 deps: kept 10 [861ms]
Installing rainbow...
 
  
ℹ No downloads are needed
✔ 1 pkg + 36 deps: kept 36 [1.3s]
Installing randomcoloR...
 
→ Will install 1 package.
→ Will download 1 CRAN package (5.91 kB).
+ randomcoloR   1.1.0.1 [bld][dl] (5.91 kB)
✔ All system requirements are already installed.
  
ℹ Getting 1 pkg (5.91 kB)
✔ Got randomcoloR 1.1.0.1 (source) (5.91 kB)
ℹ Building randomcoloR 1.1.0.1
✔ Built randomcoloR 1.1.0.1 (1.6s)
✔ Installed randomcoloR 1.1.0.1  (128ms)
✔ 1 pkg + 21 deps: kept 20, added 1, dld 1 (5.91 kB) [3.2s]
Installing randomForest...
 
  
ℹ No downloads are needed
✔ 1 pkg: kept 1 [828ms]
Installing randtoolbox...
 
  
ℹ No downloads are needed
✔ 1 pkg + 1 dep: kept 2 [867ms]
Installing ranger...
 
  
ℹ No downloads are needed
✔ 1 pkg + 3 deps: kept 3 [829ms]
Installing RANN...
 
  
ℹ No downloads are needed
✔ 1 pkg: kept 1 [711ms]
Installing rapidjsonr...
 
✔ All system requirements are already installed.
  
ℹ No downloads are needed
✔ 1 pkg: kept 1 [645ms]
Installing RApiSerialize...
 
  
ℹ No downloads are needed
✔ 1 pkg: kept 1 [887ms]
Installing rappdirs...
 
  
ℹ No downloads are needed
✔ 1 pkg: kept 1 [1.7s]
Installing rARPACK...
 
  
ℹ No downloads are needed
✔ 1 pkg + 4 deps: kept 4 [814ms]
Installing raster...
 
→ Will install 2 packages.
→ All 2 packages (1.64 MB) are cached.
+ raster   3.6-32 [bld][cmp]
+ terra    1.8-86 [bld][cmp] + ✔ libgdal-dev, ✔ gdal-bin, ✔ libgeos-dev, ✔ libproj-dev, ✔ libsqlite3-dev
✔ All system requirements are already installed.
  
ℹ No downloads are needed, 2 pkgs (1.64 MB) are cached
ℹ Building terra 1.8-86
✔ Built terra 1.8-86 (4m 54.9s)
✔ Installed terra 1.8-86  (1.7s)
ℹ Building raster 3.6-32
✔ Built raster 3.6-32 (1m 16s)
✔ Installed raster 3.6-32  (401ms)
✔ 1 pkg + 4 deps: kept 2, added 2 [6m 14.6s]
Installing RBGL...
 
→ Will install 2 packages.
→ All 2 packages (14.31 MB) are cached.
+ BH     1.90.0-1 [bld]
+ RBGL   1.86.0   [bld][cmp]
  
ℹ No downloads are needed, 2 pkgs (14.31 MB) are cached
✔ Installed BH 1.90.0-1  (3m 59.5s)
ℹ Building RBGL 1.86.0
✖ Failed to build RBGL 1.86.0 (350ms)
  FAILED: ! error in pak subprocess
Caused by error in `stop_task_build(state, worker)`:
! Failed to build source package RBGL.
Full installation output:
ERROR: dependency ‘BH’ is not available for package ‘RBGL’
Perhaps try a variation of:
install.packages('BH')
* removing ‘/tmp/RtmpTskUDA/pkg-lib106c557a4aa7d8/RBGL’
Installing rbibutils...
 
  
ℹ No downloads are needed
✔ 1 pkg: kept 1 [830ms]
Installing rcmdcheck...
 
✔ All system requirements are already installed.
  
ℹ No downloads are needed
✔ 1 pkg + 14 deps: kept 15 [924ms]
Installing RColorBrewer...
 
  
ℹ No downloads are needed
✔ 1 pkg: kept 1 [699ms]
Installing rcompanion...
 
→ Will install 1 package.
→ Will download 1 CRAN package (161.17 kB).
+ rcompanion   2.5.1 [bld][dl] (161.17 kB)
✔ All system requirements are already installed.
  
ℹ Getting 1 pkg (161.17 kB)
✔ Got rcompanion 2.5.1 (source) (161.17 kB)
ℹ Building rcompanion 2.5.1
✔ Built rcompanion 2.5.1 (6.8s)
✔ Installed rcompanion 2.5.1  (1.1s)
✔ 1 pkg + 65 deps: kept 64, added 1, dld 1 (161.17 kB) [10.2s]
Installing rcorpora...
 
→ Will install 1 package.
→ Will download 1 CRAN package (1.36 MB).
+ rcorpora   2.0.1 [bld][dl] (1.36 MB)
  
ℹ Getting 1 pkg (1.36 MB)
✔ Got rcorpora 2.0.1 (source) (1.36 MB)
ℹ Building rcorpora 2.0.1
✔ Built rcorpora 2.0.1 (2.5s)
✔ Installed rcorpora 2.0.1  (1.3s)
✔ 1 pkg + 1 dep: kept 1, added 1, dld 1 (1.36 MB) [5.3s]
Installing Rcpp...
 
  
ℹ No downloads are needed
✔ 1 pkg:  [847ms]
Installing RcppAnnoy...
 
  
ℹ No downloads are needed
✔ 1 pkg + 1 dep: kept 1 [809ms]
Installing RcppArmadillo...
 
  
ℹ No downloads are needed
✔ 1 pkg + 1 dep: kept 1 [828ms]
Installing RcppEigen...
 
  
ℹ No downloads are needed
✔ 1 pkg + 1 dep: kept 1 [880ms]
Installing RcppGSL...
 
→ Will install 1 package.
→ Will download 1 CRAN package (302.53 kB).
+ RcppGSL   0.3.13 [bld][cmp][dl] (302.53 kB) + ✔ libgsl0-dev
✔ All system requirements are already installed.
  
ℹ Getting 1 pkg (302.53 kB)
✔ Got RcppGSL 0.3.13 (source) (302.53 kB)
ℹ Building RcppGSL 0.3.13
✔ Built RcppGSL 0.3.13 (6.9s)
✔ Installed RcppGSL 0.3.13  (292ms)
✔ 1 pkg + 1 dep: added 1, dld 1 (302.53 kB) [8.5s]
Installing RcppHNSW...
 
  
ℹ No downloads are needed
✔ 1 pkg + 1 dep: kept 1 [813ms]
Installing RcppML...
 
  
ℹ No downloads are needed
✔ 1 pkg + 3 deps: kept 3 [995ms]
Installing RcppNumerical...
 
  
ℹ No downloads are needed
✔ 1 pkg + 1 dep: kept 1 [828ms]
Installing RcppParallel...
 
✔ All system requirements are already installed.
  
ℹ No downloads are needed
✔ 1 pkg: kept 1 [789ms]
Installing RcppProgress...
 
  
ℹ No downloads are needed
✔ 1 pkg: kept 1 [783ms]
Installing RcppRoll...
 
  
ℹ No downloads are needed
✔ 1 pkg + 1 dep: kept 1 [977ms]
Installing RcppTOML...
 
  
ℹ No downloads are needed
✔ 1 pkg + 1 dep: kept 1 [1.1s]
Installing RcppZiggurat...
 
→ Will install 1 package.
→ Will download 1 CRAN package (295.31 kB).
+ RcppZiggurat   0.1.8 [bld][cmp][dl] (295.31 kB)
✔ All system requirements are already installed.
  
ℹ Getting 1 pkg (295.31 kB)
✔ Got RcppZiggurat 0.1.8 (source) (295.31 kB)
ℹ Building RcppZiggurat 0.1.8
✔ Built RcppZiggurat 0.1.8 (7.4s)
✔ Installed RcppZiggurat 0.1.8  (1.2s)
✔ 1 pkg + 2 deps: kept 1, added 1, dld 1 (295.31 kB) [10.5s]
Installing RCurl...
 
✔ All system requirements are already installed.
  
ℹ No downloads are needed
✔ 1 pkg + 1 dep: kept 2 [799ms]
Installing Rdpack...
 
  
ℹ No downloads are needed
✔ 1 pkg + 1 dep: kept 2 [800ms]
Installing reactable...
 
✔ All system requirements are already installed.
  
ℹ No downloads are needed
✔ 1 pkg + 28 deps: kept 29 [1.3s]
Installing reactR...
 
  
ℹ No downloads are needed
✔ 1 pkg + 5 deps: kept 6 [867ms]
Installing readr...
 
✔ All system requirements are already installed.
  
ℹ No downloads are needed
✔ 1 pkg + 20 deps: kept 21 [1s]
Installing readxl...
 
  
ℹ No downloads are needed
✔ 1 pkg + 12 deps: kept 13 [983ms]
Installing REBayes...
 
→ Will install 2 packages.
→ Will download 2 CRAN packages (2.93 MB).
+ deconvolveR   1.2-1 [bld][dl] (1.73 MB)
+ REBayes       2.59  [bld][dl] (1.20 MB)
  
ℹ Getting 2 pkgs (2.93 MB)
✔ Got REBayes 2.59 (source) (1.20 MB)
✔ Got deconvolveR 1.2-1 (source) (1.73 MB)
ℹ Building deconvolveR 1.2-1
✔ Built deconvolveR 1.2-1 (951ms)
✔ Installed deconvolveR 1.2-1  (180ms)
ℹ Building REBayes 2.59
✔ Built REBayes 2.59 (3.5s)
✔ Installed REBayes 2.59  (278ms)
✔ 1 pkg + 3 deps: kept 2, added 2, dld 2 (2.93 MB) [7.4s]
