Installing packages from: /home/domeally/workspaces/vscode-rbioc/slurm_install/pkgs_004.txt
Target library: /packages/singularity/shared_cache/rbioc/rlibs/bioc-3.22
Installing cvAUC...
ℹ Loading metadata database
✔ Loading metadata database ... done

 
→ Will install 7 packages.
→ Will download 1 CRAN package (85.58 kB), cached: 6 (11.41 MB).
+ bitops       1.0-9  [bld][cmp]
+ caTools      1.18.3 [bld][cmp]
+ cvAUC        1.1.4  [bld][dl] (85.58 kB)
+ data.table   1.18.0 [bld][cmp]
+ gplots       3.3.0  [bld]
+ gtools       3.9.5  [bld][cmp]
+ ROCR         1.0-11 [bld]
  
ℹ Getting 1 pkg (85.58 kB), 6 (11.41 MB) cached
✔ Got cvAUC 1.1.4 (source) (85.58 kB)
ℹ Building bitops 1.0-9
ℹ Building data.table 1.18.0
ℹ Building gtools 3.9.5
✔ Built bitops 1.0-9 (1.5s)
✔ Installed bitops 1.0-9  (130ms)
ℹ Building caTools 1.18.3
✔ Built gtools 3.9.5 (2.4s)
✔ Installed gtools 3.9.5  (162ms)
✖ Failed to build caTools 1.18.3 (3.8s)
  FAILED: ! error in pak subprocess
Caused by error in `stop_task_build(state, worker)`:
! Failed to build source package caTools.
Full installation output:
* installing *source* package ‘caTools’ ...
** this is package ‘caTools’ version ‘1.18.3’
** package ‘caTools’ successfully unpacked and MD5 sums checked
staged installation is only possible with locking
** using non-staged installation
** libs
using C compiler: ‘gcc (Ubuntu 13.3.0-6ubuntu2~24.04) 13.3.0’
using C++ compiler: ‘g++ (Ubuntu 13.3.0-6ubuntu2~24.04) 13.3.0’
g++ -std=gnu++17 -I"/usr/local/lib/R/include" -DNDEBUG   -I/usr/local/include    -fpic  -g -O2 -fstack-protector-strong -Wformat -Werror=format-security -Wdate-time -D_FORTIFY_SOURCE=2 -g  -Wall -pedantic  -c Gif2R.cpp -o Gif2R.o
g++ -std=gnu++17 -I"/usr/local/lib/R/include" -DNDEBUG   -I/usr/local/include    -fpic  -g -O2 -fstack-protector-strong -Wformat -Werror=format-security -Wdate-time -D_FORTIFY_SOURCE=2 -g  -Wall -pedantic  -c GifTools.cpp -o GifTools.o
gcc -std=gnu2x -I"/usr/local/lib/R/include" -DNDEBUG   -I/usr/local/include    -fpic  -g -O2 -fstack-protector-strong -Wformat -Werror=format-security -Wdate-time -D_FORTIFY_SOURCE=2 -g  -Wall -pedantic -c caTools_init.c -o caTools_init.o
gcc -std=gnu2x -I"/usr/local/lib/R/include" -DNDEBUG   -I/usr/local/include    -fpic  -g -O2 -fstack-protector-strong -Wformat -Werror=format-security -Wdate-time -D_FORTIFY_SOURCE=2 -g  -Wall -pedantic -c runfunc.c -o runfunc.o
runfunc.c: In function ‘sum_exact’:
runfunc.c:147:17: warning: ‘partial’ may be used uninitialized [-Wmaybe-uninitialized]
  147 |   *Out = partial[0];
      |          ~~~~~~~^~~
runfunc.c:141:18: note: ‘partial’ declared here
  141 |   double *in, x, partial[mpartial];
      |                  ^~~~~~~
g++ -std=gnu++17 -shared -L/usr/local/lib/R/lib -L/usr/local/lib -o caTools.so Gif2R.o GifTools.o caTools_init.o runfunc.o -L/usr/local/lib/R/lib -lR
installing to /tmp/Rtmpi03Sbd/pkg-lib1711e05d9c4596/caTools/libs
** R
** byte-compile and prepare package for lazy loading
** help
*** installing help indices
** building package indices
** testing if installed package can be loaded
Error: package or namespace load failed for ‘caTools’ in loadNamespace(i, c(lib.loc, .libPaths()), versionCheck = vI[[i]]):
 there is no package called ‘bitops’
Error: loading failed
Execution halted
ERROR: loading failed
* removing ‘/tmp/Rtmpi03Sbd/pkg-lib1711e05d9c4596/caTools’
Installing CVST...
 
→ Will install 2 packages.
→ Will download 1 CRAN package (21.69 kB), cached: 1 (1.03 MB).
+ CVST      0.2-3  [bld][dl] (21.69 kB)
+ kernlab   0.9-33 [bld][cmp]
  
ℹ Getting 1 pkg (21.69 kB), 1 (1.03 MB) cached
✔ Got CVST 0.2-3 (source) (21.69 kB)
ℹ Building kernlab 0.9-33
✔ Built kernlab 0.9-33 (26.7s)
✔ Installed kernlab 0.9-33  (1.2s)
ℹ Building CVST 0.2-3
✔ Built CVST 0.2-3 (3.8s)
✔ Installed CVST 0.2-3  (119ms)
✔ 1 pkg + 3 deps: kept 2, added 2, dld 1 (21.69 kB) [34.5s]
Installing cyclocomp...
 
→ Will install 2 packages.
→ Will download 2 CRAN packages (173.08 kB).
+ cyclocomp   1.1.1 [bld][dl] (8.58 kB)
+ remotes     2.5.0 [bld][dl] (164.50 kB) + ✔ git
✔ All system requirements are already installed.
  
ℹ Getting 2 pkgs (173.08 kB)
✔ Got cyclocomp 1.1.1 (source) (8.58 kB)
✔ Got remotes 2.5.0 (source) (164.50 kB)
ℹ Building remotes 2.5.0
✔ Built remotes 2.5.0 (3.4s)
✔ Installed remotes 2.5.0  (223ms)
ℹ Building cyclocomp 1.1.1
✔ Built cyclocomp 1.1.1 (1.3s)
✔ Installed cyclocomp 1.1.1  (124ms)
✔ 1 pkg + 9 deps: kept 8, added 2, dld 2 (173.08 kB) [7.1s]
Installing cytolib...
 
→ Will install 4 packages.
→ All 4 packages (14.31 MB) are cached.
+ BH             1.90.0-1 [bld]
+ cytolib        2.22.0   [bld][cmp] + ✔ make
+ Rhdf5lib       1.32.0   [bld][cmp] + ✔ make
+ RProtoBufLib   2.22.0   [bld][cmp] + ✔ make
✔ All system requirements are already installed.
  
ℹ No downloads are needed, 4 pkgs (14.31 MB) are cached
✔ Got RProtoBufLib 2.22.0 (source) (2.98 MB)
✔ Got cytolib 2.22.0 (source) (6.10 MB)
ℹ Building Rhdf5lib 1.32.0
ℹ Building RProtoBufLib 2.22.0
✔ Installed BH 1.90.0-1  (1m 28.8s)
✔ Built Rhdf5lib 1.32.0 (3m 37.3s)
✔ Installed Rhdf5lib 1.32.0  (2s)
✔ Built RProtoBufLib 2.22.0 (4m 25.2s)
✔ Installed RProtoBufLib 2.22.0  (2.1s)
ℹ Building cytolib 2.22.0
✖ Failed to build cytolib 2.22.0 (1.5s)
  FAILED: ! error in pak subprocess
Caused by error in `stop_task_build(state, worker)`:
! Failed to build source package cytolib.
Full installation output:
ERROR: dependency ‘BH’ is not available for package ‘cytolib’
Perhaps try a variation of:
install.packages('BH')
* removing ‘/tmp/Rtmpi03Sbd/pkg-lib1711e06460e907/cytolib’
Installing data.table...
 
  
ℹ No downloads are needed
✔ 1 pkg: kept 1 [895ms]
Installing data.tree...
 
→ Will install 1 package.
→ Will download 1 CRAN package (1.61 MB).
+ data.tree   1.2.0 [bld][dl] (1.61 MB)
✔ All system requirements are already installed.
  
ℹ Getting 1 pkg (1.61 MB)
✔ Got data.tree 1.2.0 (source) (1.61 MB)
ℹ Building data.tree 1.2.0
✔ Built data.tree 1.2.0 (3.2s)
✔ Installed data.tree 1.2.0  (230ms)
✔ 1 pkg + 2 deps: kept 2, added 1, dld 1 (1.61 MB) [5.4s]
Installing datamods...
 
→ Will install 9 packages.
→ Will download 9 CRAN packages (9.57 MB).
+ datamods       1.5.3 [bld][dl] (1.37 MB)
+ reactable      0.4.5 [bld][dl] (981.23 kB)
+ reactR         0.6.1 [bld][dl] (712.35 kB)
+ readxl         1.4.5 [bld][cmp][dl] (1.64 MB)
+ rio            1.2.4 [bld][dl] (538.41 kB)
+ shinybusy      0.3.3 [bld][dl] (2.05 MB)
+ shinyWidgets   0.9.0 [bld][dl] (874.23 kB)
+ toastui        0.4.0 [bld][dl] (1.12 MB)
+ writexl        1.5.4 [bld][cmp][dl] (278.31 kB) + ✔ zlib1g-dev
✔ All system requirements are already installed.
  
ℹ Getting 9 pkgs (9.57 MB)
✔ Got reactable 0.4.5 (source) (981.23 kB)
✔ Got datamods 1.5.3 (source) (1.37 MB)
✔ Got readxl 1.4.5 (source) (1.64 MB)
✔ Got reactR 0.6.1 (source) (712.35 kB)
✔ Got writexl 1.5.4 (source) (278.31 kB)
✔ Got shinyWidgets 0.9.0 (source) (874.23 kB)
✔ Got rio 1.2.4 (source) (538.41 kB)
✔ Got shinybusy 0.3.3 (source) (2.05 MB)
✔ Got toastui 0.4.0 (source) (1.12 MB)
ℹ Building reactR 0.6.1
ℹ Building readxl 1.4.5
ℹ Building shinybusy 0.3.3
ℹ Building shinyWidgets 0.9.0
ℹ Building writexl 1.5.4
✔ Built reactR 0.6.1 (2.4s)
✔ Installed reactR 0.6.1  (305ms)
ℹ Building reactable 0.4.5
✔ Built shinybusy 0.3.3 (3.9s)
✔ Installed shinybusy 0.3.3  (344ms)
✔ Built reactable 0.4.5 (3s)
✔ Built shinyWidgets 0.9.0 (6s)
✔ Installed reactable 0.4.5  (221ms)
✔ Installed shinyWidgets 0.9.0  (1.9s)
ℹ Building toastui 0.4.0
✔ Built writexl 1.5.4 (11.1s)
✔ Built toastui 0.4.0 (3.2s)
✔ Installed writexl 1.5.4  (1.2s)
✔ Installed toastui 0.4.0  (1.1s)
✔ Built readxl 1.4.5 (17.9s)
✔ Installed readxl 1.4.5  (356ms)
ℹ Building rio 1.2.4
✔ Built rio 1.2.4 (1.8s)
✔ Installed rio 1.2.4  (249ms)
ℹ Building datamods 1.5.3
✔ Built datamods 1.5.3 (5.5s)
✔ Installed datamods 1.5.3  (328ms)
✔ 1 pkg + 80 deps: kept 71, added 9, dld 9 (9.57 MB) [30.6s]
Installing datapasta...
 
→ Will install 1 package.
→ Will download 1 CRAN package (626.27 kB).
+ datapasta   3.1.0 [bld][dl] (626.27 kB)
✔ All system requirements are already installed.
  
ℹ Getting 1 pkg (626.27 kB)
✔ Got datapasta 3.1.0 (source) (626.27 kB)
ℹ Building datapasta 3.1.0
✔ Built datapasta 3.1.0 (1.6s)
✔ Installed datapasta 3.1.0  (193ms)
✔ 1 pkg + 22 deps: kept 22, added 1, dld 1 (626.27 kB) [3.9s]
Installing datawizard...
 
  
ℹ No downloads are needed
✔ 1 pkg + 1 dep: kept 2 [840ms]
Installing dbarts...
 
→ Will install 1 package.
→ Will download 1 CRAN package (861.12 kB).
+ dbarts   0.9-32 [bld][cmp][dl] (861.12 kB)
  
ℹ Getting 1 pkg (861.12 kB)
✔ Got dbarts 0.9-32 (source) (861.12 kB)
ℹ Building dbarts 0.9-32
✔ Built dbarts 0.9-32 (33.6s)
✔ Installed dbarts 0.9-32  (1.5s)
✔ 1 pkg: added 1, dld 1 (861.12 kB) [37s]
Installing DBI...
 
  
ℹ No downloads are needed
✔ 1 pkg: kept 1 [994ms]
Installing dbplyr...
 
✔ All system requirements are already installed.
  
ℹ No downloads are needed
✔ 1 pkg + 21 deps: kept 22 [1.4s]
Installing dbscan...
 
→ Will install 1 package.
→ The package (2.81 MB) is cached.
+ dbscan   1.2.4 [bld][cmp]
  
ℹ No downloads are needed, 1 pkg (2.81 MB) is cached
ℹ Building dbscan 1.2.4
✔ Built dbscan 1.2.4 (1m 12.2s)
✔ Installed dbscan 1.2.4  (376ms)
✔ 1 pkg + 2 deps: kept 1, added 1 [1m 13.8s]
Installing ddalpha...
 
→ Will install 3 packages.
→ Will download 2 CRAN packages (679.25 kB), cached: 1 (14.31 MB).
+ BH        1.90.0-1 [bld]
+ ddalpha   1.3.16   [bld][cmp][dl] (489.96 kB)
+ sfsmisc   1.1-23   [bld][dl] (189.29 kB)
  
ℹ Getting 2 pkgs (679.25 kB), 1 (14.31 MB) cached
✔ Got sfsmisc 1.1-23 (source) (189.29 kB)
✔ Got ddalpha 1.3.16 (source) (489.96 kB)
ℹ Building sfsmisc 1.1-23
✔ Built sfsmisc 1.1-23 (3.9s)
✔ Installed sfsmisc 1.1-23  (175ms)
✔ Installed BH 1.90.0-1  (1m 52.4s)
ℹ Building ddalpha 1.3.16
✖ Failed to build ddalpha 1.3.16 (365ms)
  FAILED: ! error in pak subprocess
Caused by error in `stop_task_build(state, worker)`:
! Failed to build source package ddalpha.
Full installation output:
ERROR: dependency ‘BH’ is not available for package ‘ddalpha’
Perhaps try a variation of:
install.packages('BH')
* removing ‘/tmp/Rtmpi03Sbd/pkg-lib1711e06be2b37f/ddalpha’
Installing debugme...
 
  
ℹ No downloads are needed
✔ 1 pkg + 1 dep: kept 2 [1s]
Installing decor...
 
→ Will install 1 package.
→ Will download 1 CRAN package (9.95 kB).
+ decor   1.0.2 [bld][cmp][dl] (9.95 kB)
  
ℹ Getting 1 pkg (9.95 kB)
✔ Got decor 1.0.2 (source) (9.95 kB)
ℹ Building decor 1.0.2
✔ Built decor 1.0.2 (3.2s)
✔ Installed decor 1.0.2  (1.1s)
✔ 1 pkg + 10 deps: kept 10, added 1, dld 1 (9.95 kB) [6.1s]
Installing DEGreport...
 
✔ All system requirements are already installed.
  
ℹ No downloads are needed
✔ 1 pkg + 95 deps: kept 95 [2.9s]
Installing DelayedArray...
 
  
ℹ No downloads are needed
✔ 1 pkg + 12 deps: kept 13 [1.2s]
Installing DelayedMatrixStats...
 
  
ℹ No downloads are needed
✔ 1 pkg + 15 deps: kept 15 [1.3s]
Installing deldir...
 
  
ℹ No downloads are needed
✔ 1 pkg: kept 1 [1s]
Installing dendextend...
 
  
ℹ No downloads are needed
✔ 1 pkg + 19 deps: kept 20 [1.4s]
Installing dendsort...
 
→ Will install 1 package.
→ Will download 1 CRAN package (1.91 MB).
+ dendsort   0.3.4 [bld][dl] (1.91 MB)
  
ℹ Getting 1 pkg (1.91 MB)
✔ Got dendsort 0.3.4 (source) (1.91 MB)
ℹ Building dendsort 0.3.4
✔ Built dendsort 0.3.4 (1.3s)
✔ Installed dendsort 0.3.4  (210ms)
✔ 1 pkg: added 1, dld 1 (1.91 MB) [4.2s]
Installing densvis...
 
→ Will install 3 packages.
→ All 3 packages (0 B) are cached.
+ basilisk     1.22.0 [bld]
+ densvis      1.20.1 [bld][cmp]
+ dir.expiry   1.18.0 [bld]
✔ All system requirements are already installed.
  
ℹ No downloads are needed, 3 pkgs are cached
✔ Got basilisk 1.22.0 (source) (270.15 kB)
✔ Got dir.expiry 1.18.0 (source) (308.96 kB)
✔ Got densvis 1.20.1 (source) (1.75 MB)
ℹ Building dir.expiry 1.18.0
✔ Built dir.expiry 1.18.0 (1.1s)
✔ Installed dir.expiry 1.18.0  (174ms)
ℹ Building basilisk 1.22.0
✔ Built basilisk 1.22.0 (3.6s)
✔ Installed basilisk 1.22.0  (226ms)
ℹ Building densvis 1.20.1
✔ Built densvis 1.20.1 (18.1s)
✔ Installed densvis 1.20.1  (232ms)
✔ 1 pkg + 18 deps: kept 15, added 3, dld 3 (2.33 MB) [26.9s]
Installing DEoptimR...
 
  
ℹ No downloads are needed
✔ 1 pkg: kept 1 [1.2s]
Installing Deriv...
 
  
ℹ No downloads are needed
✔ 1 pkg: kept 1 [1s]
Installing desc...
 
  
ℹ No downloads are needed
✔ 1 pkg + 2 deps: kept 3 [1.2s]
Installing DescTools...
 
→ Will install 6 packages.
→ Will download 5 CRAN packages (3.43 MB), cached: 1 (354.61 kB).
+ DescTools   0.99.60 [bld][cmp][dl] (2.69 MB)
+ Exact       3.3     [bld][dl] (44.90 kB)
+ expm        1.0-0   [bld][cmp][dl] (141.05 kB)
+ gld         2.6.8   [bld][cmp][dl] (54.59 kB)
+ lmom        3.2     [bld][cmp]
+ rootSolve   1.8.2.4 [bld][cmp][dl] (504.14 kB)
✔ All system requirements are already installed.
  
ℹ Getting 5 pkgs (3.43 MB), 1 (354.61 kB) cached
✔ Got expm 1.0-0 (source) (141.05 kB)
✔ Got gld 2.6.8 (source) (54.59 kB)
✔ Got Exact 3.3 (source) (44.90 kB)
✔ Got DescTools 0.99.60 (source) (2.69 MB)
✔ Got rootSolve 1.8.2.4 (source) (504.14 kB)
ℹ Building expm 1.0-0
ℹ Building lmom 3.2
ℹ Building rootSolve 1.8.2.4
✔ Built lmom 3.2 (4.9s)
✔ Installed lmom 3.2  (1.3s)
ℹ Building gld 2.6.8
✔ Built expm 1.0-0 (6.4s)
✔ Installed expm 1.0-0  (230ms)
✔ Built rootSolve 1.8.2.4 (8.5s)
✔ Installed rootSolve 1.8.2.4  (1.2s)
ℹ Building Exact 3.3
✔ Built gld 2.6.8 (3.7s)
✔ Installed gld 2.6.8  (131ms)
✔ Built Exact 3.3 (2.9s)
✔ Installed Exact 3.3  (133ms)
ℹ Building DescTools 0.99.60
✔ Built DescTools 0.99.60 (52.9s)
✔ Installed DescTools 0.99.60  (1.4s)
✔ 1 pkg + 50 deps: kept 44, added 6, dld 5 (3.43 MB) [1m 11.6s]
Installing DESeq2...
 
  
ℹ No downloads are needed
✔ 1 pkg + 42 deps: kept 42 [1.5s]
Installing deSolve...
 
  
ℹ No downloads are needed
✔ 1 pkg: kept 1 [877ms]
Installing details...
 
→ Will install 1 package.
→ Will download 1 CRAN package (57.44 kB).
+ details   0.4.0 [bld][dl] (57.44 kB)
✔ All system requirements are already installed.
  
ℹ Getting 1 pkg (57.44 kB)
✔ Got details 0.4.0 (source) (57.44 kB)
ℹ Building details 0.4.0
✔ Built details 0.4.0 (1.8s)
✔ Installed details 0.4.0  (219ms)
✔ 1 pkg + 23 deps: kept 23, added 1, dld 1 (57.44 kB) [4s]
Installing devtools...
 
→ Will install 7 packages.
→ Will download 7 CRAN packages (1.37 MB).
+ devtools      2.4.6 [bld][dl] (396.75 kB)
+ profvis       0.4.0 [bld][cmp][dl] (301.12 kB)
+ rcmdcheck     1.4.0 [bld][dl] (73.52 kB)
+ sessioninfo   1.2.3 [bld][dl] (175.60 kB)
+ urlchecker    1.0.1 [bld][dl] (13.34 kB)
+ usethis       3.2.1 [bld][dl] (393.91 kB)
+ xopen         1.0.1 [bld][dl] (11.86 kB)
✔ All system requirements are already installed.
  
ℹ Getting 7 pkgs (1.37 MB)
✔ Got devtools 2.4.6 (source) (396.75 kB)
✔ Got profvis 0.4.0 (source) (301.12 kB)
✔ Got rcmdcheck 1.4.0 (source) (73.52 kB)
✔ Got xopen 1.0.1 (source) (11.86 kB)
✔ Got usethis 3.2.1 (source) (393.91 kB)
✔ Got sessioninfo 1.2.3 (source) (175.60 kB)
✔ Got urlchecker 1.0.1 (source) (13.34 kB)
ℹ Building profvis 0.4.0
ℹ Building sessioninfo 1.2.3
ℹ Building urlchecker 1.0.1
ℹ Building usethis 3.2.1
ℹ Building xopen 1.0.1
✔ Built urlchecker 1.0.1 (1.7s)
✔ Built xopen 1.0.1 (1.6s)
✔ Installed urlchecker 1.0.1  (176ms)
✔ Installed xopen 1.0.1  (140ms)
✔ Built sessioninfo 1.2.3 (2.3s)
✔ Built profvis 0.4.0 (2.6s)
✔ Installed sessioninfo 1.2.3  (211ms)
ℹ Building rcmdcheck 1.4.0
✔ Installed profvis 0.4.0  (232ms)
✔ Built rcmdcheck 1.4.0 (2.6s)
✔ Installed rcmdcheck 1.4.0  (129ms)
✔ Built usethis 3.2.1 (5.9s)
✔ Installed usethis 3.2.1  (1.4s)
ℹ Building devtools 2.4.6
✔ Built devtools 2.4.6 (3.1s)
✔ Installed devtools 2.4.6  (200ms)
✔ 1 pkg + 93 deps: kept 86, added 7, dld 7 (1.37 MB) [15.2s]
Installing DEXSeq...
 
→ Will install 2 packages.
→ All 2 packages (0 B) are cached.
+ DEXSeq        1.56.0 [bld]
+ geneplotter   1.88.0 [bld]
✔ All system requirements are already installed.
  
ℹ No downloads are needed, 2 pkgs are cached
✔ Got DEXSeq 1.56.0 (source) (1.72 MB)
✔ Got geneplotter 1.88.0 (source) (1.72 MB)
ℹ Building geneplotter 1.88.0
✔ Built geneplotter 1.88.0 (8.1s)
✔ Installed geneplotter 1.88.0  (211ms)
ℹ Building DEXSeq 1.56.0
✔ Built DEXSeq 1.56.0 (21.1s)
✔ Installed DEXSeq 1.56.0  (209ms)
✔ 1 pkg + 94 deps: kept 92, added 2, dld 2 (3.44 MB) [34.2s]
Installing dfidx...
 
  
ℹ No downloads are needed
✔ 1 pkg + 3 deps: kept 4 [1.2s]
Installing dfoptim...
 
→ Will install 1 package.
→ Will download 1 CRAN package (14.42 kB).
+ dfoptim   2023.1.0 [bld][dl] (14.42 kB)
  
ℹ Getting 1 pkg (14.42 kB)
✔ Got dfoptim 2023.1.0 (source) (14.42 kB)
ℹ Building dfoptim 2023.1.0
✔ Built dfoptim 2023.1.0 (1.3s)
✔ Installed dfoptim 2023.1.0  (133ms)
✔ 1 pkg: added 1, dld 1 (14.42 kB) [3.3s]
Installing diagram...
 
  
ℹ No downloads are needed
✔ 1 pkg + 1 dep: kept 2 [1.3s]
Installing DiagrammeR...
 
→ Will install 1 package.
→ Will download 1 CRAN package (1.24 MB).
+ DiagrammeR   1.0.11 [bld][dl] (1.24 MB)
✔ All system requirements are already installed.
  
ℹ Getting 1 pkg (1.24 MB)
✔ Got DiagrammeR 1.0.11 (source) (1.24 MB)
ℹ Building DiagrammeR 1.0.11
✔ Built DiagrammeR 1.0.11 (8.4s)
✔ Installed DiagrammeR 1.0.11  (1.3s)
✔ 1 pkg + 59 deps: kept 59, added 1, dld 1 (1.24 MB) [12.9s]
Installing DiagrammeRsvg...
 
→ Will install 1 package.
→ Will download 1 CRAN package (826.01 kB).
+ DiagrammeRsvg   0.1 [bld][dl] (826.01 kB)
✔ All system requirements are already installed.
  
ℹ Getting 1 pkg (826.01 kB)
✔ Got DiagrammeRsvg 0.1 (source) (826.01 kB)
ℹ Building DiagrammeRsvg 0.1
✔ Built DiagrammeRsvg 0.1 (2.4s)
✔ Installed DiagrammeRsvg 0.1  (1.2s)
✔ 1 pkg + 4 deps: kept 3, added 1, dld 1 (826.01 kB) [5.8s]
Installing dials...
 
  
ℹ No downloads are needed
✔ 1 pkg + 25 deps: kept 26 [1.5s]
Installing DiceDesign...
 
  
ℹ No downloads are needed
✔ 1 pkg: kept 1 [1.1s]
Installing dichromat...
 
  
ℹ No downloads are needed
✔ 1 pkg: kept 1 [1s]
Installing diffcoexp...
 
→ Will install 6 packages.
→ Will download 3 CRAN packages (2.06 MB), cached: 3 (0 B).
+ diffcoexp     1.30.0 [bld]
+ DiffCorr      0.4.5  [bld][dl] (678.40 kB)
+ fastcluster   1.3.0  [bld][cmp][dl] (203.46 kB)
+ impute        1.84.0 [bld][cmp]
+ pcaMethods    2.2.0  [bld][cmp]
+ WGCNA         1.73   [bld][cmp][dl] (1.18 MB)
✔ All system requirements are already installed.
  
ℹ Getting 3 pkgs (2.06 MB), 3 cached
✔ Got impute 1.84.0 (source) (641.99 kB)
✔ Got WGCNA 1.73 (source) (1.18 MB)
✔ Got DiffCorr 0.4.5 (source) (678.40 kB)
✔ Got fastcluster 1.3.0 (source) (203.46 kB)
✔ Got pcaMethods 2.2.0 (source) (1.05 MB)
✔ Got diffcoexp 1.30.0 (source) (302.00 kB)
ℹ Building fastcluster 1.3.0
ℹ Building impute 1.84.0
ℹ Building pcaMethods 2.2.0
✔ Built impute 1.84.0 (1.5s)
✔ Installed impute 1.84.0  (1.1s)
✔ Built fastcluster 1.3.0 (4.2s)
✔ Installed fastcluster 1.3.0  (163ms)
ℹ Building WGCNA 1.73
✖ Failed to build WGCNA 1.73 (437ms)
  FAILED: ! error in pak subprocess
Caused by error in `stop_task_build(state, worker)`:
! Failed to build source package WGCNA.
Full installation output:
ERROR: dependency ‘fastcluster’ is not available for package ‘WGCNA’
Perhaps try a variation of:
install.packages('fastcluster')
* removing ‘/tmp/Rtmpi03Sbd/pkg-lib1711e05a16e1ac/WGCNA’
Installing DiffCorr...
 
→ Will install 2 packages.
→ All 2 packages (678.40 kB) are cached.
+ DiffCorr     0.4.5 [bld]
+ pcaMethods   2.2.0 [bld][cmp]
✔ All system requirements are already installed.
  
ℹ No downloads are needed, 2 pkgs (678.40 kB) are cached
ℹ Building pcaMethods 2.2.0
✔ Built pcaMethods 2.2.0 (11.7s)
✔ Installed pcaMethods 2.2.0  (266ms)
ℹ Building DiffCorr 0.4.5
✔ Built DiffCorr 0.4.5 (4.6s)
✔ Installed DiffCorr 0.4.5  (187ms)
✔ 1 pkg + 19 deps: kept 17, added 2 [18.8s]
Installing diffobj...
 
  
ℹ No downloads are needed
✔ 1 pkg + 1 dep: kept 2 [1.2s]
Installing digest...
 
  
ℹ No downloads are needed
✔ 1 pkg: kept 1 [1.1s]
Installing dimRed...
 
→ Will install 1 package.
→ Will download 1 CRAN package (1.10 MB).
+ dimRed   0.2.7 [bld][cmp][dl] (1.10 MB)
  
ℹ Getting 1 pkg (1.10 MB)
✔ Got dimRed 0.2.7 (source) (1.10 MB)
ℹ Building dimRed 0.2.7
✔ Built dimRed 0.2.7 (8.2s)
✔ Installed dimRed 0.2.7  (183ms)
✔ 1 pkg + 6 deps: kept 6, added 1, dld 1 (1.10 MB) [10.4s]
Installing diptest...
 
→ Will install 1 package.
→ Will download 1 CRAN package (154.02 kB).
+ diptest   0.77-2 [bld][cmp][dl] (154.02 kB)
  
ℹ Getting 1 pkg (154.02 kB)
✔ Got diptest 0.77-2 (source) (154.02 kB)
ℹ Building diptest 0.77-2
✔ Built diptest 0.77-2 (1.3s)
✔ Installed diptest 0.77-2  (179ms)
✔ 1 pkg: added 1, dld 1 (154.02 kB) [3.1s]
Installing dir.expiry...
 
  
ℹ No downloads are needed
✔ 1 pkg + 1 dep: kept 2 [1.1s]
Installing DirichletMultinomial...
 
→ Will install 1 package.
→ The package (0 B) is cached.
+ DirichletMultinomial   1.52.0 [bld][cmp] + ✔ libgsl0-dev
✔ All system requirements are already installed.
  
ℹ No downloads are needed, 1 pkg is cached
✔ Got DirichletMultinomial 1.52.0 (source) (1.11 MB)
ℹ Building DirichletMultinomial 1.52.0
✔ Built DirichletMultinomial 1.52.0 (5.7s)
✔ Installed DirichletMultinomial 1.52.0  (215ms)
✔ 1 pkg + 4 deps: kept 4, added 1, dld 1 (1.11 MB) [8s]
Installing discrim...
 
→ Will install 1 package.
→ Will download 1 CRAN package (145.71 kB).
+ discrim   1.1.0 [bld][dl] (145.71 kB)
✔ All system requirements are already installed.
  
ℹ Getting 1 pkg (145.71 kB)
✔ Got discrim 1.1.0 (source) (145.71 kB)
ℹ Building discrim 1.1.0
✔ Built discrim 1.1.0 (3.5s)
✔ Installed discrim 1.1.0  (1.2s)
✔ 1 pkg + 37 deps: kept 37, added 1, dld 1 (145.71 kB) [7.2s]
Installing distances...
 
→ Will install 1 package.
→ Will download 1 CRAN package (85.53 kB).
+ distances   0.1.13 [bld][cmp][dl] (85.53 kB)
  
ℹ Getting 1 pkg (85.53 kB)
✔ Got distances 0.1.13 (source) (85.53 kB)
ℹ Building distances 0.1.13
✔ Built distances 0.1.13 (10.8s)
✔ Installed distances 0.1.13  (189ms)
✔ 1 pkg: added 1, dld 1 (85.53 kB) [12.9s]
Installing distributional...
 
  
ℹ No downloads are needed
✔ 1 pkg + 9 deps: kept 10 [1.4s]
Installing DistributionUtils...
 
→ Will install 1 package.
→ Will download 1 CRAN package (41.36 kB).
+ DistributionUtils   0.6-2 [bld][cmp][dl] (41.36 kB)
  
ℹ Getting 1 pkg (41.36 kB)
✔ Got DistributionUtils 0.6-2 (source) (41.36 kB)
ℹ Building DistributionUtils 0.6-2
✔ Built DistributionUtils 0.6-2 (2.1s)
✔ Installed DistributionUtils 0.6-2  (237ms)
✔ 1 pkg: added 1, dld 1 (41.36 kB) [4.4s]
Installing distro...
 
→ Will install 1 package.
→ Will download 1 CRAN package (5.46 kB).
+ distro   0.1.1 [bld][dl] (5.46 kB)
  
ℹ Getting 1 pkg (5.46 kB)
✔ Got distro 0.1.1 (source) (5.46 kB)
ℹ Building distro 0.1.1
✔ Built distro 0.1.1 (857ms)
✔ Installed distro 0.1.1  (1.1s)
✔ 1 pkg: added 1, dld 1 (5.46 kB) [3.6s]
Installing dittoSeq...
 
→ Will install 1 package.
→ The package (0 B) is cached.
+ dittoSeq   1.22.0 [bld]
✔ All system requirements are already installed.
  
ℹ No downloads are needed, 1 pkg is cached
✔ Got dittoSeq 1.22.0 (source) (2.60 MB)
ℹ Building dittoSeq 1.22.0
✔ Built dittoSeq 1.22.0 (13.9s)
✔ Installed dittoSeq 1.22.0  (209ms)
✔ 1 pkg + 46 deps: kept 45, added 1, dld 1 (2.60 MB) [17.4s]
Installing dlr...
 
✔ All system requirements are already installed.
  
ℹ No downloads are needed
✔ 1 pkg + 4 deps: kept 5 [1.2s]
Installing dm...
 
→ Will install 1 package.
→ Will download 1 CRAN package (2.76 MB).
+ dm   1.0.12 [bld][dl] (2.76 MB)
✔ All system requirements are already installed.
  
ℹ Getting 1 pkg (2.76 MB)
✔ Got dm 1.0.12 (source) (2.76 MB)
ℹ Building dm 1.0.12
✔ Built dm 1.0.12 (8.4s)
✔ Installed dm 1.0.12  (1.2s)
✔ 1 pkg + 26 deps: kept 26, added 1, dld 1 (2.76 MB) [11.8s]
Installing DO.db...
 
→ Will install 1 package.
→ The package (0 B) is cached.
+ DO.db   2.9 [bld]
✔ All system requirements are already installed.
  
ℹ No downloads are needed, 1 pkg is cached
✔ Got DO.db 2.9 (source) (1.77 MB)
ℹ Building DO.db 2.9
✔ Built DO.db 2.9 (10.5s)
✔ Installed DO.db 2.9  (1.3s)
✔ 1 pkg + 34 deps: kept 34, added 1, dld 1 (1.77 MB) [15.7s]
Installing doBy...
 
✔ All system requirements are already installed.
  
ℹ No downloads are needed
✔ 1 pkg + 55 deps: kept 55 [2.1s]
Installing doconv...
 
→ Will install 2 packages.
→ Will download 2 CRAN packages (1.19 MB).
+ doconv     0.3.3 [bld][dl] (257.68 kB)
+ pdftools   3.6.0 [bld][cmp][dl] (935.42 kB) + ✔ libpoppler-cpp-dev
✔ All system requirements are already installed.
  
ℹ Getting 2 pkgs (1.19 MB)
✔ Got pdftools 3.6.0 (source) (935.42 kB)
✔ Got doconv 0.3.3 (source) (257.68 kB)
ℹ Building pdftools 3.6.0
✔ Built pdftools 3.6.0 (11.7s)
✔ Installed pdftools 3.6.0  (168ms)
ℹ Building doconv 0.3.3
✔ Built doconv 0.3.3 (1.8s)
✔ Installed doconv 0.3.3  (195ms)
✔ 1 pkg + 12 deps: kept 10, added 2, dld 2 (1.19 MB) [16.5s]
Installing docopt...
 
→ Will install 1 package.
→ Will download 1 CRAN package (29.47 kB).
+ docopt   0.7.2 [bld][dl] (29.47 kB)
  
ℹ Getting 1 pkg (29.47 kB)
✔ Got docopt 0.7.2 (source) (29.47 kB)
ℹ Building docopt 0.7.2
✔ Built docopt 0.7.2 (2.3s)
✔ Installed docopt 0.7.2  (1.2s)
✔ 1 pkg: added 1, dld 1 (29.47 kB) [5.5s]
Installing doFuture...
 
→ Will install 1 package.
→ Will download 1 CRAN package (77.47 kB).
+ doFuture   1.1.3 [bld][dl] (77.47 kB)
  
ℹ Getting 1 pkg (77.47 kB)
✔ Got doFuture 1.1.3 (source) (77.47 kB)
ℹ Building doFuture 1.1.3
✔ Built doFuture 1.1.3 (2s)
✔ Installed doFuture 1.1.3  (316ms)
✔ 1 pkg + 9 deps: kept 9, added 1, dld 1 (77.47 kB) [4.2s]
Installing doMC...
 
→ Will install 1 package.
→ Will download 1 CRAN package (154.49 kB).
+ doMC   1.3.8 [bld][dl] (154.49 kB)
  
ℹ Getting 1 pkg (154.49 kB)
✔ Got doMC 1.3.8 (source) (154.49 kB)
ℹ Building doMC 1.3.8
✔ Built doMC 1.3.8 (1.1s)
✔ Installed doMC 1.3.8  (169ms)
✔ 1 pkg + 3 deps: kept 3, added 1, dld 1 (154.49 kB) [3.3s]
Installing doParallel...
 
  
ℹ No downloads are needed
✔ 1 pkg + 3 deps: kept 4 [1.2s]
Installing doRNG...
 
  
ℹ No downloads are needed
✔ 1 pkg + 5 deps: kept 6 [1.3s]
Installing DOSE...
 
→ Will install 3 packages.
→ All 3 packages (14.31 MB) are cached.
+ BH      1.90.0-1 [bld]
+ DOSE    4.4.0    [bld]
+ fgsea   1.36.0   [bld][cmp]
✔ All system requirements are already installed.
  
ℹ No downloads are needed, 3 pkgs (14.31 MB) are cached
✔ Installed BH 1.90.0-1  (1m 35.5s)
ℹ Building fgsea 1.36.0
✖ Failed to build fgsea 1.36.0 (646ms)
  FAILED: ! error in pak subprocess
Caused by error in `stop_task_build(state, worker)`:
! Failed to build source package fgsea.
Full installation output:
ERROR: dependency ‘BH’ is not available for package ‘fgsea’
Perhaps try a variation of:
install.packages('BH')
* removing ‘/tmp/Rtmpi03Sbd/pkg-lib1711e062c3a8ac/fgsea’
Installing doSNOW...
 
→ Will install 1 package.
→ Will download 1 CRAN package (8.09 kB).
+ doSNOW   1.0.20 [bld][dl] (8.09 kB)
  
ℹ Getting 1 pkg (8.09 kB)
✔ Got doSNOW 1.0.20 (source) (8.09 kB)
ℹ Building doSNOW 1.0.20
✔ Built doSNOW 1.0.20 (1.1s)
✔ Installed doSNOW 1.0.20  (158ms)
✔ 1 pkg + 4 deps: kept 4, added 1, dld 1 (8.09 kB) [4s]
Installing dotCall64...
 
  
ℹ No downloads are needed
✔ 1 pkg: kept 1 [1.2s]
Installing downlit...
 
  
ℹ No downloads are needed
✔ 1 pkg + 16 deps: kept 17 [1.5s]
Installing downloader...
 
→ Will install 1 package.
→ Will download 1 CRAN package (6.94 kB).
+ downloader   0.4.1 [bld][dl] (6.94 kB)
  
ℹ Getting 1 pkg (6.94 kB)
✔ Got downloader 0.4.1 (source) (6.94 kB)
ℹ Building downloader 0.4.1
✔ Built downloader 0.4.1 (973ms)
✔ Installed downloader 0.4.1  (126ms)
✔ 1 pkg + 1 dep: kept 1, added 1, dld 1 (6.94 kB) [3.2s]
Installing downloadthis...
 
→ Will install 2 packages.
→ Will download 1 CRAN package (31.48 kB), cached: 1 (1.65 MB).
+ bsplus         0.1.5 [bld][dl] (31.48 kB)
+ downloadthis   0.5.0 [bld]
✔ All system requirements are already installed.
  
ℹ Getting 1 pkg (31.48 kB), 1 (1.65 MB) cached
✔ Got bsplus 0.1.5 (source) (31.48 kB)
ℹ Building bsplus 0.1.5
✔ Built bsplus 0.1.5 (1.6s)
✔ Installed bsplus 0.1.5  (192ms)
ℹ Building downloadthis 0.5.0
✔ Built downloadthis 0.5.0 (1.4s)
✔ Installed downloadthis 0.5.0  (272ms)
✔ 1 pkg + 60 deps: kept 59, added 2, dld 1 (31.48 kB) [7.7s]
Installing dplyr...
 
  
ℹ No downloads are needed
✔ 1 pkg + 14 deps: kept 15 [3.9s]
Installing dqrng...
 
→ Will install 2 packages.
→ All 2 packages (14.57 MB) are cached.
+ BH      1.90.0-1 [bld]
+ dqrng   0.4.1    [bld][cmp]
  
ℹ No downloads are needed, 2 pkgs (14.57 MB) are cached
✔ Installed BH 1.90.0-1  (1m 29.7s)
ℹ Building dqrng 0.4.1
✖ Failed to build dqrng 0.4.1 (305ms)
  FAILED: ! error in pak subprocess
Caused by error in `stop_task_build(state, worker)`:
! Failed to build source package dqrng.
Full installation output:
ERROR: dependency ‘BH’ is not available for package ‘dqrng’
Perhaps try a variation of:
install.packages('BH')
* removing ‘/tmp/Rtmpi03Sbd/pkg-lib1711e01f716652/dqrng’
Installing drake...
 
→ Will install 2 packages.
→ Will download 2 CRAN packages (1.10 MB).
+ drake   7.13.11 [bld][dl] (1.09 MB)
+ txtq    0.2.4   [bld][dl] (13.27 kB)
✔ All system requirements are already installed.
  
ℹ Getting 2 pkgs (1.10 MB)
✔ Got txtq 0.2.4 (source) (13.27 kB)
✔ Got drake 7.13.11 (source) (1.09 MB)
ℹ Building txtq 0.2.4
✔ Built txtq 0.2.4 (1.6s)
✔ Installed txtq 0.2.4  (135ms)
ℹ Building drake 7.13.11
✔ Built drake 7.13.11 (9.3s)
✔ Installed drake 7.13.11  (366ms)
✔ 1 pkg + 19 deps: kept 18, added 2, dld 2 (1.10 MB) [14.3s]
