Installing packages from: /home/domeally/workspaces/vscode-rbioc/slurm_install/pkgs_001.txt
Target library: /packages/singularity/shared_cache/rbioc/rlibs/bioc-3.22
Installing abind...
ℹ Loading metadata database
✔ Loading metadata database ... done

 
  
ℹ No downloads are needed
✔ 1 pkg: kept 1 [3.1s]
Installing acepack...
 
  
ℹ No downloads are needed
✔ 1 pkg: kept 1 [702ms]
Installing actuar...
 
  
ℹ No downloads are needed
✔ 1 pkg + 1 dep: kept 2 [580ms]
Installing ade4...
 
  
ℹ No downloads are needed
✔ 1 pkg + 5 deps: kept 5 [586ms]
Installing adegenet...
 
✔ All system requirements are already installed.
  
ℹ No downloads are needed
✔ 1 pkg + 67 deps: kept 67 [1.4s]
Installing admisc...
 
  
ℹ No downloads are needed
✔ 1 pkg: kept 1 [535ms]
Installing AER...
 
✔ All system requirements are already installed.
  
ℹ No downloads are needed
✔ 1 pkg + 74 deps: kept 74 [1.4s]
Installing affy...
 
  
ℹ No downloads are needed
✔ 1 pkg + 6 deps: kept 7 [613ms]
Installing affyio...
 
  
ℹ No downloads are needed
✔ 1 pkg: kept 1 [507ms]
Installing airway...
 
  
ℹ No downloads are needed
✔ 1 pkg + 17 deps: kept 18 [874ms]
Installing akima...
 
  
ℹ No downloads are needed
✔ 1 pkg + 2 deps: kept 3 [594ms]
Installing alabaster.base...
 
→ Will install 4 packages.
→ All 4 packages (0 B) are cached.
+ alabaster.base   1.10.0 [bld][cmp] + ✔ make
+ rhdf5            2.54.1 [bld][cmp] + ✔ make
+ rhdf5filters     1.22.0 [bld][cmp] + ✔ make
+ Rhdf5lib         1.32.0 [bld][cmp] + ✔ make
✔ All system requirements are already installed.
  
ℹ No downloads are needed, 4 pkgs are cached
ℹ Building Rhdf5lib 1.32.0
✔ Built Rhdf5lib 1.32.0 (2m 25s)
✔ Installed Rhdf5lib 1.32.0  (1.3s)
ℹ Building rhdf5filters 1.22.0
✔ Built rhdf5filters 1.22.0 (7.7s)
✔ Installed rhdf5filters 1.22.0  (202ms)
ℹ Building rhdf5 2.54.1
✔ Built rhdf5 2.54.1 (8.8s)
✔ Installed rhdf5 2.54.1  (1.3s)
ℹ Building alabaster.base 1.10.0
✔ Built alabaster.base 1.10.0 (56.2s)
✔ Installed alabaster.base 1.10.0  (495ms)
✔ 1 pkg + 14 deps: kept 10, added 4 [3m 43.8s]
Installing alabaster.matrix...
 
→ Will install 2 packages.
→ All 2 packages (0 B) are cached.
+ alabaster.matrix   1.10.0 [bld][cmp]
+ HDF5Array          1.38.0 [bld] + ✔ make
✔ All system requirements are already installed.
  
ℹ No downloads are needed, 2 pkgs are cached
✔ Got alabaster.matrix 1.10.0 (source) (282.83 kB)
ℹ Building HDF5Array 1.38.0
✔ Built HDF5Array 1.38.0 (9.8s)
✔ Installed HDF5Array 1.38.0  (1.6s)
ℹ Building alabaster.matrix 1.10.0
✖ Failed to build alabaster.matrix 1.10.0 (6.4s)
  FAILED: ! error in pak subprocess
Caused by error in `stop_task_build(state, worker)`:
! Failed to build source package alabaster.matrix.
Full installation output:
* installing *source* package ‘alabaster.matrix’ ...
** this is package ‘alabaster.matrix’ version ‘1.10.0’
** package ‘alabaster.matrix’ successfully unpacked and MD5 sums checked
staged installation is only possible with locking
** using non-staged installation
** libs
using C++ compiler: ‘g++ (Ubuntu 13.3.0-6ubuntu2~24.04) 13.3.0’
g++ -std=gnu++17 -I"/usr/local/lib/R/include" -DNDEBUG  -I'/packages/singularity/shared_cache/rbioc/rlibs/bioc-3.22/Rcpp/include' -I/usr/local/include    -fpic  -g -O2 -fstack-protector-strong -Wformat -Werror=format-security -Wdate-time -D_FORTIFY_SOURCE=2 -g  -Wall -pedantic  -c RcppExports.cpp -o RcppExports.o
g++ -std=gnu++17 -I"/usr/local/lib/R/include" -DNDEBUG  -I'/packages/singularity/shared_cache/rbioc/rlibs/bioc-3.22/Rcpp/include' -I/usr/local/include    -fpic  -g -O2 -fstack-protector-strong -Wformat -Werror=format-security -Wdate-time -D_FORTIFY_SOURCE=2 -g  -Wall -pedantic  -c collect_attributes.cpp -o collect_attributes.o
g++ -std=gnu++17 -shared -L/usr/local/lib/R/lib -L/usr/local/lib -o alabaster.matrix.so RcppExports.o collect_attributes.o -L/usr/local/lib/R/lib -lR
installing to /tmp/RtmprLMv0X/pkg-lib1a76dd376b6dc6/alabaster.matrix/libs
** R
** inst
** byte-compile and prepare package for lazy loading
Warning: S3 methods ‘t.CSC_H5SparseMatrixSeed’, ‘t.CSR_H5SparseMatrixSeed’, ‘t.CSC_H5ADMatrixSeed’, ‘t.CSR_H5ADMatrixSeed’ were declared in NAMESPACE but not found
Error in namespaceExport(ns, exports) : 
  undefined exports: t.CSC_H5SparseMatrixSeed, t.CSR_H5SparseMatrixSeed, t.CSC_H5ADMatrixSeed, t.CSR_H5ADMatrixSeed, HDF5ArraySeed, HDF5Array, ReshapedHDF5ArraySeed, ReshapedHDF5Array, setHDF5DumpDir, getHDF5DumpDir, setHDF5DumpFile, getHDF5DumpFile, lsHDF5DumpFile, setHDF5DumpName, getHDF5DumpName, setHDF5DumpChunkLength, getHDF5DumpChunkLength, setHDF5DumpChunkShape, getHDF5DumpChunkShape, getHDF5DumpChunkDim, setHDF5DumpCompressionLevel, getHDF5DumpCompressionLevel, appendDatasetCreationToHDF5DumpLog, showHDF5DumpLog, HDF5RealizationSink, writeHDF5Array, saveHDF5SummarizedExperiment, loadHDF5SummarizedExperiment, quickResaveHDF5SummarizedExperiment, H5SparseMatrixSeed, H5SparseMatrix, H5ADMatrixSeed, H5ADMatrix, TENxMatrixSeed, TENxMatrix, TENxRealizationSink, writeTENxMatrix, extractNonzeroDataByCol, extractNonzeroDataByRow, shorten_assay2h5_links, restore_absolute_assay2h5_links, validate_HDF5ArraySeed_dataset_geometry, write_h5_assays, create_dir, replace_dir, check_and_de
Calls: <Anonymous> ... namespaceImportFrom -> asNamespace -> loadNamespace -> namespaceExport
Execution halted
ERROR: lazy loading failed for package ‘alabaster.matrix’
* removing ‘/tmp/RtmprLMv0X/pkg-lib1a76dd376b6dc6/alabaster.matrix’
Installing alabaster.ranges...
 
✔ All system requirements are already installed.
  
ℹ No downloads are needed
✔ 1 pkg + 17 deps: kept 17 [1s]
Installing alabaster.sce...
 
→ Will install 3 packages.
→ All 3 packages (0 B) are cached.
+ alabaster.matrix   1.10.0 [bld][cmp]
+ alabaster.sce      1.10.0 [bld]
+ alabaster.se       1.10.0 [bld]
✔ All system requirements are already installed.
  
ℹ No downloads are needed, 3 pkgs are cached
✔ Got alabaster.sce 1.10.0 (source) (226.14 kB)
ℹ Building alabaster.matrix 1.10.0
✔ Built alabaster.matrix 1.10.0 (13.1s)
✔ Installed alabaster.matrix 1.10.0  (151ms)
ℹ Building alabaster.se 1.10.0
✔ Built alabaster.se 1.10.0 (10.7s)
✔ Installed alabaster.se 1.10.0  (1.1s)
ℹ Building alabaster.sce 1.10.0
✔ Built alabaster.sce 1.10.0 (11.6s)
✔ Installed alabaster.sce 1.10.0  (1.1s)
✔ 1 pkg + 34 deps: kept 31, added 3, dld 1 (226.14 kB) [39.7s]
Installing alabaster.schemas...
 
  
ℹ No downloads are needed
✔ 1 pkg: kept 1 [684ms]
Installing alabaster.se...
 
✔ All system requirements are already installed.
  
ℹ No downloads are needed
✔ 1 pkg + 32 deps: kept 32 [971ms]
Installing ald...
 
  
ℹ No downloads are needed
✔ 1 pkg: kept 1 [518ms]
Installing ALL...
 
  
ℹ No downloads are needed
✔ 1 pkg + 3 deps: kept 4 [598ms]
Installing Amelia...
 
→ Will install 1 package.
→ Will download 1 CRAN package (1.57 MB).
+ Amelia   1.8.3 [bld][cmp][dl] (1.57 MB)
  
ℹ Getting 1 pkg (1.57 MB)
✔ Got Amelia 1.8.3 (source) (1.57 MB)
ℹ Building Amelia 1.8.3
✔ Built Amelia 1.8.3 (15.6s)
✔ Installed Amelia 1.8.3  (361ms)
✔ 1 pkg + 4 deps: kept 3, added 1, dld 1 (1.57 MB) [17.6s]
Installing anndata...
 
→ Will install 1 package.
→ Will download 1 CRAN package (206.57 kB).
+ anndata   0.8.0 [bld][dl] (206.57 kB)
✔ All system requirements are already installed.
  
ℹ Getting 1 pkg (206.57 kB)
✔ Got anndata 0.8.0 (source) (206.57 kB)
ℹ Building anndata 0.8.0
✔ Built anndata 0.8.0 (2.8s)
✔ Installed anndata 0.8.0  (161ms)
✔ 1 pkg + 17 deps: kept 16, added 1, dld 1 (206.57 kB) [4.5s]
Installing annotate...
 
✔ All system requirements are already installed.
  
ℹ No downloads are needed
✔ 1 pkg + 36 deps: kept 37 [998ms]
Installing AnnotationDbi...
 
✔ All system requirements are already installed.
  
ℹ No downloads are needed
✔ 1 pkg + 33 deps: kept 34 [1000ms]
Installing AnnotationFilter...
 
  
ℹ No downloads are needed
✔ 1 pkg + 7 deps: kept 8 [702ms]
Installing AnnotationForge...
 
✔ All system requirements are already installed.
  
ℹ No downloads are needed
✔ 1 pkg + 37 deps: kept 38 [1.1s]
Installing AnnotationHub...
 
✔ All system requirements are already installed.
  
ℹ No downloads are needed
✔ 1 pkg + 54 deps: kept 55 [1.4s]
Installing anytime...
 
→ Will install 2 packages.
→ Will download 1 CRAN package (201.69 kB), cached: 1 (14.31 MB).
+ anytime   0.3.12   [bld][cmp][dl] (201.69 kB)
+ BH        1.90.0-1 [bld]
  
ℹ Getting 1 pkg (201.69 kB), 1 (14.31 MB) cached
✔ Got anytime 0.3.12 (source) (201.69 kB)
✔ Installed BH 1.90.0-1  (2m 11.7s)
ℹ Building anytime 0.3.12
✖ Failed to build anytime 0.3.12 (158ms)
  FAILED: ! error in pak subprocess
Caused by error in `stop_task_build(state, worker)`:
! Failed to build source package anytime.
Full installation output:
ERROR: dependency ‘BH’ is not available for package ‘anytime’
Perhaps try a variation of:
install.packages('BH')
* removing ‘/tmp/RtmprLMv0X/pkg-lib1a76dd15426c64/anytime’
Installing aod...
 
→ Will install 1 package.
→ Will download 1 CRAN package (58.30 kB).
+ aod   1.3.3 [bld][dl] (58.30 kB)
  
ℹ Getting 1 pkg (58.30 kB)
✔ Got aod 1.3.3 (source) (58.30 kB)
ℹ Building aod 1.3.3
✔ Built aod 1.3.3 (1.8s)
✔ Installed aod 1.3.3  (1.2s)
✔ 1 pkg: added 1, dld 1 (58.30 kB) [4.6s]
Installing aorsf...
 
→ Will install 2 packages.
→ Will download 1 CRAN package (821.46 kB), cached: 1 (1.57 MB).
+ aorsf      0.1.6 [bld][cmp][dl] (821.46 kB)
+ collapse   2.1.5 [bld][cmp]
  
ℹ Getting 1 pkg (821.46 kB), 1 (1.57 MB) cached
✔ Got aorsf 0.1.6 (source) (821.46 kB)
ℹ Building collapse 2.1.5
✔ Built collapse 2.1.5 (1m 26.2s)
✔ Installed collapse 2.1.5  (480ms)
ℹ Building aorsf 0.1.6
✔ Built aorsf 0.1.6 (1m 7.7s)
✔ Installed aorsf 0.1.6  (399ms)
✔ 1 pkg + 9 deps: kept 7, added 2, dld 1 (821.46 kB) [2m 36.5s]
Installing ape...
 
  
ℹ No downloads are needed
✔ 1 pkg + 4 deps: kept 4 [1.1s]
Installing apeglm...
 
→ Will install 3 packages.
→ Will download 2 CRAN packages (255.31 kB), cached: 1 (0 B).
+ apeglm          1.32.0 [bld][cmp]
+ emdbook         1.3.14 [bld][dl] (89.93 kB)
+ RcppNumerical   0.6-0  [bld][cmp][dl] (165.38 kB)
  
ℹ Getting 2 pkgs (255.31 kB), 1 cached
✔ Got emdbook 1.3.14 (source) (89.93 kB)
✔ Got RcppNumerical 0.6-0 (source) (165.38 kB)
✔ Got apeglm 1.32.0 (source) (1.26 MB)
ℹ Building emdbook 1.3.14
ℹ Building RcppNumerical 0.6-0
✔ Built emdbook 1.3.14 (2.7s)
✔ Installed emdbook 1.3.14  (1.2s)
✔ Built RcppNumerical 0.6-0 (15.7s)
✔ Installed RcppNumerical 0.6-0  (261ms)
ℹ Building apeglm 1.32.0
✔ Built apeglm 1.32.0 (30.2s)
✔ Installed apeglm 1.32.0  (249ms)
✔ 1 pkg + 28 deps: kept 25, added 3, dld 3 (1.52 MB) [48.4s]
Installing aplot...
 
✔ All system requirements are already installed.
  
ℹ No downloads are needed
✔ 1 pkg + 32 deps: kept 33 [1.1s]
Installing archive...
 
✔ All system requirements are already installed.
  
ℹ No downloads are needed
✔ 1 pkg + 10 deps: kept 11 [757ms]
Installing aroma.light...
 
  
ℹ No downloads are needed
✔ 1 pkg + 4 deps: kept 5 [683ms]
Installing arrow...
 
✔ All system requirements are already installed.
  
ℹ No downloads are needed
✔ 1 pkg + 13 deps: kept 14 [828ms]
Installing ash...
 
  
ℹ No downloads are needed
✔ 1 pkg: kept 1 [577ms]
Installing ashr...
 
→ Will install 3 packages.
→ Will download 3 CRAN packages (949.07 kB).
+ ashr        2.2-63 [bld][cmp][dl] (935.12 kB)
+ etrunct     0.1    [bld][dl] (2.32 kB)
+ truncnorm   1.0-9  [bld][cmp][dl] (11.63 kB)
  
ℹ Getting 3 pkgs (949.07 kB)
✔ Got etrunct 0.1 (source) (2.32 kB)
✔ Got truncnorm 1.0-9 (source) (11.63 kB)
✔ Got ashr 2.2-63 (source) (935.12 kB)
ℹ Building etrunct 0.1
ℹ Building truncnorm 1.0-9
✔ Built etrunct 0.1 (547ms)
✔ Installed etrunct 0.1  (1.1s)
✔ Built truncnorm 1.0-9 (1.7s)
✔ Installed truncnorm 1.0-9  (138ms)
ℹ Building ashr 2.2-63
✔ Built ashr 2.2-63 (8.7s)
✔ Installed ashr 2.2-63  (156ms)
✔ 1 pkg + 9 deps: kept 6, added 3, dld 3 (949.07 kB) [12.9s]
Installing AsioHeaders...
 
  
ℹ No downloads are needed
✔ 1 pkg: kept 1 [696ms]
Installing askpass...
 
  
ℹ No downloads are needed
✔ 1 pkg + 1 dep: kept 2 [637ms]
Installing assert...
 
→ Will install 1 package.
→ Will download 1 CRAN package (2.21 kB).
+ assert   1.0.1 [bld][dl] (2.21 kB)
  
ℹ Getting 1 pkg (2.21 kB)
✔ Got assert 1.0.1 (source) (2.21 kB)
ℹ Building assert 1.0.1
✔ Built assert 1.0.1 (535ms)
✔ Installed assert 1.0.1  (109ms)
✔ 1 pkg: added 1, dld 1 (2.21 kB) [2s]
Installing assertthat...
 
  
ℹ No downloads are needed
✔ 1 pkg: kept 1 [645ms]
Installing attempt...
 
→ Will install 1 package.
→ Will download 1 CRAN package (79.26 kB).
+ attempt   0.3.1 [bld][dl] (79.26 kB)
  
ℹ Getting 1 pkg (79.26 kB)
✔ Got attempt 0.3.1 (source) (79.26 kB)
ℹ Building attempt 0.3.1
✔ Built attempt 0.3.1 (850ms)
✔ Installed attempt 0.3.1  (168ms)
✔ 1 pkg + 1 dep: kept 1, added 1, dld 1 (79.26 kB) [2.6s]
Installing AUC...
 
→ Will install 1 package.
→ Will download 1 CRAN package (13.20 kB).
+ AUC   0.3.2 [bld][dl] (13.20 kB)
  
ℹ Getting 1 pkg (13.20 kB)
✔ Got AUC 0.3.2 (source) (13.20 kB)
ℹ Building AUC 0.3.2
✔ Built AUC 0.3.2 (627ms)
✔ Installed AUC 0.3.2  (112ms)
✔ 1 pkg: added 1, dld 1 (13.20 kB) [2.1s]
Installing AUCell...
 
→ Will install 1 package.
→ The package (0 B) is cached.
+ AUCell   1.32.0 [bld]
✔ All system requirements are already installed.
  
ℹ No downloads are needed, 1 pkg is cached
✔ Got AUCell 1.32.0 (source) (1.97 MB)
ℹ Building AUCell 1.32.0
✔ Built AUCell 1.32.0 (12.8s)
✔ Installed AUCell 1.32.0  (208ms)
✔ 1 pkg + 105 deps: kept 104, added 1, dld 1 (1.97 MB) [15.9s]
Installing audio...
 
  
ℹ No downloads are needed
✔ 1 pkg: kept 1 [659ms]
Installing autometric...
 
→ Will install 1 package.
→ Will download 1 CRAN package (168.50 kB).
+ autometric   0.1.2 [bld][cmp][dl] (168.50 kB)
  
ℹ Getting 1 pkg (168.50 kB)
✔ Got autometric 0.1.2 (source) (168.50 kB)
ℹ Building autometric 0.1.2
✔ Built autometric 0.1.2 (1s)
✔ Installed autometric 0.1.2  (182ms)
✔ 1 pkg: added 1, dld 1 (168.50 kB) [2.7s]
Installing aws.ec2metadata...
 
→ Will install 1 package.
→ Will download 1 CRAN package (5.36 kB).
+ aws.ec2metadata   0.2.0 [bld][dl] (5.36 kB)
✔ All system requirements are already installed.
  
ℹ Getting 1 pkg (5.36 kB)
✔ Got aws.ec2metadata 0.2.0 (source) (5.36 kB)
ℹ Building aws.ec2metadata 0.2.0
✔ Built aws.ec2metadata 0.2.0 (1.6s)
✔ Installed aws.ec2metadata 0.2.0  (108ms)
✔ 1 pkg + 2 deps: kept 2, added 1, dld 1 (5.36 kB) [3.1s]
Installing aws.s3...
 
→ Will install 2 packages.
→ Will download 2 CRAN packages (85.58 kB).
+ aws.s3          0.3.22 [bld][dl] (57.01 kB)
+ aws.signature   0.6.0  [bld][dl] (28.57 kB)
✔ All system requirements are already installed.
  
ℹ Getting 2 pkgs (85.58 kB)
✔ Got aws.signature 0.6.0 (source) (28.57 kB)
✔ Got aws.s3 0.3.22 (source) (57.01 kB)
ℹ Building aws.signature 0.6.0
✔ Built aws.signature 0.6.0 (1.8s)
✔ Installed aws.signature 0.6.0  (109ms)
ℹ Building aws.s3 0.3.22
✔ Built aws.s3 0.3.22 (3.5s)
✔ Installed aws.s3 0.3.22  (122ms)
✔ 1 pkg + 14 deps: kept 13, added 2, dld 2 (85.58 kB) [7.7s]
Installing aws.signature...
 
  
ℹ No downloads are needed
✔ 1 pkg + 2 deps: kept 3 [691ms]
Installing AzureAuth...
 
✔ All system requirements are already installed.
  
ℹ No downloads are needed
✔ 1 pkg + 10 deps: kept 11 [770ms]
Installing AzureCosmosR...
 
→ Will install 2 packages.
→ Will download 2 CRAN packages (285.10 kB).
+ AzureCosmosR   1.0.0 [bld][dl] (93.01 kB)
+ AzureRMR       2.4.5 [bld][dl] (192.08 kB)
✔ All system requirements are already installed.
  
ℹ Getting 2 pkgs (285.10 kB)
✔ Got AzureCosmosR 1.0.0 (source) (93.01 kB)
✔ Got AzureRMR 2.4.5 (source) (192.08 kB)
ℹ Building AzureRMR 2.4.5
✔ Built AzureRMR 2.4.5 (2.5s)
✔ Installed AzureRMR 2.4.5  (164ms)
ℹ Building AzureCosmosR 1.0.0
✔ Built AzureCosmosR 1.0.0 (1.2s)
✔ Installed AzureCosmosR 1.0.0  (139ms)
✔ 1 pkg + 19 deps: kept 18, added 2, dld 2 (285.10 kB) [5.8s]
Installing AzureGraph...
 
✔ All system requirements are already installed.
  
ℹ No downloads are needed
✔ 1 pkg + 11 deps: kept 12 [802ms]
Installing AzureRMR...
 
✔ All system requirements are already installed.
  
ℹ No downloads are needed
✔ 1 pkg + 13 deps: kept 14 [952ms]
Installing AzureStor...
 
→ Will install 1 package.
→ Will download 1 CRAN package (258.64 kB).
+ AzureStor   3.7.1 [bld][dl] (258.64 kB)
✔ All system requirements are already installed.
  
ℹ Getting 1 pkg (258.64 kB)
✔ Got AzureStor 3.7.1 (source) (258.64 kB)
ℹ Building AzureStor 3.7.1
✔ Built AzureStor 3.7.1 (2s)
✔ Installed AzureStor 3.7.1  (150ms)
✔ 1 pkg + 20 deps: kept 20, added 1, dld 1 (258.64 kB) [3.5s]
Installing AzureTableStor...
 
→ Will install 1 package.
→ Will download 1 CRAN package (65.52 kB).
+ AzureTableStor   1.0.0 [bld][dl] (65.52 kB)
✔ All system requirements are already installed.
  
ℹ Getting 1 pkg (65.52 kB)
✔ Got AzureTableStor 1.0.0 (source) (65.52 kB)
ℹ Building AzureTableStor 1.0.0
✔ Built AzureTableStor 1.0.0 (776ms)
✔ Installed AzureTableStor 1.0.0  (1.1s)
✔ 1 pkg + 21 deps: kept 21, added 1, dld 1 (65.52 kB) [3.8s]
Installing b64...
 
→ Will install 1 package.
→ Will download 1 CRAN package (1.05 MB).
+ b64   0.1.7 [bld][cmp][dl] (1.05 MB) + ✔ rustc, ✔ cargo, ✔ xz-utils
✔ All system requirements are already installed.
  
ℹ Getting 1 pkg (1.05 MB)
✔ Got b64 0.1.7 (source) (1.05 MB)
ℹ Building b64 0.1.7
✔ Built b64 0.1.7 (25.6s)
✔ Installed b64 0.1.7  (163ms)
✔ 1 pkg: added 1, dld 1 (1.05 MB) [27.3s]
Installing babelgene...
 
  
ℹ No downloads are needed
✔ 1 pkg + 15 deps: kept 16 [948ms]
Installing babelwhale...
 
✔ All system requirements are already installed.
  
ℹ No downloads are needed
✔ 1 pkg + 31 deps: kept 31 [1s]
Installing backports...
 
  
ℹ No downloads are needed
✔ 1 pkg: kept 1 [667ms]
Installing base64...
 
→ Will install 1 package.
→ Will download 1 CRAN package (52.52 kB).
+ base64   2.0.2 [bld][dl] (52.52 kB)
✔ All system requirements are already installed.
  
ℹ Getting 1 pkg (52.52 kB)
✔ Got base64 2.0.2 (source) (52.52 kB)
ℹ Building base64 2.0.2
✔ Built base64 2.0.2 (590ms)
✔ Installed base64 2.0.2  (106ms)
✔ 1 pkg + 3 deps: kept 3, added 1, dld 1 (52.52 kB) [2.5s]
Installing base64enc...
 
  
ℹ No downloads are needed
✔ 1 pkg: kept 1 [672ms]
Installing base64url...
 
→ Will install 1 package.
→ Will download 1 CRAN package (15.87 kB).
+ base64url   1.4 [bld][cmp][dl] (15.87 kB)
  
ℹ Getting 1 pkg (15.87 kB)
✔ Got base64url 1.4 (source) (15.87 kB)
ℹ Building base64url 1.4
✔ Built base64url 1.4 (799ms)
✔ Installed base64url 1.4  (130ms)
✔ 1 pkg + 1 dep: kept 1, added 1, dld 1 (15.87 kB) [2.3s]
Installing basilisk...
 
✔ All system requirements are already installed.
  
ℹ No downloads are needed
✔ 1 pkg + 14 deps: kept 14 [847ms]
Installing basilisk.utils...
 
→ Will install 1 package.
→ The package (0 B) is cached.
+ basilisk.utils   1.22.0 [bld]
  
ℹ No downloads are needed, 1 pkg is cached
✔ Got basilisk.utils 1.22.0 (source) (235.18 kB)
ℹ Building basilisk.utils 1.22.0
✔ Built basilisk.utils 1.22.0 (733ms)
✔ Installed basilisk.utils 1.22.0  (1.1s)
✔ 1 pkg + 2 deps: kept 2, added 1, dld 1 (235.18 kB) [3.3s]
Installing batchelor...
 
→ Will install 2 packages.
→ All 2 packages (0 B) are cached.
+ batchelor   1.26.0 [bld][cmp]
+ scuttle     1.20.0 [bld][cmp]
✔ All system requirements are already installed.
  
ℹ No downloads are needed, 2 pkgs are cached
✔ Got batchelor 1.26.0 (source) (2.05 MB)
ℹ Building scuttle 1.20.0
✔ Built scuttle 1.20.0 (38.7s)
✔ Installed scuttle 1.20.0  (274ms)
ℹ Building batchelor 1.26.0
✔ Built batchelor 1.26.0 (19.8s)
✔ Installed batchelor 1.26.0  (201ms)
✔ 1 pkg + 44 deps: kept 42, added 2, dld 1 (2.05 MB) [1m 1.8s]
Installing batchtools...
 
→ Will install 1 package.
→ Will download 1 CRAN package (720.34 kB).
+ batchtools   0.9.18 [bld][cmp][dl] (720.34 kB)
✔ All system requirements are already installed.
  
ℹ Getting 1 pkg (720.34 kB)
✔ Got batchtools 0.9.18 (source) (720.34 kB)
ℹ Building batchtools 0.9.18
✔ Built batchtools 0.9.18 (4.1s)
✔ Installed batchtools 0.9.18  (188ms)
✔ 1 pkg + 21 deps: kept 21, added 1, dld 1 (720.34 kB) [6.3s]
Installing bayesm...
 
→ Will install 1 package.
→ Will download 1 CRAN package (2.22 MB).
+ bayesm   3.1-7 [bld][cmp][dl] (2.22 MB)
  
ℹ Getting 1 pkg (2.22 MB)
✔ Got bayesm 3.1-7 (source) (2.22 MB)
ℹ Building bayesm 3.1-7
✔ Built bayesm 3.1-7 (3m 16.2s)
✔ Installed bayesm 3.1-7  (558ms)
✔ 1 pkg + 2 deps: kept 1, added 1, dld 1 (2.22 MB) [3m 18.6s]
Installing bayesplot...
 
✔ All system requirements are already installed.
  
ℹ No downloads are needed
✔ 1 pkg + 40 deps: kept 40 [1.7s]
Installing bayestestR...
 
  
ℹ No downloads are needed
✔ 1 pkg + 2 deps: kept 3 [797ms]
Installing BayesX...
 
→ Will install 2 packages.
→ Will download 2 CRAN packages (1.42 MB).
+ BayesX       0.3-3 [bld][dl] (1.41 MB)
+ shapefiles   0.7.2 [bld][dl] (10.96 kB)
✖ Missing 1 system package. You'll probably need to install it manually:
+ libabsl-dev  - s2
ℹ Getting 2 pkgs (1.42 MB)
✔ Got shapefiles 0.7.2 (source) (10.96 kB)
✔ Got BayesX 0.3-3 (source) (1.41 MB)
ℹ Building shapefiles 0.7.2
✔ Built shapefiles 0.7.2 (800ms)
✔ Installed shapefiles 0.7.2  (100ms)
ℹ Building BayesX 0.3-3
✔ Built BayesX 0.3-3 (2.7s)
✔ Installed BayesX 0.3-3  (312ms)
✔ 1 pkg + 21 deps: kept 19, added 2, dld 2 (1.42 MB) [5.6s]
Installing BBmisc...
 
  
ℹ No downloads are needed
✔ 1 pkg + 3 deps: kept 4 [760ms]
Installing bbmle...
 
  
ℹ No downloads are needed
✔ 1 pkg + 6 deps: kept 7 [1s]
Installing bdsmatrix...
 
  
ℹ No downloads are needed
✔ 1 pkg: kept 1 [663ms]
