Installing packages from: /home/domeally/workspaces/vscode-rbioc/slurm_install/pkgs_017.txt
Target library: /packages/singularity/shared_cache/rbioc/rlibs/bioc-3.22
Installing shinydashboard...
ℹ Loading metadata database
✔ Loading metadata database ... done

 
→ Will install 1 package.
→ Will download 1 CRAN package (235.50 kB).
+ shinydashboard   0.7.3 [bld][dl] (235.50 kB)
✔ All system requirements are already installed.
  
ℹ Getting 1 pkg (235.50 kB)
✔ Got shinydashboard 0.7.3 (source) (235.50 kB)
ℹ Building shinydashboard 0.7.3
✔ Built shinydashboard 0.7.3 (1.5s)
✔ Installed shinydashboard 0.7.3  (225ms)
✔ 1 pkg + 30 deps: kept 29, added 1, dld 1 (235.50 kB) [6.6s]
Installing shinydisconnect...
 
→ Will install 2 packages.
→ Will download 1 CRAN package (234.27 kB), cached: 1 (261.48 kB).
+ checkmate         2.3.3 [bld][cmp]
+ shinydisconnect   0.1.1 [bld][dl] (234.27 kB)
✔ All system requirements are already installed.
  
ℹ Getting 1 pkg (234.27 kB), 1 (261.48 kB) cached
✔ Got shinydisconnect 0.1.1 (source) (234.27 kB)
ℹ Building checkmate 2.3.3
✔ Built checkmate 2.3.3 (3.5s)
✔ Installed checkmate 2.3.3  (270ms)
ℹ Building shinydisconnect 0.1.1
✔ Built shinydisconnect 0.1.1 (609ms)
✔ Installed shinydisconnect 0.1.1  (173ms)
✔ 1 pkg + 32 deps: kept 30, added 2, dld 1 (234.27 kB) [6.8s]
Installing shinyjs...
 
→ Will install 1 package.
→ The package (1.02 MB) is cached.
+ shinyjs   2.1.0 [bld]
✔ All system requirements are already installed.
  
ℹ No downloads are needed, 1 pkg (1.02 MB) is cached
ℹ Building shinyjs 2.1.0
✔ Built shinyjs 2.1.0 (937ms)
✔ Installed shinyjs 2.1.0  (269ms)
✔ 1 pkg + 30 deps: kept 29, added 1 [2.4s]
Installing shinylive...
 
→ Will install 18 packages.
→ Will download 14 CRAN packages (3.05 MB), cached: 4 (1.58 MB).
+ archive      1.1.12.1 [bld][cmp][dl] (144.96 kB) + ✔ libarchive-dev
+ callr        3.7.6    [bld]
+ filelock     1.0.3    [bld][cmp][dl] (15.44 kB)
+ gh           1.5.0    [bld][dl] (46.37 kB)
+ gitcreds     0.1.2    [bld][dl] (62.57 kB) + ✔ git
+ hms          1.1.4    [bld][dl] (44.79 kB)
+ httr2        1.2.2    [bld][dl] (277.33 kB)
+ ini          0.3.1    [bld][dl] (3.49 kB)
+ lpSolve      5.6.23   [bld][cmp][dl] (467.59 kB)
+ pkgbuild     1.4.8    [bld]
+ pkgcache     2.2.4    [bld][cmp][dl] (292.44 kB)
+ pkgdepends   0.9.0    [bld][cmp][dl] (1.49 MB)
+ processx     3.8.6    [bld][cmp]
+ progress     1.2.3    [bld][dl] (30.50 kB)
+ renv         1.1.5    [bld]
+ shinylive    0.3.0    [bld][dl] (30.60 kB)
+ whisker      0.4.1    [bld][dl] (28.59 kB)
+ zip          2.3.3    [bld][cmp][dl] (115.47 kB)
✔ All system requirements are already installed.
  
ℹ Getting 14 pkgs (3.05 MB), 4 (1.58 MB) cached
✔ Got archive 1.1.12.1 (source) (144.96 kB)
✔ Got filelock 1.0.3 (source) (15.44 kB)
✔ Got gh 1.5.0 (source) (46.37 kB)
✔ Got ini 0.3.1 (source) (3.49 kB)
✔ Got progress 1.2.3 (source) (30.50 kB)
✔ Got pkgdepends 0.9.0 (source) (1.49 MB)
✔ Got whisker 0.4.1 (source) (28.59 kB)
✔ Got shinylive 0.3.0 (source) (30.60 kB)
✔ Got pkgcache 2.2.4 (source) (292.44 kB)
✔ Got lpSolve 5.6.23 (source) (467.59 kB)
✔ Got hms 1.1.4 (source) (44.79 kB)
✔ Got httr2 1.2.2 (source) (277.33 kB)
✔ Got zip 2.3.3 (source) (115.47 kB)
✔ Got gitcreds 0.1.2 (source) (62.57 kB)
ℹ Building archive 1.1.12.1
ℹ Building filelock 1.0.3
ℹ Building gitcreds 0.1.2
ℹ Building hms 1.1.4
ℹ Building httr2 1.2.2
ℹ Building ini 0.3.1
ℹ Building lpSolve 5.6.23
ℹ Building processx 3.8.6
ℹ Building renv 1.1.5
ℹ Building whisker 0.4.1
ℹ Building zip 2.3.3
✔ Built ini 0.3.1 (2s)
✔ Built gitcreds 0.1.2 (2.2s)
✔ Installed ini 0.3.1  (177ms)
✔ Built whisker 0.4.1 (2.2s)
✔ Built filelock 1.0.3 (2.6s)
✔ Installed gitcreds 0.1.2  (265ms)
✔ Installed whisker 0.4.1  (280ms)
✔ Installed filelock 1.0.3  (211ms)
✔ Built hms 1.1.4 (3.2s)
✔ Installed hms 1.1.4  (168ms)
ℹ Building progress 1.2.3
✔ Built progress 1.2.3 (2.8s)
✔ Installed progress 1.2.3  (163ms)
✔ Built httr2 1.2.2 (7.5s)
✔ Installed httr2 1.2.2  (201ms)
ℹ Building gh 1.5.0
✔ Built processx 3.8.6 (9.1s)
✔ Installed processx 3.8.6  (339ms)
ℹ Building callr 3.7.6
✔ Built gh 1.5.0 (3s)
✔ Installed gh 1.5.0  (192ms)
✔ Built zip 2.3.3 (12.5s)
✔ Installed zip 2.3.3  (155ms)
✔ Built callr 3.7.6 (3.7s)
✔ Built renv 1.1.5 (13.5s)
✔ Installed callr 3.7.6  (416ms)
ℹ Building pkgbuild 1.4.8
✔ Installed renv 1.1.5  (619ms)
ℹ Building pkgcache 2.2.4
✔ Built pkgbuild 1.4.8 (1.9s)
✔ Installed pkgbuild 1.4.8  (202ms)
✔ Built archive 1.1.12.1 (17s)
✔ Installed archive 1.1.12.1  (156ms)
✔ Built lpSolve 5.6.23 (20.2s)
✔ Installed lpSolve 5.6.23  (135ms)
✔ Built pkgcache 2.2.4 (6.3s)
✔ Installed pkgcache 2.2.4  (146ms)
ℹ Building pkgdepends 0.9.0
✔ Built pkgdepends 0.9.0 (18.9s)
✔ Installed pkgdepends 0.9.0  (783ms)
ℹ Building shinylive 0.3.0
✔ Built shinylive 0.3.0 (1s)
✔ Installed shinylive 0.3.0  (111ms)
✔ 1 pkg + 41 deps: kept 24, added 18, dld 14 (3.05 MB) [45s]
Installing shinystan...
 
→ Will install 5 packages.
→ All 5 packages (21.28 MB) are cached.
+ BH            1.90.0-1 [bld]
+ QuickJSR      1.8.1    [bld][cmp] + ✔ make
+ rstan         2.32.7   [bld][cmp] + ✔ make, ✔ pandoc
+ shinystan     2.7.0    [bld]
+ StanHeaders   2.32.10  [bld][cmp] + ✔ make, ✔ pandoc
✔ All system requirements are already installed.
  
ℹ No downloads are needed, 5 pkgs (21.28 MB) are cached
ℹ Building StanHeaders 2.32.10
✔ Installed QuickJSR 1.8.1  (1.5s)
✔ Built StanHeaders 2.32.10 (15.2s)
✔ Installed StanHeaders 2.32.10  (13.3s)
✔ Installed BH 1.90.0-1  (5m 40s)
ℹ Building rstan 2.32.7
✖ Failed to build rstan 2.32.7 (401ms)
  FAILED: ! error in pak subprocess
Caused by error in `stop_task_build(state, worker)`:
! Failed to build source package rstan.
Full installation output:
ERROR: dependency ‘BH’ is not available for package ‘rstan’
Perhaps try a variation of:
install.packages('BH')
* removing ‘/tmp/RtmpmzikIt/pkg-lib3fa1be493ccfb2/rstan’
Installing shinytest...
 
→ Will install 5 packages.
→ Will download 5 CRAN packages (335.92 kB).
+ debugme     1.2.0 [bld][dl] (14.21 kB)
+ parsedate   1.3.2 [bld][cmp][dl] (19.98 kB)
+ shinytest   1.6.1 [bld][dl] (233.26 kB)
+ showimage   1.0.0 [bld][dl] (3.44 kB)
+ webdriver   1.0.6 [bld][dl] (65.02 kB)
✔ All system requirements are already installed.
  
ℹ Getting 5 pkgs (335.92 kB)
✔ Got parsedate 1.3.2 (source) (19.98 kB)
✔ Got debugme 1.2.0 (source) (14.21 kB)
✔ Got showimage 1.0.0 (source) (3.44 kB)
✔ Got webdriver 1.0.6 (source) (65.02 kB)
✔ Got shinytest 1.6.1 (source) (233.26 kB)
ℹ Building debugme 1.2.0
ℹ Building parsedate 1.3.2
ℹ Building showimage 1.0.0
✔ Built showimage 1.0.0 (661ms)
✔ Built debugme 1.2.0 (1s)
✔ Installed showimage 1.0.0  (122ms)
✔ Built parsedate 1.3.2 (1.1s)
✔ Installed debugme 1.2.0  (123ms)
ℹ Building webdriver 1.0.6
✔ Installed parsedate 1.3.2  (108ms)
✔ Built webdriver 1.0.6 (1.8s)
✔ Installed webdriver 1.0.6  (121ms)
ℹ Building shinytest 1.6.1
✔ Built shinytest 1.6.1 (2.7s)
✔ Installed shinytest 1.6.1  (1.3s)
✔ 1 pkg + 65 deps: kept 60, added 5, dld 5 (335.92 kB) [10.5s]
Installing shinytest2...
 
→ Will install 4 packages.
→ Will download 4 CRAN packages (6.28 MB).
+ AsioHeaders   1.30.2-1 [bld][dl] (699.60 kB)
+ chromote      0.5.1    [bld][dl] (298.11 kB) + ✖ chromium
+ shinytest2    0.4.1    [bld][cmp][dl] (5.08 MB)
+ websocket     1.4.4    [bld][cmp][dl] (201.85 kB) + ✔ make, ✔ libssl-dev
✖ Missing 1 system package. You'll probably need to install it manually:
+ chromium  - chromote
ℹ Getting 4 pkgs (6.28 MB)
✔ Got chromote 0.5.1 (source) (298.11 kB)
✔ Got websocket 1.4.4 (source) (201.85 kB)
✔ Got AsioHeaders 1.30.2-1 (source) (699.60 kB)
✔ Got shinytest2 0.4.1 (source) (5.08 MB)
ℹ Building AsioHeaders 1.30.2-1
✔ Built AsioHeaders 1.30.2-1 (1.1s)
✔ Installed AsioHeaders 1.30.2-1  (3.4s)
ℹ Building websocket 1.4.4
✔ Built websocket 1.4.4 (33.5s)
✔ Installed websocket 1.4.4  (1.2s)
ℹ Building chromote 0.5.1
✔ Built chromote 0.5.1 (3.2s)
✔ Installed chromote 0.5.1  (276ms)
ℹ Building shinytest2 0.4.1
✔ Built shinytest2 0.4.1 (4.2s)
✔ Installed shinytest2 0.4.1  (358ms)
✔ 1 pkg + 65 deps: kept 61, added 4, dld 4 (6.28 MB) [50.3s]
Installing shinythemes...
 
✔ All system requirements are already installed.
  
ℹ No downloads are needed
✔ 1 pkg + 30 deps: kept 30 [1.1s]
Installing shinytoastr...
 
→ Will install 1 package.
→ Will download 1 CRAN package (65.14 kB).
+ shinytoastr   2.2.0 [bld][dl] (65.14 kB)
✔ All system requirements are already installed.
  
ℹ Getting 1 pkg (65.14 kB)
✔ Got shinytoastr 2.2.0 (source) (65.14 kB)
ℹ Building shinytoastr 2.2.0
✔ Built shinytoastr 2.2.0 (1.1s)
✔ Installed shinytoastr 2.2.0  (1.1s)
✔ 1 pkg + 30 deps: kept 29, added 1, dld 1 (65.14 kB) [3.5s]
Installing shinyWidgets...
 
✔ All system requirements are already installed.
  
ℹ No downloads are needed
✔ 1 pkg + 30 deps: kept 30 [997ms]
Installing ShortRead...
 
✔ All system requirements are already installed.
  
ℹ No downloads are needed
✔ 1 pkg + 40 deps: kept 40 [1.1s]
Installing showimage...
 
✔ All system requirements are already installed.
  
ℹ No downloads are needed
✔ 1 pkg + 1 dep: kept 2 [632ms]
Installing showtext...
 
→ Will install 3 packages.
→ Will download 3 CRAN packages (3.68 MB).
+ showtext     0.9-7 [bld][cmp][dl] (442.53 kB) + ✔ libfreetype6-dev, ✔ libpng-dev, ✔ zlib1g-dev
+ showtextdb   3.0   [bld][dl] (1.99 MB)
+ sysfonts     0.8.9 [bld][cmp][dl] (1.25 MB) + ✔ libfreetype6-dev, ✔ libpng-dev, ✔ zlib1g-dev
✔ All system requirements are already installed.
  
ℹ Getting 3 pkgs (3.68 MB)
✔ Got showtext 0.9-7 (source) (442.53 kB)
✔ Got sysfonts 0.8.9 (source) (1.25 MB)
✔ Got showtextdb 3.0 (source) (1.99 MB)
ℹ Building sysfonts 0.8.9
✔ Built sysfonts 0.8.9 (1.6s)
✔ Installed sysfonts 0.8.9  (181ms)
ℹ Building showtextdb 3.0
✔ Built showtextdb 3.0 (794ms)
✔ Installed showtextdb 3.0  (137ms)
ℹ Building showtext 0.9-7
✔ Built showtext 0.9-7 (1.9s)
✔ Installed showtext 0.9-7  (140ms)
✔ 1 pkg + 2 deps: added 3, dld 3 (3.68 MB) [6.8s]
Installing showtextdb...
 
✔ All system requirements are already installed.
  
ℹ No downloads are needed
✔ 1 pkg + 1 dep: kept 2 [671ms]
Installing Signac...
 
→ Will install 2 packages.
→ Will download 2 CRAN packages (3.94 MB).
+ RcppRoll   0.3.1  [bld][cmp][dl] (9.67 kB)
+ Signac     1.16.0 [bld][cmp][dl] (3.93 MB)
✔ All system requirements are already installed.
  
ℹ Getting 2 pkgs (3.94 MB)
✔ Got RcppRoll 0.3.1 (source) (9.67 kB)
✔ Got Signac 1.16.0 (source) (3.93 MB)
ℹ Building RcppRoll 0.3.1
✔ Built RcppRoll 0.3.1 (8.2s)
✔ Installed RcppRoll 0.3.1  (1.1s)
ℹ Building Signac 1.16.0
✔ Built Signac 1.16.0 (27.4s)
✔ Installed Signac 1.16.0  (309ms)
✔ 1 pkg + 74 deps: kept 72, added 2, dld 2 (3.94 MB) [41s]
Installing signal...
 
→ Will install 1 package.
→ Will download 1 CRAN package (1.96 MB).
+ signal   1.8-1 [bld][cmp][dl] (1.96 MB)
  
ℹ Getting 1 pkg (1.96 MB)
✔ Got signal 1.8-1 (source) (1.96 MB)
ℹ Building signal 1.8-1
✔ Built signal 1.8-1 (2.2s)
✔ Installed signal 1.8-1  (1.1s)
✔ 1 pkg + 1 dep: kept 1, added 1, dld 1 (1.96 MB) [4.7s]
Installing simplifyEnrichment...
 
→ Will install 8 packages.
→ Will download 5 CRAN packages (1.62 MB), cached: 3 (14.31 MB).
+ BH                   1.90.0-1 [bld]
+ NLP                  0.3-2    [bld][dl] (148.82 kB)
+ Polychrome           1.5.4    [bld][dl] (621.50 kB)
+ scatterplot3d        0.3-44   [bld][dl] (475.70 kB)
+ simona               1.8.0    [bld][cmp]
+ simplifyEnrichment   2.4.0    [bld]
+ slam                 0.1-55   [bld][cmp][dl] (55.02 kB)
+ tm                   0.7-17   [bld][cmp][dl] (322.14 kB)
✔ All system requirements are already installed.
  
ℹ Getting 5 pkgs (1.62 MB), 3 (14.31 MB) cached
✔ Got scatterplot3d 0.3-44 (source) (475.70 kB)
✔ Got slam 0.1-55 (source) (55.02 kB)
✔ Got NLP 0.3-2 (source) (148.82 kB)
✔ Got Polychrome 1.5.4 (source) (621.50 kB)
✔ Got simona 1.8.0 (source) (971.58 kB)
✔ Got tm 0.7-17 (source) (322.14 kB)
✔ Got simplifyEnrichment 2.4.0 (source) (1.08 MB)
ℹ Building NLP 0.3-2
ℹ Building scatterplot3d 0.3-44
ℹ Building slam 0.1-55
✔ Built scatterplot3d 0.3-44 (947ms)
✔ Installed scatterplot3d 0.3-44  (143ms)
ℹ Building Polychrome 1.5.4
✔ Built NLP 0.3-2 (1.6s)
✔ Installed NLP 0.3-2  (1.1s)
✔ Built slam 0.1-55 (2.8s)
✔ Built Polychrome 1.5.4 (1.7s)
✔ Installed slam 0.1-55  (118ms)
✔ Installed Polychrome 1.5.4  (265ms)
ℹ Building simona 1.8.0
✔ Installed BH 1.90.0-1  (2m 54.8s)
ℹ Building tm 0.7-17
✔ Built simona 1.8.0 (2m 51.7s)
✖ Failed to build tm 0.7-17 (225ms)
  FAILED: ! error in pak subprocess
Caused by error in `stop_task_build(state, worker)`:
! Failed to build source package tm.
Full installation output:
ERROR: dependency ‘BH’ is not available for package ‘tm’
Perhaps try a variation of:
install.packages('BH')
* removing ‘/tmp/RtmpmzikIt/pkg-lib3fa1be266482fc/tm’
Installing simputation...
 
→ Will install 1 package.
→ Will download 1 CRAN package (50.96 kB).
+ simputation   0.2.9 [bld][dl] (50.96 kB)
✔ All system requirements are already installed.
  
ℹ Getting 1 pkg (50.96 kB)
✔ Got simputation 0.2.9 (source) (50.96 kB)
ℹ Building simputation 0.2.9
✔ Built simputation 0.2.9 (1s)
✔ Installed simputation 0.2.9  (173ms)
✔ 1 pkg + 99 deps: kept 98, added 1, dld 1 (50.96 kB) [4.6s]
Installing sinew...
 
→ Will install 2 packages.
→ Will download 2 CRAN packages (196.15 kB).
+ sinew   0.4.0 [bld][dl] (131.64 kB)
+ sos     2.1-8 [bld][dl] (64.52 kB)
✔ All system requirements are already installed.
  
ℹ Getting 2 pkgs (196.15 kB)
✔ Got sos 2.1-8 (source) (64.52 kB)
✔ Got sinew 0.4.0 (source) (131.64 kB)
ℹ Building sos 2.1-8
✔ Built sos 2.1-8 (1s)
✔ Installed sos 2.1-8  (155ms)
ℹ Building sinew 0.4.0
✔ Built sinew 0.4.0 (1.8s)
✔ Installed sinew 0.4.0  (246ms)
✔ 1 pkg + 17 deps: kept 16, added 2, dld 2 (196.15 kB) [5.1s]
Installing SingleCellExperiment...
 
  
ℹ No downloads are needed
✔ 1 pkg + 17 deps: kept 18 [925ms]
Installing SingleR...
 
→ Will install 2 packages.
→ All 2 packages (0 B) are cached.
+ BiocNeighbors   2.4.0  [bld][cmp]
+ SingleR         2.12.0 [bld][cmp]
  
ℹ No downloads are needed, 2 pkgs are cached
✔ Got SingleR 2.12.0 (source) (695.24 kB)
ℹ Building BiocNeighbors 2.4.0
✔ Built BiocNeighbors 2.4.0 (26.2s)
✔ Installed BiocNeighbors 2.4.0  (208ms)
ℹ Building SingleR 2.12.0
✔ Built SingleR 2.12.0 (37.1s)
✔ Installed SingleR 2.12.0  (215ms)
✔ 1 pkg + 30 deps: kept 28, added 2, dld 1 (695.24 kB) [1m 5.6s]
Installing singscore...
 
→ Will install 1 package.
→ The package (0 B) is cached.
+ singscore   1.30.0 [bld]
✔ All system requirements are already installed.
  
ℹ No downloads are needed, 1 pkg is cached
✔ Got singscore 1.30.0 (source) (3.13 MB)
ℹ Building singscore 1.30.0
✔ Built singscore 1.30.0 (13.5s)
✔ Installed singscore 1.30.0  (220ms)
✔ 1 pkg + 109 deps: kept 108, added 1, dld 1 (3.13 MB) [16.7s]
Installing sitmo...
 
  
ℹ No downloads are needed
✔ 1 pkg + 1 dep: kept 1 [797ms]
Installing skimr...
 
→ Will install 1 package.
→ Will download 1 CRAN package (1.07 MB).
+ skimr   2.2.1 [bld][dl] (1.07 MB)
✔ All system requirements are already installed.
  
ℹ Getting 1 pkg (1.07 MB)
✔ Got skimr 2.2.1 (source) (1.07 MB)
ℹ Building skimr 2.2.1
✔ Built skimr 2.2.1 (2s)
✔ Installed skimr 2.2.1  (226ms)
✔ 1 pkg + 30 deps: kept 30, added 1, dld 1 (1.07 MB) [4s]
Installing slam...
 
  
ℹ No downloads are needed
✔ 1 pkg: kept 1 [707ms]
Installing slider...
 
  
ℹ No downloads are needed
✔ 1 pkg + 6 deps: kept 7 [1.5s]
Installing slingshot...
 
→ Will install 2 packages.
→ All 2 packages (0 B) are cached.
+ slingshot         2.18.0 [bld]
+ TrajectoryUtils   1.18.0 [bld]
✔ All system requirements are already installed.
  
ℹ No downloads are needed, 2 pkgs are cached
✔ Got TrajectoryUtils 1.18.0 (source) (346.49 kB)
✔ Got slingshot 2.18.0 (source) (1.96 MB)
ℹ Building TrajectoryUtils 1.18.0
✔ Built TrajectoryUtils 1.18.0 (9.3s)
✔ Installed TrajectoryUtils 1.18.0  (1.1s)
ℹ Building slingshot 2.18.0
✔ Built slingshot 2.18.0 (11s)
✔ Installed slingshot 2.18.0  (199ms)
✔ 1 pkg + 29 deps: kept 27, added 2, dld 2 (2.31 MB) [23.9s]
Installing sm...
 
→ Will install 1 package.
→ Will download 1 CRAN package (258.04 kB).
+ sm   2.2-6.0 [bld][cmp][dl] (258.04 kB)
  
ℹ Getting 1 pkg (258.04 kB)
✔ Got sm 2.2-6.0 (source) (258.04 kB)
ℹ Building sm 2.2-6.0
✔ Built sm 2.2-6.0 (5s)
✔ Installed sm 2.2-6.0  (1.6s)
✔ 1 pkg: added 1, dld 1 (258.04 kB) [8.1s]
Installing smd...
 
→ Will install 1 package.
→ Will download 1 CRAN package (20.79 kB).
+ smd   0.8.0 [bld][dl] (20.79 kB)
  
ℹ Getting 1 pkg (20.79 kB)
✔ Got smd 0.8.0 (source) (20.79 kB)
ℹ Building smd 0.8.0
✔ Built smd 0.8.0 (876ms)
✔ Installed smd 0.8.0  (130ms)
✔ 1 pkg + 1 dep: kept 1, added 1, dld 1 (20.79 kB) [2.5s]
Installing sn...
 
  
ℹ No downloads are needed
✔ 1 pkg + 9 deps: kept 10 [827ms]
Installing sna...
 
  
ℹ No downloads are needed
✔ 1 pkg + 15 deps: kept 16 [846ms]
Installing snakecase...
 
✔ All system requirements are already installed.
  
ℹ No downloads are needed
✔ 1 pkg + 8 deps: kept 9 [781ms]
Installing snm...
 
→ Will install 1 package.
→ The package (0 B) is cached.
+ snm   1.58.0 [bld]
✔ All system requirements are already installed.
  
ℹ No downloads are needed, 1 pkg is cached
✔ Got snm 1.58.0 (source) (746.91 kB)
ℹ Building snm 1.58.0
✔ Built snm 1.58.0 (2.8s)
✔ Installed snm 1.58.0  (134ms)
✔ 1 pkg + 14 deps: kept 13, added 1, dld 1 (746.91 kB) [4.8s]
Installing snow...
 
  
ℹ No downloads are needed
✔ 1 pkg: kept 1 [676ms]
Installing SnowballC...
 
  
ℹ No downloads are needed
✔ 1 pkg: kept 1 [661ms]
Installing SNPRelate...
 
→ Will install 2 packages.
→ All 2 packages (0 B) are cached.
+ gdsfmt      1.46.0 [bld][cmp]
+ SNPRelate   1.44.0 [bld][cmp]
  
ℹ No downloads are needed, 2 pkgs are cached
✔ Got gdsfmt 1.46.0 (source) (2.93 MB)
✔ Got SNPRelate 1.44.0 (source) (3.48 MB)
ℹ Building gdsfmt 1.46.0
✔ Built gdsfmt 1.46.0 (2m 19.6s)
✔ Installed gdsfmt 1.46.0  (1.5s)
ℹ Building SNPRelate 1.44.0
✔ Built SNPRelate 1.44.0 (18s)
✔ Installed SNPRelate 1.44.0  (298ms)
✔ 1 pkg + 2 deps: kept 1, added 2, dld 2 (6.42 MB) [2m 41.5s]
Installing sodium...
 
✔ All system requirements are already installed.
  
ℹ No downloads are needed
✔ 1 pkg: kept 1 [1s]
Installing sofa...
 
→ Will install 1 package.
→ Will download 1 CRAN package (805.36 kB).
+ sofa   0.4.0 [bld][dl] (805.36 kB)
✔ All system requirements are already installed.
  
ℹ Getting 1 pkg (805.36 kB)
✔ Got sofa 0.4.0 (source) (805.36 kB)
ℹ Building sofa 0.4.0
✔ Built sofa 0.4.0 (1.7s)
✔ Installed sofa 0.4.0  (189ms)
✔ 1 pkg + 13 deps: kept 12, added 1, dld 1 (805.36 kB) [3.6s]
Installing som...
 
  
ℹ No downloads are needed
✔ 1 pkg: kept 1 [658ms]
Installing sortable...
 
→ Will install 1 package.
→ Will download 1 CRAN package (2.00 MB).
+ sortable   0.6.0 [bld][dl] (2.00 MB)
✔ All system requirements are already installed.
  
ℹ Getting 1 pkg (2.00 MB)
✔ Got sortable 0.6.0 (source) (2.00 MB)
ℹ Building sortable 0.6.0
✔ Built sortable 0.6.0 (1.6s)
✔ Installed sortable 0.6.0  (386ms)
✔ 1 pkg + 46 deps: kept 45, added 1, dld 1 (2.00 MB) [4.3s]
Installing sos...
 
  
ℹ No downloads are needed
✔ 1 pkg + 1 dep: kept 2 [719ms]
Installing SoupX...
 
→ Will install 5 packages.
→ Will download 1 CRAN package (4.96 MB), cached: 4 (17.30 MB).
+ BH       1.90.0-1 [bld]
+ dqrng    0.4.1    [bld][cmp]
+ Seurat   5.4.0    [bld][cmp]
+ SoupX    1.6.2    [bld][dl] (4.96 MB)
+ uwot     0.2.4    [bld][cmp]
✔ All system requirements are already installed.
  
ℹ Getting 1 pkg (4.96 MB), 4 (17.30 MB) cached
✔ Got SoupX 1.6.2 (source) (4.96 MB)
✔ Installed BH 1.90.0-1  (6m 50.5s)
ℹ Building dqrng 0.4.1
✖ Failed to build dqrng 0.4.1 (189ms)
  FAILED: ! error in pak subprocess
Caused by error in `stop_task_build(state, worker)`:
! Failed to build source package dqrng.
Full installation output:
ERROR: dependency ‘BH’ is not available for package ‘dqrng’
Perhaps try a variation of:
install.packages('BH')
* removing ‘/tmp/RtmpmzikIt/pkg-lib3fa1be743ad10b/dqrng’
Installing sourcetools...
 
  
ℹ No downloads are needed
✔ 1 pkg: kept 1 [1.3s]
Installing sp...
 
  
ℹ No downloads are needed
✔ 1 pkg + 1 dep: kept 2 [821ms]
Installing spacyr...
 
→ Will install 1 package.
→ Will download 1 CRAN package (63.09 kB).
+ spacyr   1.3.0 [bld][dl] (63.09 kB)
✔ All system requirements are already installed.
  
ℹ Getting 1 pkg (63.09 kB)
✔ Got spacyr 1.3.0 (source) (63.09 kB)
ℹ Building spacyr 1.3.0
✔ Built spacyr 1.3.0 (1.2s)
✔ Installed spacyr 1.3.0  (169ms)
✔ 1 pkg + 13 deps: kept 12, added 1, dld 1 (63.09 kB) [2.9s]
Installing spam...
 
  
ℹ No downloads are needed
✔ 1 pkg + 2 deps: kept 2 [911ms]
Installing sparkline...
 
→ Will install 1 package.
→ Will download 1 CRAN package (204.33 kB).
+ sparkline   2.0 [bld][dl] (204.33 kB)
✔ All system requirements are already installed.
  
ℹ Getting 1 pkg (204.33 kB)
✔ Got sparkline 2.0 (source) (204.33 kB)
ℹ Building sparkline 2.0
✔ Built sparkline 2.0 (862ms)
✔ Installed sparkline 2.0  (187ms)
✔ 1 pkg + 27 deps: kept 27, added 1, dld 1 (204.33 kB) [2.9s]
Installing sparklyr...
 
→ Will install 1 package.
→ Will download 1 CRAN package (3.32 MB).
+ sparklyr   1.9.3 [bld][dl] (3.32 MB)
✔ All system requirements are already installed.
  
ℹ Getting 1 pkg (3.32 MB)
✔ Got sparklyr 1.9.3 (source) (3.32 MB)
ℹ Building sparklyr 1.9.3
✔ Built sparklyr 1.9.3 (10.8s)
✔ Installed sparklyr 1.9.3  (285ms)
✔ 1 pkg + 36 deps: kept 36, added 1, dld 1 (3.32 MB) [13.2s]
Installing SparseArray...
 
  
ℹ No downloads are needed
✔ 1 pkg + 11 deps: kept 12 [974ms]
Installing sparsediscrim...
 
→ Will install 1 package.
→ Will download 1 CRAN package (146.77 kB).
+ sparsediscrim   0.3.0 [bld][dl] (146.77 kB)
  
ℹ Getting 1 pkg (146.77 kB)
✔ Got sparsediscrim 0.3.0 (source) (146.77 kB)
ℹ Building sparsediscrim 0.3.0
✔ Built sparsediscrim 0.3.0 (2.7s)
✔ Installed sparsediscrim 0.3.0  (1.1s)
✔ 1 pkg + 27 deps: kept 27, added 1, dld 1 (146.77 kB) [5.7s]
Installing SparseGrid...
 
  
ℹ No downloads are needed
✔ 1 pkg: kept 1 [865ms]
Installing SparseM...
 
  
ℹ No downloads are needed
✔ 1 pkg: kept 1 [810ms]
Installing sparseMatrixStats...
 
  
ℹ No downloads are needed
✔ 1 pkg + 5 deps: kept 5 [854ms]
Installing SpatialExperiment...
 
✔ All system requirements are already installed.
  
ℹ No downloads are needed
✔ 1 pkg + 56 deps: kept 56 [1.6s]
Installing spatialreg...
 
→ Will install 3 packages.
→ Will download 3 CRAN packages (9.93 MB).
+ spatialreg   1.4-2 [bld][cmp][dl] (1.42 MB)
+ spData       2.3.4 [bld][dl] (3.81 MB)
+ spdep        1.4-1 [bld][cmp][dl] (4.69 MB)
✖ Missing 1 system package. You'll probably need to install it manually:
+ libabsl-dev  - s2
ℹ Getting 3 pkgs (9.93 MB)
✔ Got spatialreg 1.4-2 (source) (1.42 MB)
✔ Got spdep 1.4-1 (source) (4.69 MB)
✔ Got spData 2.3.4 (source) (3.81 MB)
ℹ Building spData 2.3.4
✔ Built spData 2.3.4 (2s)
✔ Installed spData 2.3.4  (264ms)
ℹ Building spdep 1.4-1
✔ Built spdep 1.4-1 (8.9s)
✔ Installed spdep 1.4-1  (419ms)
ℹ Building spatialreg 1.4-2
✔ Built spatialreg 1.4-2 (8.3s)
✔ Installed spatialreg 1.4-2  (213ms)
✔ 1 pkg + 30 deps: kept 27, added 3, dld 3 (9.93 MB) [23.8s]
Installing spatstat...
 
→ Will install 3 packages.
→ Will download 3 CRAN packages (5.58 MB).
+ spatstat          3.5-0 [bld][dl] (4.42 MB)
+ spatstat.linnet   3.4-0 [bld][cmp][dl] (330.79 kB)
+ spatstat.model    3.5-0 [bld][cmp][dl] (830.49 kB)
  
ℹ Getting 3 pkgs (5.58 MB)
✔ Got spatstat.linnet 3.4-0 (source) (330.79 kB)
✔ Got spatstat.model 3.5-0 (source) (830.49 kB)
✔ Got spatstat 3.5-0 (source) (4.42 MB)
ℹ Building spatstat.model 3.5-0
✔ Built spatstat.model 3.5-0 (14.3s)
✔ Installed spatstat.model 3.5-0  (172ms)
ℹ Building spatstat.linnet 3.4-0
✔ Built spatstat.linnet 3.4-0 (9s)
✔ Installed spatstat.linnet 3.4-0  (156ms)
ℹ Building spatstat 3.5-0
✔ Built spatstat 3.5-0 (2.9s)
✔ Installed spatstat 3.5-0  (302ms)
✔ 1 pkg + 19 deps: kept 17, added 3, dld 3 (5.58 MB) [29.7s]
Installing spatstat.data...
 
  
ℹ No downloads are needed
✔ 1 pkg + 3 deps: kept 4 [850ms]
Installing spatstat.explore...
 
  
ℹ No downloads are needed
✔ 1 pkg + 14 deps: kept 15 [898ms]
Installing spatstat.geom...
 
  
ℹ No downloads are needed
✔ 1 pkg + 7 deps: kept 8 [832ms]
Installing spatstat.linnet...
 
  
ℹ No downloads are needed
✔ 1 pkg + 18 deps: kept 19 [1.1s]
Installing spatstat.model...
 
  
ℹ No downloads are needed
✔ 1 pkg + 17 deps: kept 18 [951ms]
Installing spatstat.random...
 
  
ℹ No downloads are needed
✔ 1 pkg + 8 deps: kept 9 [844ms]
Installing spatstat.sparse...
 
  
ℹ No downloads are needed
✔ 1 pkg + 5 deps: kept 6 [809ms]
Installing spatstat.univar...
 
  
ℹ No downloads are needed
✔ 1 pkg + 1 dep: kept 2 [852ms]
Installing spatstat.utils...
 
  
ℹ No downloads are needed
✔ 1 pkg: kept 1 [814ms]
Installing spData...
 
  
ℹ No downloads are needed
✔ 1 pkg + 2 deps: kept 3 [780ms]
Installing spdep...
 
✖ Missing 1 system package. You'll probably need to install it manually:
+ libabsl-dev  - s2
ℹ No downloads are needed
✔ 1 pkg + 18 deps: kept 18 [980ms]
Installing speckle...
 
→ Will install 5 packages.
→ All 5 packages (17.30 MB) are cached.
+ BH        1.90.0-1 [bld]
+ dqrng     0.4.1    [bld][cmp]
+ Seurat    5.4.0    [bld][cmp]
+ speckle   1.10.0   [bld]
+ uwot      0.2.4    [bld][cmp]
✔ All system requirements are already installed.
  
ℹ No downloads are needed, 5 pkgs (17.30 MB) are cached
✔ Got speckle 1.10.0 (source) (1.42 MB)
✔ Installed BH 1.90.0-1  (1m 39.2s)
ℹ Building dqrng 0.4.1
✔ Built dqrng 0.4.1 (9.3s)
✔ Installed dqrng 0.4.1  (1.4s)
ℹ Building uwot 0.2.4
✔ Built uwot 0.2.4 (42.5s)
✔ Installed uwot 0.2.4  (456ms)
ℹ Building Seurat 5.4.0
✔ Built Seurat 5.4.0 (49.6s)
✔ Installed Seurat 5.4.0  (286ms)
ℹ Building speckle 1.10.0
✔ Built speckle 1.10.0 (15.9s)
✔ Installed speckle 1.10.0  (185ms)
✔ 1 pkg + 157 deps: kept 152, added 5, dld 1 (1.42 MB) [3m 42.8s]
Installing speedglm...
 
→ Will install 1 package.
→ Will download 1 CRAN package (32.37 kB).
+ speedglm   0.3-5 [bld][dl] (32.37 kB)
  
ℹ Getting 1 pkg (32.37 kB)
✔ Got speedglm 0.3-5 (source) (32.37 kB)
ℹ Building speedglm 0.3-5
✔ Built speedglm 0.3-5 (2.7s)
✔ Installed speedglm 0.3-5  (1.2s)
✔ 1 pkg + 5 deps: kept 5, added 1, dld 1 (32.37 kB) [5.7s]
Installing spelling...
 
→ Will install 1 package.
→ Will download 1 CRAN package (11.80 kB).
+ spelling   2.3.2 [bld][dl] (11.80 kB)
✔ All system requirements are already installed.
  
ℹ Getting 1 pkg (11.80 kB)
✔ Got spelling 2.3.2 (source) (11.80 kB)
ℹ Building spelling 2.3.2
✔ Built spelling 2.3.2 (736ms)
✔ Installed spelling 2.3.2  (138ms)
✔ 1 pkg + 12 deps: kept 11, added 1, dld 1 (11.80 kB) [2.2s]
Installing splines2...
 
→ Will install 1 package.
→ Will download 1 CRAN package (933.59 kB).
+ splines2   0.5.4 [bld][cmp][dl] (933.59 kB)
  
ℹ Getting 1 pkg (933.59 kB)
✔ Got splines2 0.5.4 (source) (933.59 kB)
ℹ Building splines2 0.5.4
✔ Built splines2 0.5.4 (15.1s)
✔ Installed splines2 0.5.4  (427ms)
✔ 1 pkg + 2 deps: kept 1, added 1, dld 1 (933.59 kB) [17.2s]
Installing splitstackshape...
 
  
ℹ No downloads are needed
✔ 1 pkg + 1 dep: kept 2 [817ms]
Installing spls...
 
→ Will install 1 package.
→ Will download 1 CRAN package (2.44 MB).
+ spls   2.3-2 [bld][dl] (2.44 MB)
  
ℹ Getting 1 pkg (2.44 MB)
✔ Got spls 2.3-2 (source) (2.44 MB)
ℹ Building spls 2.3-2
✔ Built spls 2.3-2 (1.4s)
✔ Installed spls 2.3-2  (186ms)
✔ 1 pkg + 3 deps: kept 3, added 1, dld 1 (2.44 MB) [3.3s]
